{"numFailedTestSuites":0,"numFailedTests":0,"numPassedTestSuites":3,"numPassedTests":79,"numPendingTestSuites":0,"numPendingTests":0,"numRuntimeErrorTestSuites":0,"numTodoTests":0,"numTotalTestSuites":3,"numTotalTests":79,"openHandles":[],"snapshot":{"added":0,"didUpdate":false,"failure":false,"filesAdded":0,"filesRemoved":0,"filesRemovedList":[],"filesUnmatched":0,"filesUpdated":0,"matched":0,"total":0,"unchecked":0,"uncheckedKeysByFile":[],"unmatched":0,"updated":0},"startTime":1649096909837,"success":true,"testResults":[{"assertionResults":[{"ancestorTitles":["Sample Test"],"failureMessages":[],"fullName":"Sample Test App is defined","location":null,"status":"passed","title":"App is defined"},{"ancestorTitles":["Sample Test"],"failureMessages":[],"fullName":"Sample Test Get newest four demands","location":null,"status":"passed","title":"Get newest four demands"},{"ancestorTitles":["Sample Test"],"failureMessages":[],"fullName":"Sample Test Post category","location":null,"status":"passed","title":"Post category"},{"ancestorTitles":["Sample Test"],"failureMessages":[],"fullName":"Sample Test Post category 2","location":null,"status":"passed","title":"Post category 2"},{"ancestorTitles":["Sample Test"],"failureMessages":[],"fullName":"Sample Test Post category error","location":null,"status":"passed","title":"Post category error"},{"ancestorTitles":["Sample Test"],"failureMessages":[],"fullName":"Sample Test Get category","location":null,"status":"passed","title":"Get category"},{"ancestorTitles":["Sample Test"],"failureMessages":[],"fullName":"Sample Test Get id category","location":null,"status":"passed","title":"Get id category"},{"ancestorTitles":["Sample Test"],"failureMessages":[],"fullName":"Sample Test Get id category error","location":null,"status":"passed","title":"Get id category error"},{"ancestorTitles":["Sample Test"],"failureMessages":[],"fullName":"Sample Test Update category","location":null,"status":"passed","title":"Update category"},{"ancestorTitles":["Sample Test"],"failureMessages":[],"fullName":"Sample Test Update category error","location":null,"status":"passed","title":"Update category error"},{"ancestorTitles":["Sample Test"],"failureMessages":[],"fullName":"Sample Test Update with invalid id","location":null,"status":"passed","title":"Update with invalid id"},{"ancestorTitles":["Sample Test"],"failureMessages":[],"fullName":"Sample Test Update category without token","location":null,"status":"passed","title":"Update category without token"},{"ancestorTitles":["Sample Test"],"failureMessages":[],"fullName":"Sample Test Update category with invalid token","location":null,"status":"passed","title":"Update category with invalid token"},{"ancestorTitles":["Sample Test"],"failureMessages":[],"fullName":"Sample Test Post demand","location":null,"status":"passed","title":"Post demand"},{"ancestorTitles":["Sample Test"],"failureMessages":[],"fullName":"Sample Test Post closed demand","location":null,"status":"passed","title":"Post closed demand"},{"ancestorTitles":["Sample Test"],"failureMessages":[],"fullName":"Sample Test Post demand error","location":null,"status":"passed","title":"Post demand error"},{"ancestorTitles":["Sample Test"],"failureMessages":[],"fullName":"Sample Test Get demand","location":null,"status":"passed","title":"Get demand"},{"ancestorTitles":["Sample Test"],"failureMessages":[],"fullName":"Sample Test Get demand","location":null,"status":"passed","title":"Get demand"},{"ancestorTitles":["Sample Test"],"failureMessages":[],"fullName":"Sample Test Get id demand","location":null,"status":"passed","title":"Get id demand"},{"ancestorTitles":["Sample Test"],"failureMessages":[],"fullName":"Sample Test Get id demand error","location":null,"status":"passed","title":"Get id demand error"},{"ancestorTitles":["Sample Test"],"failureMessages":[],"fullName":"Sample Test Close/Open demand","location":null,"status":"passed","title":"Close/Open demand"},{"ancestorTitles":["Sample Test"],"failureMessages":[],"fullName":"Sample Test Get closed demand","location":null,"status":"passed","title":"Get closed demand"},{"ancestorTitles":["Sample Test"],"failureMessages":[],"fullName":"Sample Test Close/Open demand","location":null,"status":"passed","title":"Close/Open demand"},{"ancestorTitles":["Sample Test"],"failureMessages":[],"fullName":"Sample Test toggle demand error","location":null,"status":"passed","title":"toggle demand error"},{"ancestorTitles":["Sample Test"],"failureMessages":[],"fullName":"Sample Test Get category statistics","location":null,"status":"passed","title":"Get category statistics"},{"ancestorTitles":["Sample Test"],"failureMessages":[],"fullName":"Sample Test Get sector statistics","location":null,"status":"passed","title":"Get sector statistics"},{"ancestorTitles":["Sample Test"],"failureMessages":[],"fullName":"Sample Test Get category statistics filtered by category","location":null,"status":"passed","title":"Get category statistics filtered by category"},{"ancestorTitles":["Sample Test"],"failureMessages":[],"fullName":"Sample Test Get category statistics filtered by category and sector","location":null,"status":"passed","title":"Get category statistics filtered by category and sector"},{"ancestorTitles":["Sample Test"],"failureMessages":[],"fullName":"Sample Test Get sector statistics filtered by category","location":null,"status":"passed","title":"Get sector statistics filtered by category"},{"ancestorTitles":["Sample Test"],"failureMessages":[],"fullName":"Sample Test Update demand error name","location":null,"status":"passed","title":"Update demand error name"},{"ancestorTitles":["Sample Test"],"failureMessages":[],"fullName":"Sample Test Update demand error description","location":null,"status":"passed","title":"Update demand error description"},{"ancestorTitles":["Sample Test"],"failureMessages":[],"fullName":"Sample Test Update demand error category","location":null,"status":"passed","title":"Update demand error category"},{"ancestorTitles":["Sample Test"],"failureMessages":[],"fullName":"Sample Test Update demand error sector","location":null,"status":"passed","title":"Update demand error sector"},{"ancestorTitles":["Sample Test"],"failureMessages":[],"fullName":"Sample Test Update demand error client","location":null,"status":"passed","title":"Update demand error client"},{"ancestorTitles":["Sample Test"],"failureMessages":[],"fullName":"Sample Test Update demand error user","location":null,"status":"passed","title":"Update demand error user"},{"ancestorTitles":["Sample Test"],"failureMessages":[],"fullName":"Sample Test Update with invalid id","location":null,"status":"passed","title":"Update with invalid id"},{"ancestorTitles":["Sample Test"],"failureMessages":[],"fullName":"Sample Test Update demand without token","location":null,"status":"passed","title":"Update demand without token"},{"ancestorTitles":["Sample Test"],"failureMessages":[],"fullName":"Sample Test Update demand with invalid token","location":null,"status":"passed","title":"Update demand with invalid token"},{"ancestorTitles":["Sample Test"],"failureMessages":[],"fullName":"Sample Test Update Demand Sector error","location":null,"status":"passed","title":"Update Demand Sector error"},{"ancestorTitles":["Sample Test"],"failureMessages":[],"fullName":"Sample Test Update Demand Sector ID error","location":null,"status":"passed","title":"Update Demand Sector ID error"},{"ancestorTitles":["Sample Test"],"failureMessages":[],"fullName":"Sample Test Forward Demand error","location":null,"status":"passed","title":"Forward Demand error"},{"ancestorTitles":["Sample Test"],"failureMessages":[],"fullName":"Sample Test Forward Demand ID error","location":null,"status":"passed","title":"Forward Demand ID error"},{"ancestorTitles":["Sample Test"],"failureMessages":[],"fullName":"Sample Test Create Demand Update userName error","location":null,"status":"passed","title":"Create Demand Update userName error"},{"ancestorTitles":["Sample Test"],"failureMessages":[],"fullName":"Sample Test Create Demand Update description error","location":null,"status":"passed","title":"Create Demand Update description error"},{"ancestorTitles":["Sample Test"],"failureMessages":[],"fullName":"Sample Test Create Demand Update visibilityRestriction error","location":null,"status":"passed","title":"Create Demand Update visibilityRestriction error"},{"ancestorTitles":["Sample Test"],"failureMessages":[],"fullName":"Sample Test Create Demand Update sectorID error","location":null,"status":"passed","title":"Create Demand Update sectorID error"},{"ancestorTitles":["Sample Test"],"failureMessages":[],"fullName":"Sample Test Create Demand Update ID error","location":null,"status":"passed","title":"Create Demand Update ID error"},{"ancestorTitles":["Sample Test"],"failureMessages":[],"fullName":"Sample Test Create Demand Update userID error","location":null,"status":"passed","title":"Create Demand Update userID error"},{"ancestorTitles":["Sample Test"],"failureMessages":[],"fullName":"Sample Test Create Demand Update important error","location":null,"status":"passed","title":"Create Demand Update important error"},{"ancestorTitles":["Sample Test"],"failureMessages":[],"fullName":"Sample Test Update Demand Update userName error","location":null,"status":"passed","title":"Update Demand Update userName error"},{"ancestorTitles":["Sample Test"],"failureMessages":[],"fullName":"Sample Test Update Demand Update description error","location":null,"status":"passed","title":"Update Demand Update description error"},{"ancestorTitles":["Sample Test"],"failureMessages":[],"fullName":"Sample Test Update Demand Update visibilityRestriction error","location":null,"status":"passed","title":"Update Demand Update visibilityRestriction error"},{"ancestorTitles":["Sample Test"],"failureMessages":[],"fullName":"Sample Test Update Demand Update sectorID error","location":null,"status":"passed","title":"Update Demand Update sectorID error"},{"ancestorTitles":["Sample Test"],"failureMessages":[],"fullName":"Sample Test Update Demand Update ID error","location":null,"status":"passed","title":"Update Demand Update ID error"},{"ancestorTitles":["Sample Test"],"failureMessages":[],"fullName":"Sample Test Update Demand Update userID error","location":null,"status":"passed","title":"Update Demand Update userID error"},{"ancestorTitles":["Sample Test"],"failureMessages":[],"fullName":"Sample Test Update Demand Update important error","location":null,"status":"passed","title":"Update Demand Update important error"},{"ancestorTitles":["Sample Test"],"failureMessages":[],"fullName":"Sample Test Delete Demand Update Error","location":null,"status":"passed","title":"Delete Demand Update Error"},{"ancestorTitles":["Sample Test"],"failureMessages":[],"fullName":"Sample Test Delete category","location":null,"status":"passed","title":"Delete category"},{"ancestorTitles":["Sample Test"],"failureMessages":[],"fullName":"Sample Test Delete category error","location":null,"status":"passed","title":"Delete category error"},{"ancestorTitles":["Sample Test"],"failureMessages":[],"fullName":"Sample Test Return demands with clients names","location":null,"status":"passed","title":"Return demands with clients names"},{"ancestorTitles":["Sample Test"],"failureMessages":[],"fullName":"Sample Test Get demand history","location":null,"status":"passed","title":"Get demand history"},{"ancestorTitles":["Sample Test"],"failureMessages":[],"fullName":"Sample Test Get demand history error","location":null,"status":"passed","title":"Get demand history error"},{"ancestorTitles":["Sample Test"],"failureMessages":[],"fullName":"Sample Test Post alert","location":null,"status":"passed","title":"Post alert"},{"ancestorTitles":["Sample Test"],"failureMessages":[],"fullName":"Sample Test Post alert validation error","location":null,"status":"passed","title":"Post alert validation error"},{"ancestorTitles":["Sample Test"],"failureMessages":[],"fullName":"Sample Test Get alerts","location":null,"status":"passed","title":"Get alerts"},{"ancestorTitles":["Sample Test"],"failureMessages":[],"fullName":"Sample Test Get alerts by demand","location":null,"status":"passed","title":"Get alerts by demand"},{"ancestorTitles":["Sample Test"],"failureMessages":[],"fullName":"Sample Test Get alerts by sector","location":null,"status":"passed","title":"Get alerts by sector"},{"ancestorTitles":["Sample Test"],"failureMessages":[],"fullName":"Sample Test Update alert","location":null,"status":"passed","title":"Update alert"},{"ancestorTitles":["Sample Test"],"failureMessages":[],"fullName":"Sample Test Update alert error","location":null,"status":"passed","title":"Update alert error"},{"ancestorTitles":["Sample Test"],"failureMessages":[],"fullName":"Sample Test Update alert with invalid id","location":null,"status":"passed","title":"Update alert with invalid id"},{"ancestorTitles":["Sample Test"],"failureMessages":[],"fullName":"Sample Test Update alert without token","location":null,"status":"passed","title":"Update alert without token"},{"ancestorTitles":["Sample Test"],"failureMessages":[],"fullName":"Sample Test Update alert with invalid token","location":null,"status":"passed","title":"Update alert with invalid token"},{"ancestorTitles":["Sample Test"],"failureMessages":[],"fullName":"Sample Test Delete alert","location":null,"status":"passed","title":"Delete alert"},{"ancestorTitles":["Sample Test"],"failureMessages":[],"fullName":"Sample Test Delete alert error","location":null,"status":"passed","title":"Delete alert error"}],"endTime":1649096914267,"message":"","name":"/code/tests/api.test.js","startTime":1649096910369,"status":"passed","summary":""},{"assertionResults":[{"ancestorTitles":[],"failureMessages":[],"fullName":"Should create demand email","location":null,"status":"passed","title":"Should create demand email"},{"ancestorTitles":[],"failureMessages":[],"fullName":"Should create demand alert","location":null,"status":"passed","title":"Should create demand alert"},{"ancestorTitles":[],"failureMessages":[],"fullName":"Should build history","location":null,"status":"passed","title":"Should build history"}],"endTime":1649096914592,"message":"","name":"/code/tests/utils.test.js","startTime":1649096914330,"status":"passed","summary":""},{"assertionResults":[{"ancestorTitles":[],"failureMessages":[],"fullName":"Should get clients","location":null,"status":"passed","title":"Should get clients"},{"ancestorTitles":[],"failureMessages":[],"fullName":"Should get user","location":null,"status":"passed","title":"Should get user"}],"endTime":1649096914699,"message":"","name":"/code/tests/services.test.js","startTime":1649096914624,"status":"passed","summary":""}],"wasInterrupted":false,"coverageMap":{"/code/src/index.js":{"path":"/code/src/index.js","statementMap":{"0":{"start":{"line":1,"column":16},"end":{"line":1,"column":34}},"1":{"start":{"line":2,"column":17},"end":{"line":2,"column":36}},"2":{"start":{"line":3,"column":13},"end":{"line":3,"column":28}},"3":{"start":{"line":4,"column":15},"end":{"line":4,"column":41}},"4":{"start":{"line":5,"column":0},"end":{"line":5,"column":27}},"5":{"start":{"line":13,"column":4},"end":{"line":13,"column":15}},"6":{"start":{"line":15,"column":12},"end":{"line":15,"column":67}},"7":{"start":{"line":17,"column":0},"end":{"line":23,"column":5}},"8":{"start":{"line":19,"column":4},"end":{"line":19,"column":40}},"9":{"start":{"line":22,"column":4},"end":{"line":22,"column":55}},"10":{"start":{"line":25,"column":12},"end":{"line":25,"column":21}},"11":{"start":{"line":26,"column":0},"end":{"line":26,"column":16}},"12":{"start":{"line":27,"column":0},"end":{"line":27,"column":24}},"13":{"start":{"line":28,"column":0},"end":{"line":28,"column":16}},"14":{"start":{"line":30,"column":0},"end":{"line":32,"column":3}},"15":{"start":{"line":31,"column":2},"end":{"line":31,"column":48}},"16":{"start":{"line":34,"column":0},"end":{"line":34,"column":21}}},"fnMap":{"0":{"name":"(anonymous_0)","decl":{"start":{"line":18,"column":8},"end":{"line":18,"column":9}},"loc":{"start":{"line":18,"column":14},"end":{"line":20,"column":3}},"line":18},"1":{"name":"(anonymous_1)","decl":{"start":{"line":21,"column":9},"end":{"line":21,"column":10}},"loc":{"start":{"line":21,"column":18},"end":{"line":23,"column":3}},"line":21},"2":{"name":"(anonymous_2)","decl":{"start":{"line":30,"column":17},"end":{"line":30,"column":18}},"loc":{"start":{"line":30,"column":23},"end":{"line":32,"column":1}},"line":30}},"branchMap":{},"s":{"0":1,"1":1,"2":1,"3":1,"4":1,"5":1,"6":1,"7":1,"8":1,"9":0,"10":1,"11":1,"12":1,"13":1,"14":1,"15":1,"16":1},"f":{"0":1,"1":0,"2":1},"b":{},"_coverageSchema":"1a1c01bbd47fc00a2c39e90264f33305004495a9","hash":"af8a5cea1964eed05cd3cf6bf7624c29518434e2"},"/code/src/Routes/routes.js":{"path":"/code/src/Routes/routes.js","statementMap":{"0":{"start":{"line":1,"column":16},"end":{"line":1,"column":34}},"1":{"start":{"line":2,"column":29},"end":{"line":2,"column":59}},"2":{"start":{"line":3,"column":26},"end":{"line":3,"column":53}},"3":{"start":{"line":4,"column":25},"end":{"line":4,"column":51}},"4":{"start":{"line":6,"column":15},"end":{"line":6,"column":31}},"5":{"start":{"line":8,"column":0},"end":{"line":8,"column":25}},"6":{"start":{"line":9,"column":0},"end":{"line":9,"column":22}},"7":{"start":{"line":10,"column":0},"end":{"line":10,"column":21}},"8":{"start":{"line":12,"column":0},"end":{"line":12,"column":24}}},"fnMap":{},"branchMap":{},"s":{"0":1,"1":1,"2":1,"3":1,"4":1,"5":1,"6":1,"7":1,"8":1},"f":{},"b":{},"_coverageSchema":"1a1c01bbd47fc00a2c39e90264f33305004495a9","hash":"73a078d8cc6c8748e763545a73a0ff6ebbd4c944"},"/code/src/Routes/categories.routes.js":{"path":"/code/src/Routes/categories.routes.js","statementMap":{"0":{"start":{"line":1,"column":27},"end":{"line":1,"column":71}},"1":{"start":{"line":2,"column":22},"end":{"line":2,"column":54}},"2":{"start":{"line":4,"column":25},"end":{"line":10,"column":1}},"3":{"start":{"line":5,"column":2},"end":{"line":5,"column":69}},"4":{"start":{"line":6,"column":2},"end":{"line":6,"column":72}},"5":{"start":{"line":7,"column":2},"end":{"line":7,"column":80}},"6":{"start":{"line":8,"column":2},"end":{"line":8,"column":83}},"7":{"start":{"line":9,"column":2},"end":{"line":9,"column":86}},"8":{"start":{"line":12,"column":0},"end":{"line":12,"column":38}}},"fnMap":{"0":{"name":"(anonymous_0)","decl":{"start":{"line":4,"column":25},"end":{"line":4,"column":26}},"loc":{"start":{"line":4,"column":37},"end":{"line":10,"column":1}},"line":4}},"branchMap":{},"s":{"0":1,"1":1,"2":1,"3":1,"4":1,"5":1,"6":1,"7":1,"8":1},"f":{"0":1},"b":{},"_coverageSchema":"1a1c01bbd47fc00a2c39e90264f33305004495a9","hash":"9829bc31c885b65115f142f9eee27d587cbc8dcb"},"/code/src/Controllers/CategoryController.js":{"path":"/code/src/Controllers/CategoryController.js","statementMap":{"0":{"start":{"line":1,"column":15},"end":{"line":1,"column":41}},"1":{"start":{"line":2,"column":17},"end":{"line":2,"column":52}},"2":{"start":{"line":3,"column":19},"end":{"line":3,"column":47}},"3":{"start":{"line":5,"column":20},"end":{"line":9,"column":1}},"4":{"start":{"line":6,"column":21},"end":{"line":6,"column":42}},"5":{"start":{"line":8,"column":2},"end":{"line":8,"column":30}},"6":{"start":{"line":11,"column":23},"end":{"line":35,"column":1}},"7":{"start":{"line":12,"column":39},"end":{"line":12,"column":47}},"8":{"start":{"line":14,"column":22},"end":{"line":14,"column":75}},"9":{"start":{"line":16,"column":2},"end":{"line":18,"column":3}},"10":{"start":{"line":17,"column":4},"end":{"line":17,"column":57}},"11":{"start":{"line":20,"column":25},"end":{"line":20,"column":72}},"12":{"start":{"line":22,"column":2},"end":{"line":24,"column":3}},"13":{"start":{"line":23,"column":4},"end":{"line":23,"column":77}},"14":{"start":{"line":26,"column":22},"end":{"line":32,"column":4}},"15":{"start":{"line":34,"column":2},"end":{"line":34,"column":31}},"16":{"start":{"line":37,"column":23},"end":{"line":58,"column":1}},"17":{"start":{"line":38,"column":17},"end":{"line":38,"column":27}},"18":{"start":{"line":39,"column":39},"end":{"line":39,"column":47}},"19":{"start":{"line":41,"column":22},"end":{"line":41,"column":75}},"20":{"start":{"line":43,"column":2},"end":{"line":45,"column":3}},"21":{"start":{"line":44,"column":4},"end":{"line":44,"column":57}},"22":{"start":{"line":47,"column":2},"end":{"line":57,"column":3}},"23":{"start":{"line":48,"column":25},"end":{"line":53,"column":37}},"24":{"start":{"line":53,"column":32},"end":{"line":53,"column":36}},"25":{"start":{"line":54,"column":4},"end":{"line":54,"column":34}},"26":{"start":{"line":56,"column":4},"end":{"line":56,"column":55}},"27":{"start":{"line":60,"column":23},"end":{"line":70,"column":1}},"28":{"start":{"line":61,"column":17},"end":{"line":61,"column":27}},"29":{"start":{"line":63,"column":2},"end":{"line":69,"column":3}},"30":{"start":{"line":64,"column":4},"end":{"line":64,"column":42}},"31":{"start":{"line":66,"column":4},"end":{"line":66,"column":44}},"32":{"start":{"line":68,"column":4},"end":{"line":68,"column":56}},"33":{"start":{"line":72,"column":19},"end":{"line":81,"column":1}},"34":{"start":{"line":73,"column":17},"end":{"line":73,"column":27}},"35":{"start":{"line":75,"column":2},"end":{"line":80,"column":3}},"36":{"start":{"line":76,"column":21},"end":{"line":76,"column":56}},"37":{"start":{"line":77,"column":4},"end":{"line":77,"column":42}},"38":{"start":{"line":79,"column":4},"end":{"line":79,"column":55}},"39":{"start":{"line":83,"column":0},"end":{"line":85,"column":2}}},"fnMap":{"0":{"name":"(anonymous_0)","decl":{"start":{"line":5,"column":20},"end":{"line":5,"column":21}},"loc":{"start":{"line":5,"column":40},"end":{"line":9,"column":1}},"line":5},"1":{"name":"(anonymous_1)","decl":{"start":{"line":11,"column":23},"end":{"line":11,"column":24}},"loc":{"start":{"line":11,"column":43},"end":{"line":35,"column":1}},"line":11},"2":{"name":"(anonymous_2)","decl":{"start":{"line":37,"column":23},"end":{"line":37,"column":24}},"loc":{"start":{"line":37,"column":43},"end":{"line":58,"column":1}},"line":37},"3":{"name":"(anonymous_3)","decl":{"start":{"line":53,"column":22},"end":{"line":53,"column":23}},"loc":{"start":{"line":53,"column":32},"end":{"line":53,"column":36}},"line":53},"4":{"name":"(anonymous_4)","decl":{"start":{"line":60,"column":23},"end":{"line":60,"column":24}},"loc":{"start":{"line":60,"column":43},"end":{"line":70,"column":1}},"line":60},"5":{"name":"(anonymous_5)","decl":{"start":{"line":72,"column":19},"end":{"line":72,"column":20}},"loc":{"start":{"line":72,"column":39},"end":{"line":81,"column":1}},"line":72}},"branchMap":{"0":{"loc":{"start":{"line":16,"column":2},"end":{"line":18,"column":3}},"type":"if","locations":[{"start":{"line":16,"column":2},"end":{"line":18,"column":3}},{"start":{},"end":{}}],"line":16},"1":{"loc":{"start":{"line":22,"column":2},"end":{"line":24,"column":3}},"type":"if","locations":[{"start":{"line":22,"column":2},"end":{"line":24,"column":3}},{"start":{},"end":{}}],"line":22},"2":{"loc":{"start":{"line":43,"column":2},"end":{"line":45,"column":3}},"type":"if","locations":[{"start":{"line":43,"column":2},"end":{"line":45,"column":3}},{"start":{},"end":{}}],"line":43}},"s":{"0":1,"1":1,"2":1,"3":1,"4":1,"5":1,"6":1,"7":6,"8":6,"9":6,"10":1,"11":5,"12":5,"13":2,"14":3,"15":3,"16":1,"17":3,"18":3,"19":3,"20":3,"21":1,"22":2,"23":2,"24":2,"25":1,"26":1,"27":1,"28":2,"29":2,"30":2,"31":1,"32":1,"33":1,"34":2,"35":2,"36":2,"37":1,"38":1,"39":1},"f":{"0":1,"1":6,"2":3,"3":2,"4":2,"5":2},"b":{"0":[1,5],"1":[2,3],"2":[1,2]},"_coverageSchema":"1a1c01bbd47fc00a2c39e90264f33305004495a9","hash":"73b3127279d0d3ebfb1c89bf2959163cf0601faf"},"/code/src/Models/CategorySchema.js":{"path":"/code/src/Models/CategorySchema.js","statementMap":{"0":{"start":{"line":1,"column":17},"end":{"line":1,"column":36}},"1":{"start":{"line":3,"column":23},"end":{"line":24,"column":2}},"2":{"start":{"line":26,"column":0},"end":{"line":26,"column":60}}},"fnMap":{},"branchMap":{},"s":{"0":1,"1":1,"2":1},"f":{},"b":{},"_coverageSchema":"1a1c01bbd47fc00a2c39e90264f33305004495a9","hash":"12ffdea0f4cf109be8d2dbeafb14aec82aa96c8c"},"/code/src/Utils/validate.js":{"path":"/code/src/Utils/validate.js","statementMap":{"0":{"start":{"line":1,"column":21},"end":{"line":4,"column":1}},"1":{"start":{"line":2,"column":16},"end":{"line":2,"column":32}},"2":{"start":{"line":3,"column":2},"end":{"line":3,"column":26}},"3":{"start":{"line":6,"column":26},"end":{"line":9,"column":1}},"4":{"start":{"line":7,"column":16},"end":{"line":7,"column":32}},"5":{"start":{"line":8,"column":2},"end":{"line":8,"column":31}},"6":{"start":{"line":11,"column":25},"end":{"line":17,"column":1}},"7":{"start":{"line":12,"column":17},"end":{"line":12,"column":19}},"8":{"start":{"line":13,"column":2},"end":{"line":15,"column":3}},"9":{"start":{"line":14,"column":4},"end":{"line":14,"column":36}},"10":{"start":{"line":16,"column":2},"end":{"line":16,"column":16}},"11":{"start":{"line":19,"column":25},"end":{"line":31,"column":1}},"12":{"start":{"line":20,"column":17},"end":{"line":20,"column":19}},"13":{"start":{"line":22,"column":2},"end":{"line":24,"column":3}},"14":{"start":{"line":23,"column":4},"end":{"line":23,"column":32}},"15":{"start":{"line":24,"column":4},"end":{"line":26,"column":3}},"16":{"start":{"line":25,"column":4},"end":{"line":25,"column":39}},"17":{"start":{"line":26,"column":4},"end":{"line":28,"column":3}},"18":{"start":{"line":27,"column":4},"end":{"line":27,"column":33}},"19":{"start":{"line":30,"column":2},"end":{"line":30,"column":16}},"20":{"start":{"line":33,"column":22},"end":{"line":49,"column":1}},"21":{"start":{"line":34,"column":17},"end":{"line":34,"column":19}},"22":{"start":{"line":36,"column":2},"end":{"line":38,"column":3}},"23":{"start":{"line":37,"column":4},"end":{"line":37,"column":32}},"24":{"start":{"line":38,"column":4},"end":{"line":40,"column":3}},"25":{"start":{"line":39,"column":4},"end":{"line":39,"column":39}},"26":{"start":{"line":40,"column":4},"end":{"line":42,"column":3}},"27":{"start":{"line":41,"column":4},"end":{"line":41,"column":32}},"28":{"start":{"line":42,"column":4},"end":{"line":44,"column":3}},"29":{"start":{"line":43,"column":4},"end":{"line":43,"column":36}},"30":{"start":{"line":44,"column":4},"end":{"line":46,"column":3}},"31":{"start":{"line":45,"column":4},"end":{"line":45,"column":36}},"32":{"start":{"line":48,"column":2},"end":{"line":48,"column":16}},"33":{"start":{"line":51,"column":23},"end":{"line":71,"column":1}},"34":{"start":{"line":54,"column":17},"end":{"line":54,"column":19}},"35":{"start":{"line":56,"column":2},"end":{"line":58,"column":3}},"36":{"start":{"line":57,"column":4},"end":{"line":57,"column":32}},"37":{"start":{"line":58,"column":4},"end":{"line":60,"column":3}},"38":{"start":{"line":59,"column":4},"end":{"line":59,"column":39}},"39":{"start":{"line":60,"column":4},"end":{"line":62,"column":3}},"40":{"start":{"line":61,"column":4},"end":{"line":61,"column":39}},"41":{"start":{"line":62,"column":4},"end":{"line":64,"column":3}},"42":{"start":{"line":63,"column":4},"end":{"line":63,"column":37}},"43":{"start":{"line":64,"column":4},"end":{"line":66,"column":3}},"44":{"start":{"line":65,"column":4},"end":{"line":65,"column":37}},"45":{"start":{"line":66,"column":4},"end":{"line":68,"column":3}},"46":{"start":{"line":67,"column":4},"end":{"line":67,"column":35}},"47":{"start":{"line":70,"column":2},"end":{"line":70,"column":16}},"48":{"start":{"line":73,"column":29},"end":{"line":93,"column":1}},"49":{"start":{"line":76,"column":17},"end":{"line":76,"column":19}},"50":{"start":{"line":78,"column":2},"end":{"line":80,"column":3}},"51":{"start":{"line":79,"column":4},"end":{"line":79,"column":36}},"52":{"start":{"line":80,"column":4},"end":{"line":82,"column":3}},"53":{"start":{"line":81,"column":4},"end":{"line":81,"column":39}},"54":{"start":{"line":82,"column":4},"end":{"line":84,"column":3}},"55":{"start":{"line":83,"column":4},"end":{"line":83,"column":49}},"56":{"start":{"line":84,"column":4},"end":{"line":86,"column":3}},"57":{"start":{"line":85,"column":4},"end":{"line":85,"column":34}},"58":{"start":{"line":86,"column":4},"end":{"line":88,"column":3}},"59":{"start":{"line":87,"column":4},"end":{"line":87,"column":32}},"60":{"start":{"line":88,"column":4},"end":{"line":90,"column":3}},"61":{"start":{"line":89,"column":4},"end":{"line":89,"column":37}},"62":{"start":{"line":92,"column":2},"end":{"line":92,"column":16}},"63":{"start":{"line":95,"column":0},"end":{"line":102,"column":2}}},"fnMap":{"0":{"name":"(anonymous_0)","decl":{"start":{"line":1,"column":21},"end":{"line":1,"column":22}},"loc":{"start":{"line":1,"column":31},"end":{"line":4,"column":1}},"line":1},"1":{"name":"(anonymous_1)","decl":{"start":{"line":6,"column":26},"end":{"line":6,"column":27}},"loc":{"start":{"line":6,"column":41},"end":{"line":9,"column":1}},"line":6},"2":{"name":"(anonymous_2)","decl":{"start":{"line":11,"column":25},"end":{"line":11,"column":26}},"loc":{"start":{"line":11,"column":39},"end":{"line":17,"column":1}},"line":11},"3":{"name":"(anonymous_3)","decl":{"start":{"line":19,"column":25},"end":{"line":19,"column":26}},"loc":{"start":{"line":19,"column":55},"end":{"line":31,"column":1}},"line":19},"4":{"name":"(anonymous_4)","decl":{"start":{"line":33,"column":22},"end":{"line":33,"column":23}},"loc":{"start":{"line":33,"column":71},"end":{"line":49,"column":1}},"line":33},"5":{"name":"(anonymous_5)","decl":{"start":{"line":51,"column":23},"end":{"line":51,"column":24}},"loc":{"start":{"line":53,"column":5},"end":{"line":71,"column":1}},"line":53},"6":{"name":"(anonymous_6)","decl":{"start":{"line":73,"column":29},"end":{"line":73,"column":30}},"loc":{"start":{"line":75,"column":5},"end":{"line":93,"column":1}},"line":75}},"branchMap":{"0":{"loc":{"start":{"line":13,"column":2},"end":{"line":15,"column":3}},"type":"if","locations":[{"start":{"line":13,"column":2},"end":{"line":15,"column":3}},{"start":{},"end":{}}],"line":13},"1":{"loc":{"start":{"line":22,"column":2},"end":{"line":24,"column":3}},"type":"if","locations":[{"start":{"line":22,"column":2},"end":{"line":24,"column":3}},{"start":{},"end":{}}],"line":22},"2":{"loc":{"start":{"line":24,"column":4},"end":{"line":26,"column":3}},"type":"if","locations":[{"start":{"line":24,"column":4},"end":{"line":26,"column":3}},{"start":{},"end":{}}],"line":24},"3":{"loc":{"start":{"line":26,"column":4},"end":{"line":28,"column":3}},"type":"if","locations":[{"start":{"line":26,"column":4},"end":{"line":28,"column":3}},{"start":{},"end":{}}],"line":26},"4":{"loc":{"start":{"line":36,"column":2},"end":{"line":38,"column":3}},"type":"if","locations":[{"start":{"line":36,"column":2},"end":{"line":38,"column":3}},{"start":{},"end":{}}],"line":36},"5":{"loc":{"start":{"line":38,"column":4},"end":{"line":40,"column":3}},"type":"if","locations":[{"start":{"line":38,"column":4},"end":{"line":40,"column":3}},{"start":{},"end":{}}],"line":38},"6":{"loc":{"start":{"line":40,"column":4},"end":{"line":42,"column":3}},"type":"if","locations":[{"start":{"line":40,"column":4},"end":{"line":42,"column":3}},{"start":{},"end":{}}],"line":40},"7":{"loc":{"start":{"line":42,"column":4},"end":{"line":44,"column":3}},"type":"if","locations":[{"start":{"line":42,"column":4},"end":{"line":44,"column":3}},{"start":{},"end":{}}],"line":42},"8":{"loc":{"start":{"line":44,"column":4},"end":{"line":46,"column":3}},"type":"if","locations":[{"start":{"line":44,"column":4},"end":{"line":46,"column":3}},{"start":{},"end":{}}],"line":44},"9":{"loc":{"start":{"line":56,"column":2},"end":{"line":58,"column":3}},"type":"if","locations":[{"start":{"line":56,"column":2},"end":{"line":58,"column":3}},{"start":{},"end":{}}],"line":56},"10":{"loc":{"start":{"line":58,"column":4},"end":{"line":60,"column":3}},"type":"if","locations":[{"start":{"line":58,"column":4},"end":{"line":60,"column":3}},{"start":{},"end":{}}],"line":58},"11":{"loc":{"start":{"line":60,"column":4},"end":{"line":62,"column":3}},"type":"if","locations":[{"start":{"line":60,"column":4},"end":{"line":62,"column":3}},{"start":{},"end":{}}],"line":60},"12":{"loc":{"start":{"line":62,"column":4},"end":{"line":64,"column":3}},"type":"if","locations":[{"start":{"line":62,"column":4},"end":{"line":64,"column":3}},{"start":{},"end":{}}],"line":62},"13":{"loc":{"start":{"line":64,"column":4},"end":{"line":66,"column":3}},"type":"if","locations":[{"start":{"line":64,"column":4},"end":{"line":66,"column":3}},{"start":{},"end":{}}],"line":64},"14":{"loc":{"start":{"line":66,"column":4},"end":{"line":68,"column":3}},"type":"if","locations":[{"start":{"line":66,"column":4},"end":{"line":68,"column":3}},{"start":{},"end":{}}],"line":66},"15":{"loc":{"start":{"line":78,"column":2},"end":{"line":80,"column":3}},"type":"if","locations":[{"start":{"line":78,"column":2},"end":{"line":80,"column":3}},{"start":{},"end":{}}],"line":78},"16":{"loc":{"start":{"line":80,"column":4},"end":{"line":82,"column":3}},"type":"if","locations":[{"start":{"line":80,"column":4},"end":{"line":82,"column":3}},{"start":{},"end":{}}],"line":80},"17":{"loc":{"start":{"line":82,"column":4},"end":{"line":84,"column":3}},"type":"if","locations":[{"start":{"line":82,"column":4},"end":{"line":84,"column":3}},{"start":{},"end":{}}],"line":82},"18":{"loc":{"start":{"line":84,"column":4},"end":{"line":86,"column":3}},"type":"if","locations":[{"start":{"line":84,"column":4},"end":{"line":86,"column":3}},{"start":{},"end":{}}],"line":84},"19":{"loc":{"start":{"line":86,"column":4},"end":{"line":88,"column":3}},"type":"if","locations":[{"start":{"line":86,"column":4},"end":{"line":88,"column":3}},{"start":{},"end":{}}],"line":86},"20":{"loc":{"start":{"line":88,"column":4},"end":{"line":90,"column":3}},"type":"if","locations":[{"start":{"line":88,"column":4},"end":{"line":90,"column":3}},{"start":{},"end":{}}],"line":88}},"s":{"0":1,"1":14,"2":14,"3":1,"4":14,"5":14,"6":1,"7":4,"8":4,"9":2,"10":4,"11":1,"12":9,"13":9,"14":2,"15":9,"16":1,"17":9,"18":1,"19":9,"20":1,"21":5,"22":5,"23":2,"24":5,"25":1,"26":5,"27":1,"28":5,"29":1,"30":5,"31":1,"32":5,"33":1,"34":18,"35":18,"36":2,"37":18,"38":2,"39":18,"40":2,"41":18,"42":2,"43":18,"44":2,"45":18,"46":2,"47":18,"48":1,"49":14,"50":14,"51":2,"52":14,"53":2,"54":14,"55":2,"56":14,"57":2,"58":14,"59":2,"60":14,"61":2,"62":14,"63":1},"f":{"0":14,"1":14,"2":4,"3":9,"4":5,"5":18,"6":14},"b":{"0":[2,2],"1":[2,7],"2":[1,8],"3":[1,8],"4":[2,3],"5":[1,4],"6":[1,4],"7":[1,4],"8":[1,4],"9":[2,16],"10":[2,16],"11":[2,16],"12":[2,16],"13":[2,16],"14":[2,16],"15":[2,12],"16":[2,12],"17":[2,12],"18":[2,12],"19":[2,12],"20":[2,12]},"_coverageSchema":"1a1c01bbd47fc00a2c39e90264f33305004495a9","hash":"12f01e3f8513f29ff2b1e209e970d3ab62f07c37"},"/code/src/Utils/functionsJWT.js":{"path":"/code/src/Utils/functionsJWT.js","statementMap":{"0":{"start":{"line":1,"column":12},"end":{"line":1,"column":35}},"1":{"start":{"line":4,"column":14},"end":{"line":4,"column":43}},"2":{"start":{"line":6,"column":21},"end":{"line":6,"column":39}},"3":{"start":{"line":8,"column":2},"end":{"line":10,"column":3}},"4":{"start":{"line":9,"column":4},"end":{"line":9,"column":23}},"5":{"start":{"line":12,"column":2},"end":{"line":14,"column":3}},"6":{"start":{"line":13,"column":4},"end":{"line":13,"column":99}},"7":{"start":{"line":16,"column":2},"end":{"line":23,"column":5}},"8":{"start":{"line":17,"column":4},"end":{"line":19,"column":5}},"9":{"start":{"line":18,"column":6},"end":{"line":18,"column":110}},"10":{"start":{"line":20,"column":4},"end":{"line":20,"column":28}},"11":{"start":{"line":21,"column":4},"end":{"line":21,"column":11}},"12":{"start":{"line":22,"column":4},"end":{"line":22,"column":21}},"13":{"start":{"line":26,"column":0},"end":{"line":26,"column":31}}},"fnMap":{"0":{"name":"verifyJWT","decl":{"start":{"line":3,"column":9},"end":{"line":3,"column":18}},"loc":{"start":{"line":3,"column":35},"end":{"line":24,"column":1}},"line":3},"1":{"name":"(anonymous_1)","decl":{"start":{"line":16,"column":47},"end":{"line":16,"column":48}},"loc":{"start":{"line":16,"column":65},"end":{"line":23,"column":3}},"line":16}},"branchMap":{"0":{"loc":{"start":{"line":8,"column":2},"end":{"line":10,"column":3}},"type":"if","locations":[{"start":{"line":8,"column":2},"end":{"line":10,"column":3}},{"start":{},"end":{}}],"line":8},"1":{"loc":{"start":{"line":12,"column":2},"end":{"line":14,"column":3}},"type":"if","locations":[{"start":{"line":12,"column":2},"end":{"line":14,"column":3}},{"start":{},"end":{}}],"line":12},"2":{"loc":{"start":{"line":17,"column":4},"end":{"line":19,"column":5}},"type":"if","locations":[{"start":{"line":17,"column":4},"end":{"line":19,"column":5}},{"start":{},"end":{}}],"line":17}},"s":{"0":1,"1":84,"2":84,"3":84,"4":0,"5":84,"6":3,"7":81,"8":81,"9":3,"10":78,"11":78,"12":78,"13":1},"f":{"0":84,"1":81},"b":{"0":[0,84],"1":[3,81],"2":[3,78]},"_coverageSchema":"1a1c01bbd47fc00a2c39e90264f33305004495a9","hash":"69a1a386cc12a5e037b942585f8b403d55381d1e"},"/code/src/Routes/demands.routes.js":{"path":"/code/src/Routes/demands.routes.js","statementMap":{"0":{"start":{"line":1,"column":15},"end":{"line":1,"column":32}},"1":{"start":{"line":2,"column":25},"end":{"line":2,"column":67}},"2":{"start":{"line":3,"column":22},"end":{"line":3,"column":54}},"3":{"start":{"line":4,"column":21},"end":{"line":4,"column":47}},"4":{"start":{"line":6,"column":22},"end":{"line":25,"column":1}},"5":{"start":{"line":7,"column":2},"end":{"line":7,"column":63}},"6":{"start":{"line":8,"column":2},"end":{"line":8,"column":86}},"7":{"start":{"line":9,"column":2},"end":{"line":9,"column":66}},"8":{"start":{"line":10,"column":2},"end":{"line":10,"column":74}},"9":{"start":{"line":11,"column":2},"end":{"line":11,"column":77}},"10":{"start":{"line":12,"column":2},"end":{"line":12,"column":89}},"11":{"start":{"line":13,"column":2},"end":{"line":13,"column":79}},"12":{"start":{"line":14,"column":2},"end":{"line":14,"column":77}},"13":{"start":{"line":15,"column":2},"end":{"line":15,"column":85}},"14":{"start":{"line":16,"column":2},"end":{"line":16,"column":97}},"15":{"start":{"line":17,"column":2},"end":{"line":17,"column":97}},"16":{"start":{"line":18,"column":2},"end":{"line":18,"column":97}},"17":{"start":{"line":19,"column":2},"end":{"line":19,"column":73}},"18":{"start":{"line":20,"column":2},"end":{"line":20,"column":92}},"19":{"start":{"line":21,"column":2},"end":{"line":21,"column":87}},"20":{"start":{"line":22,"column":2},"end":{"line":22,"column":87}},"21":{"start":{"line":23,"column":2},"end":{"line":23,"column":118}},"22":{"start":{"line":24,"column":2},"end":{"line":24,"column":74}},"23":{"start":{"line":27,"column":0},"end":{"line":27,"column":35}}},"fnMap":{"0":{"name":"(anonymous_0)","decl":{"start":{"line":6,"column":22},"end":{"line":6,"column":23}},"loc":{"start":{"line":6,"column":34},"end":{"line":25,"column":1}},"line":6}},"branchMap":{},"s":{"0":1,"1":1,"2":1,"3":1,"4":1,"5":1,"6":1,"7":1,"8":1,"9":1,"10":1,"11":1,"12":1,"13":1,"14":1,"15":1,"16":1,"17":1,"18":1,"19":1,"20":1,"21":1,"22":1,"23":1},"f":{"0":1},"b":{},"_coverageSchema":"1a1c01bbd47fc00a2c39e90264f33305004495a9","hash":"3e54ecbdd36c949c8bb9043b6cc5818fd915b451"},"/code/src/Controllers/DemandController.js":{"path":"/code/src/Controllers/DemandController.js","statementMap":{"0":{"start":{"line":1,"column":17},"end":{"line":1,"column":36}},"1":{"start":{"line":2,"column":15},"end":{"line":2,"column":41}},"2":{"start":{"line":3,"column":11},"end":{"line":3,"column":24}},"3":{"start":{"line":4,"column":14},"end":{"line":4,"column":29}},"4":{"start":{"line":5,"column":15},"end":{"line":5,"column":48}},"5":{"start":{"line":6,"column":17},"end":{"line":6,"column":52}},"6":{"start":{"line":7,"column":19},"end":{"line":7,"column":47}},"7":{"start":{"line":8,"column":23},"end":{"line":8,"column":65}},"8":{"start":{"line":9,"column":20},"end":{"line":9,"column":60}},"9":{"start":{"line":10,"column":26},"end":{"line":10,"column":59}},"10":{"start":{"line":11,"column":13},"end":{"line":11,"column":44}},"11":{"start":{"line":18,"column":34},"end":{"line":72,"column":1}},"12":{"start":{"line":19,"column":2},"end":{"line":71,"column":3}},"13":{"start":{"line":20,"column":18},"end":{"line":20,"column":47}},"14":{"start":{"line":21,"column":21},"end":{"line":21,"column":30}},"15":{"start":{"line":22,"column":31},"end":{"line":22,"column":33}},"16":{"start":{"line":24,"column":20},"end":{"line":24,"column":43}},"17":{"start":{"line":26,"column":4},"end":{"line":28,"column":5}},"18":{"start":{"line":27,"column":6},"end":{"line":27,"column":58}},"19":{"start":{"line":30,"column":4},"end":{"line":41,"column":5}},"20":{"start":{"line":31,"column":6},"end":{"line":31,"column":67}},"21":{"start":{"line":32,"column":11},"end":{"line":41,"column":5}},"22":{"start":{"line":33,"column":6},"end":{"line":38,"column":32}},"23":{"start":{"line":40,"column":6},"end":{"line":40,"column":73}},"24":{"start":{"line":43,"column":4},"end":{"line":67,"column":7}},"25":{"start":{"line":44,"column":6},"end":{"line":65,"column":9}},"26":{"start":{"line":45,"column":8},"end":{"line":63,"column":9}},"27":{"start":{"line":46,"column":35},"end":{"line":60,"column":11}},"28":{"start":{"line":61,"column":10},"end":{"line":61,"column":52}},"29":{"start":{"line":62,"column":10},"end":{"line":62,"column":22}},"30":{"start":{"line":64,"column":8},"end":{"line":64,"column":21}},"31":{"start":{"line":66,"column":6},"end":{"line":66,"column":19}},"32":{"start":{"line":68,"column":4},"end":{"line":68,"column":40}},"33":{"start":{"line":70,"column":4},"end":{"line":70,"column":66}},"34":{"start":{"line":74,"column":18},"end":{"line":86,"column":1}},"35":{"start":{"line":75,"column":19},"end":{"line":75,"column":28}},"36":{"start":{"line":76,"column":2},"end":{"line":79,"column":3}},"37":{"start":{"line":77,"column":20},"end":{"line":77,"column":70}},"38":{"start":{"line":78,"column":4},"end":{"line":78,"column":29}},"39":{"start":{"line":80,"column":2},"end":{"line":83,"column":3}},"40":{"start":{"line":81,"column":20},"end":{"line":81,"column":76}},"41":{"start":{"line":82,"column":4},"end":{"line":82,"column":29}},"42":{"start":{"line":84,"column":18},"end":{"line":84,"column":60}},"43":{"start":{"line":85,"column":2},"end":{"line":85,"column":27}},"44":{"start":{"line":88,"column":32},"end":{"line":180,"column":1}},"45":{"start":{"line":91,"column":6},"end":{"line":91,"column":15}},"46":{"start":{"line":93,"column":2},"end":{"line":99,"column":3}},"47":{"start":{"line":94,"column":4},"end":{"line":94,"column":20}},"48":{"start":{"line":95,"column":9},"end":{"line":99,"column":3}},"49":{"start":{"line":96,"column":4},"end":{"line":96,"column":21}},"50":{"start":{"line":98,"column":4},"end":{"line":98,"column":33}},"51":{"start":{"line":100,"column":28},"end":{"line":100,"column":51}},"52":{"start":{"line":102,"column":25},"end":{"line":109,"column":3}},"53":{"start":{"line":111,"column":2},"end":{"line":172,"column":3}},"54":{"start":{"line":112,"column":4},"end":{"line":169,"column":5}},"55":{"start":{"line":113,"column":6},"end":{"line":137,"column":7}},"56":{"start":{"line":114,"column":27},"end":{"line":114,"column":62}},"57":{"start":{"line":115,"column":8},"end":{"line":125,"column":11}},"58":{"start":{"line":127,"column":8},"end":{"line":136,"column":11}},"59":{"start":{"line":138,"column":6},"end":{"line":142,"column":9}},"60":{"start":{"line":143,"column":11},"end":{"line":169,"column":5}},"61":{"start":{"line":148,"column":25},"end":{"line":148,"column":60}},"62":{"start":{"line":149,"column":6},"end":{"line":158,"column":9}},"63":{"start":{"line":160,"column":6},"end":{"line":168,"column":9}},"64":{"start":{"line":171,"column":4},"end":{"line":171,"column":23}},"65":{"start":{"line":174,"column":2},"end":{"line":179,"column":3}},"66":{"start":{"line":175,"column":23},"end":{"line":175,"column":68}},"67":{"start":{"line":176,"column":4},"end":{"line":176,"column":32}},"68":{"start":{"line":178,"column":4},"end":{"line":178,"column":74}},"69":{"start":{"line":182,"column":35},"end":{"line":303,"column":1}},"70":{"start":{"line":185,"column":6},"end":{"line":185,"column":15}},"71":{"start":{"line":188,"column":2},"end":{"line":194,"column":3}},"72":{"start":{"line":189,"column":4},"end":{"line":189,"column":20}},"73":{"start":{"line":190,"column":9},"end":{"line":194,"column":3}},"74":{"start":{"line":191,"column":4},"end":{"line":191,"column":21}},"75":{"start":{"line":193,"column":4},"end":{"line":193,"column":33}},"76":{"start":{"line":195,"column":28},"end":{"line":195,"column":51}},"77":{"start":{"line":197,"column":25},"end":{"line":214,"column":3}},"78":{"start":{"line":216,"column":2},"end":{"line":277,"column":3}},"79":{"start":{"line":217,"column":4},"end":{"line":274,"column":5}},"80":{"start":{"line":218,"column":6},"end":{"line":242,"column":7}},"81":{"start":{"line":219,"column":27},"end":{"line":219,"column":62}},"82":{"start":{"line":220,"column":8},"end":{"line":230,"column":11}},"83":{"start":{"line":232,"column":8},"end":{"line":241,"column":11}},"84":{"start":{"line":243,"column":6},"end":{"line":247,"column":9}},"85":{"start":{"line":248,"column":11},"end":{"line":274,"column":5}},"86":{"start":{"line":253,"column":25},"end":{"line":253,"column":60}},"87":{"start":{"line":254,"column":6},"end":{"line":263,"column":9}},"88":{"start":{"line":265,"column":6},"end":{"line":273,"column":9}},"89":{"start":{"line":276,"column":4},"end":{"line":276,"column":23}},"90":{"start":{"line":279,"column":2},"end":{"line":295,"column":3}},"91":{"start":{"line":280,"column":4},"end":{"line":294,"column":5}},"92":{"start":{"line":281,"column":23},"end":{"line":281,"column":40}},"93":{"start":{"line":282,"column":6},"end":{"line":291,"column":9}},"94":{"start":{"line":293,"column":6},"end":{"line":293,"column":33}},"95":{"start":{"line":297,"column":2},"end":{"line":302,"column":3}},"96":{"start":{"line":298,"column":23},"end":{"line":298,"column":68}},"97":{"start":{"line":299,"column":4},"end":{"line":299,"column":32}},"98":{"start":{"line":301,"column":4},"end":{"line":301,"column":74}},"99":{"start":{"line":305,"column":32},"end":{"line":382,"column":1}},"100":{"start":{"line":308,"column":6},"end":{"line":308,"column":15}},"101":{"start":{"line":311,"column":2},"end":{"line":317,"column":3}},"102":{"start":{"line":312,"column":4},"end":{"line":312,"column":20}},"103":{"start":{"line":313,"column":9},"end":{"line":317,"column":3}},"104":{"start":{"line":314,"column":4},"end":{"line":314,"column":21}},"105":{"start":{"line":316,"column":4},"end":{"line":316,"column":33}},"106":{"start":{"line":318,"column":28},"end":{"line":318,"column":51}},"107":{"start":{"line":320,"column":25},"end":{"line":327,"column":3}},"108":{"start":{"line":329,"column":2},"end":{"line":355,"column":3}},"109":{"start":{"line":330,"column":4},"end":{"line":344,"column":5}},"110":{"start":{"line":331,"column":23},"end":{"line":331,"column":58}},"111":{"start":{"line":332,"column":6},"end":{"line":341,"column":9}},"112":{"start":{"line":343,"column":6},"end":{"line":343,"column":33}},"113":{"start":{"line":346,"column":4},"end":{"line":354,"column":7}},"114":{"start":{"line":357,"column":2},"end":{"line":373,"column":3}},"115":{"start":{"line":358,"column":4},"end":{"line":372,"column":5}},"116":{"start":{"line":359,"column":23},"end":{"line":359,"column":40}},"117":{"start":{"line":360,"column":6},"end":{"line":369,"column":9}},"118":{"start":{"line":371,"column":6},"end":{"line":371,"column":33}},"119":{"start":{"line":375,"column":2},"end":{"line":381,"column":3}},"120":{"start":{"line":376,"column":23},"end":{"line":376,"column":68}},"121":{"start":{"line":377,"column":4},"end":{"line":377,"column":28}},"122":{"start":{"line":378,"column":4},"end":{"line":378,"column":32}},"123":{"start":{"line":380,"column":4},"end":{"line":380,"column":74}},"124":{"start":{"line":384,"column":21},"end":{"line":454,"column":1}},"125":{"start":{"line":385,"column":2},"end":{"line":453,"column":3}},"126":{"start":{"line":395,"column":8},"end":{"line":395,"column":16}},"127":{"start":{"line":397,"column":24},"end":{"line":404,"column":5}},"128":{"start":{"line":405,"column":4},"end":{"line":407,"column":5}},"129":{"start":{"line":406,"column":6},"end":{"line":406,"column":59}},"130":{"start":{"line":408,"column":18},"end":{"line":408,"column":47}},"131":{"start":{"line":410,"column":17},"end":{"line":410,"column":45}},"132":{"start":{"line":412,"column":4},"end":{"line":414,"column":5}},"133":{"start":{"line":413,"column":6},"end":{"line":413,"column":59}},"134":{"start":{"line":415,"column":17},"end":{"line":417,"column":15}},"135":{"start":{"line":418,"column":28},"end":{"line":418,"column":55}},"136":{"start":{"line":419,"column":4},"end":{"line":423,"column":6}},"137":{"start":{"line":425,"column":22},"end":{"line":444,"column":6}},"138":{"start":{"line":449,"column":4},"end":{"line":449,"column":31}},"139":{"start":{"line":451,"column":4},"end":{"line":451,"column":21}},"140":{"start":{"line":452,"column":4},"end":{"line":452,"column":72}},"141":{"start":{"line":456,"column":21},"end":{"line":507,"column":1}},"142":{"start":{"line":457,"column":17},"end":{"line":457,"column":27}},"143":{"start":{"line":460,"column":6},"end":{"line":460,"column":14}},"144":{"start":{"line":462,"column":22},"end":{"line":469,"column":3}},"145":{"start":{"line":471,"column":2},"end":{"line":473,"column":3}},"146":{"start":{"line":472,"column":4},"end":{"line":472,"column":57}},"147":{"start":{"line":475,"column":2},"end":{"line":506,"column":3}},"148":{"start":{"line":476,"column":18},"end":{"line":476,"column":47}},"149":{"start":{"line":478,"column":17},"end":{"line":478,"column":45}},"150":{"start":{"line":480,"column":4},"end":{"line":482,"column":5}},"151":{"start":{"line":481,"column":6},"end":{"line":481,"column":59}},"152":{"start":{"line":484,"column":26},"end":{"line":484,"column":59}},"153":{"start":{"line":485,"column":25},"end":{"line":502,"column":5}},"154":{"start":{"line":501,"column":15},"end":{"line":501,"column":18}},"155":{"start":{"line":503,"column":4},"end":{"line":503,"column":34}},"156":{"start":{"line":505,"column":4},"end":{"line":505,"column":55}},"157":{"start":{"line":509,"column":21},"end":{"line":534,"column":1}},"158":{"start":{"line":510,"column":17},"end":{"line":510,"column":27}},"159":{"start":{"line":512,"column":2},"end":{"line":533,"column":3}},"160":{"start":{"line":513,"column":24},"end":{"line":513,"column":57}},"161":{"start":{"line":515,"column":19},"end":{"line":515,"column":30}},"162":{"start":{"line":517,"column":4},"end":{"line":517,"column":29}},"163":{"start":{"line":519,"column":25},"end":{"line":529,"column":5}},"164":{"start":{"line":528,"column":18},"end":{"line":528,"column":24}},"165":{"start":{"line":530,"column":4},"end":{"line":530,"column":34}},"166":{"start":{"line":532,"column":4},"end":{"line":532,"column":55}},"167":{"start":{"line":536,"column":17},"end":{"line":544,"column":1}},"168":{"start":{"line":537,"column":17},"end":{"line":537,"column":27}},"169":{"start":{"line":538,"column":2},"end":{"line":543,"column":3}},"170":{"start":{"line":539,"column":19},"end":{"line":539,"column":75}},"171":{"start":{"line":540,"column":4},"end":{"line":540,"column":40}},"172":{"start":{"line":542,"column":4},"end":{"line":542,"column":55}},"173":{"start":{"line":546,"column":27},"end":{"line":581,"column":1}},"174":{"start":{"line":547,"column":17},"end":{"line":547,"column":27}},"175":{"start":{"line":549,"column":23},"end":{"line":549,"column":31}},"176":{"start":{"line":551,"column":22},"end":{"line":551,"column":59}},"177":{"start":{"line":553,"column":2},"end":{"line":555,"column":3}},"178":{"start":{"line":554,"column":4},"end":{"line":554,"column":57}},"179":{"start":{"line":557,"column":2},"end":{"line":580,"column":3}},"180":{"start":{"line":558,"column":24},"end":{"line":558,"column":57}},"181":{"start":{"line":560,"column":4},"end":{"line":560,"column":88}},"182":{"start":{"line":562,"column":4},"end":{"line":564,"column":16}},"183":{"start":{"line":566,"column":25},"end":{"line":576,"column":5}},"184":{"start":{"line":575,"column":16},"end":{"line":575,"column":20}},"185":{"start":{"line":577,"column":4},"end":{"line":577,"column":34}},"186":{"start":{"line":579,"column":4},"end":{"line":579,"column":55}},"187":{"start":{"line":583,"column":22},"end":{"line":619,"column":1}},"188":{"start":{"line":584,"column":17},"end":{"line":584,"column":27}},"189":{"start":{"line":586,"column":23},"end":{"line":586,"column":31}},"190":{"start":{"line":588,"column":21},"end":{"line":588,"column":58}},"191":{"start":{"line":590,"column":2},"end":{"line":592,"column":3}},"192":{"start":{"line":591,"column":4},"end":{"line":591,"column":56}},"193":{"start":{"line":594,"column":2},"end":{"line":618,"column":3}},"194":{"start":{"line":595,"column":24},"end":{"line":595,"column":57}},"195":{"start":{"line":597,"column":4},"end":{"line":605,"column":7}},"196":{"start":{"line":607,"column":25},"end":{"line":614,"column":5}},"197":{"start":{"line":613,"column":16},"end":{"line":613,"column":20}},"198":{"start":{"line":615,"column":4},"end":{"line":615,"column":34}},"199":{"start":{"line":617,"column":4},"end":{"line":617,"column":55}},"200":{"start":{"line":621,"column":27},"end":{"line":677,"column":1}},"201":{"start":{"line":622,"column":17},"end":{"line":622,"column":27}},"202":{"start":{"line":631,"column":6},"end":{"line":631,"column":14}},"203":{"start":{"line":633,"column":22},"end":{"line":640,"column":3}},"204":{"start":{"line":642,"column":2},"end":{"line":644,"column":3}},"205":{"start":{"line":643,"column":4},"end":{"line":643,"column":57}},"206":{"start":{"line":646,"column":2},"end":{"line":676,"column":3}},"207":{"start":{"line":647,"column":24},"end":{"line":647,"column":57}},"208":{"start":{"line":649,"column":4},"end":{"line":662,"column":7}},"209":{"start":{"line":664,"column":25},"end":{"line":671,"column":5}},"210":{"start":{"line":670,"column":16},"end":{"line":670,"column":20}},"211":{"start":{"line":673,"column":4},"end":{"line":673,"column":34}},"212":{"start":{"line":675,"column":4},"end":{"line":675,"column":55}},"213":{"start":{"line":679,"column":27},"end":{"line":726,"column":1}},"214":{"start":{"line":688,"column":6},"end":{"line":688,"column":14}},"215":{"start":{"line":690,"column":22},"end":{"line":697,"column":3}},"216":{"start":{"line":699,"column":2},"end":{"line":701,"column":3}},"217":{"start":{"line":700,"column":4},"end":{"line":700,"column":57}},"218":{"start":{"line":703,"column":2},"end":{"line":725,"column":3}},"219":{"start":{"line":704,"column":18},"end":{"line":721,"column":5}},"220":{"start":{"line":720,"column":16},"end":{"line":720,"column":20}},"221":{"start":{"line":722,"column":4},"end":{"line":722,"column":27}},"222":{"start":{"line":724,"column":4},"end":{"line":724,"column":55}},"223":{"start":{"line":728,"column":27},"end":{"line":761,"column":1}},"224":{"start":{"line":729,"column":17},"end":{"line":729,"column":27}},"225":{"start":{"line":731,"column":27},"end":{"line":731,"column":35}},"226":{"start":{"line":733,"column":2},"end":{"line":760,"column":3}},"227":{"start":{"line":734,"column":19},"end":{"line":734,"column":52}},"228":{"start":{"line":735,"column":23},"end":{"line":737,"column":5}},"229":{"start":{"line":736,"column":18},"end":{"line":736,"column":53}},"230":{"start":{"line":738,"column":23},"end":{"line":738,"column":84}},"231":{"start":{"line":738,"column":55},"end":{"line":738,"column":83}},"232":{"start":{"line":739,"column":4},"end":{"line":747,"column":5}},"233":{"start":{"line":740,"column":21},"end":{"line":740,"column":44}},"234":{"start":{"line":741,"column":25},"end":{"line":741,"column":60}},"235":{"start":{"line":742,"column":23},"end":{"line":742,"column":101}},"236":{"start":{"line":743,"column":6},"end":{"line":745,"column":7}},"237":{"start":{"line":744,"column":8},"end":{"line":744,"column":32}},"238":{"start":{"line":746,"column":6},"end":{"line":746,"column":44}},"239":{"start":{"line":749,"column":25},"end":{"line":756,"column":5}},"240":{"start":{"line":755,"column":16},"end":{"line":755,"column":20}},"241":{"start":{"line":757,"column":4},"end":{"line":757,"column":34}},"242":{"start":{"line":759,"column":4},"end":{"line":759,"column":52}},"243":{"start":{"line":763,"column":16},"end":{"line":799,"column":1}},"244":{"start":{"line":764,"column":17},"end":{"line":764,"column":27}},"245":{"start":{"line":766,"column":2},"end":{"line":798,"column":3}},"246":{"start":{"line":767,"column":16},"end":{"line":767,"column":18}},"247":{"start":{"line":768,"column":18},"end":{"line":768,"column":47}},"248":{"start":{"line":769,"column":24},"end":{"line":769,"column":57}},"249":{"start":{"line":770,"column":24},"end":{"line":791,"column":5}},"250":{"start":{"line":772,"column":21},"end":{"line":772,"column":54}},"251":{"start":{"line":774,"column":8},"end":{"line":777,"column":9}},"252":{"start":{"line":775,"column":10},"end":{"line":775,"column":29}},"253":{"start":{"line":776,"column":10},"end":{"line":776,"column":17}},"254":{"start":{"line":778,"column":8},"end":{"line":789,"column":10}},"255":{"start":{"line":792,"column":4},"end":{"line":794,"column":5}},"256":{"start":{"line":793,"column":6},"end":{"line":793,"column":54}},"257":{"start":{"line":795,"column":4},"end":{"line":795,"column":33}},"258":{"start":{"line":797,"column":4},"end":{"line":797,"column":65}},"259":{"start":{"line":801,"column":29},"end":{"line":805,"column":1}},"260":{"start":{"line":802,"column":18},"end":{"line":802,"column":70}},"261":{"start":{"line":804,"column":2},"end":{"line":804,"column":39}},"262":{"start":{"line":807,"column":16},"end":{"line":821,"column":1}},"263":{"start":{"line":808,"column":21},"end":{"line":808,"column":31}},"264":{"start":{"line":809,"column":2},"end":{"line":820,"column":3}},"265":{"start":{"line":810,"column":23},"end":{"line":810,"column":58}},"266":{"start":{"line":811,"column":19},"end":{"line":811,"column":97}},"267":{"start":{"line":812,"column":4},"end":{"line":814,"column":5}},"268":{"start":{"line":813,"column":6},"end":{"line":813,"column":93}},"269":{"start":{"line":815,"column":17},"end":{"line":815,"column":46}},"270":{"start":{"line":816,"column":4},"end":{"line":816,"column":39}},"271":{"start":{"line":817,"column":4},"end":{"line":817,"column":26}},"272":{"start":{"line":819,"column":4},"end":{"line":819,"column":64}},"273":{"start":{"line":823,"column":19},"end":{"line":875,"column":1}},"274":{"start":{"line":824,"column":2},"end":{"line":874,"column":3}},"275":{"start":{"line":825,"column":19},"end":{"line":825,"column":29}},"276":{"start":{"line":833,"column":8},"end":{"line":833,"column":16}},"277":{"start":{"line":834,"column":17},"end":{"line":834,"column":38}},"278":{"start":{"line":835,"column":21},"end":{"line":835,"column":29}},"279":{"start":{"line":836,"column":17},"end":{"line":836,"column":34}},"280":{"start":{"line":837,"column":20},"end":{"line":844,"column":6}},"281":{"start":{"line":846,"column":24},"end":{"line":848,"column":5}},"282":{"start":{"line":850,"column":4},"end":{"line":852,"column":5}},"283":{"start":{"line":851,"column":6},"end":{"line":851,"column":59}},"284":{"start":{"line":854,"column":24},"end":{"line":854,"column":57}},"285":{"start":{"line":856,"column":4},"end":{"line":866,"column":7}},"286":{"start":{"line":868,"column":4},"end":{"line":870,"column":38}},"287":{"start":{"line":870,"column":32},"end":{"line":870,"column":36}},"288":{"start":{"line":871,"column":4},"end":{"line":871,"column":29}},"289":{"start":{"line":873,"column":4},"end":{"line":873,"column":65}},"290":{"start":{"line":877,"column":0},"end":{"line":896,"column":2}}},"fnMap":{"0":{"name":"(anonymous_0)","decl":{"start":{"line":18,"column":34},"end":{"line":18,"column":35}},"loc":{"start":{"line":18,"column":54},"end":{"line":72,"column":1}},"line":18},"1":{"name":"(anonymous_1)","decl":{"start":{"line":43,"column":16},"end":{"line":43,"column":17}},"loc":{"start":{"line":43,"column":28},"end":{"line":67,"column":5}},"line":43},"2":{"name":"(anonymous_2)","decl":{"start":{"line":44,"column":18},"end":{"line":44,"column":19}},"loc":{"start":{"line":44,"column":30},"end":{"line":65,"column":7}},"line":44},"3":{"name":"(anonymous_3)","decl":{"start":{"line":74,"column":18},"end":{"line":74,"column":19}},"loc":{"start":{"line":74,"column":38},"end":{"line":86,"column":1}},"line":74},"4":{"name":"(anonymous_4)","decl":{"start":{"line":88,"column":32},"end":{"line":88,"column":33}},"loc":{"start":{"line":88,"column":52},"end":{"line":180,"column":1}},"line":88},"5":{"name":"(anonymous_5)","decl":{"start":{"line":182,"column":35},"end":{"line":182,"column":36}},"loc":{"start":{"line":182,"column":55},"end":{"line":303,"column":1}},"line":182},"6":{"name":"(anonymous_6)","decl":{"start":{"line":305,"column":32},"end":{"line":305,"column":33}},"loc":{"start":{"line":305,"column":52},"end":{"line":382,"column":1}},"line":305},"7":{"name":"(anonymous_7)","decl":{"start":{"line":384,"column":21},"end":{"line":384,"column":22}},"loc":{"start":{"line":384,"column":41},"end":{"line":454,"column":1}},"line":384},"8":{"name":"(anonymous_8)","decl":{"start":{"line":456,"column":21},"end":{"line":456,"column":22}},"loc":{"start":{"line":456,"column":41},"end":{"line":507,"column":1}},"line":456},"9":{"name":"(anonymous_9)","decl":{"start":{"line":501,"column":6},"end":{"line":501,"column":7}},"loc":{"start":{"line":501,"column":15},"end":{"line":501,"column":18}},"line":501},"10":{"name":"(anonymous_10)","decl":{"start":{"line":509,"column":21},"end":{"line":509,"column":22}},"loc":{"start":{"line":509,"column":41},"end":{"line":534,"column":1}},"line":509},"11":{"name":"(anonymous_11)","decl":{"start":{"line":528,"column":6},"end":{"line":528,"column":7}},"loc":{"start":{"line":528,"column":18},"end":{"line":528,"column":24}},"line":528},"12":{"name":"(anonymous_12)","decl":{"start":{"line":536,"column":17},"end":{"line":536,"column":18}},"loc":{"start":{"line":536,"column":37},"end":{"line":544,"column":1}},"line":536},"13":{"name":"(anonymous_13)","decl":{"start":{"line":546,"column":27},"end":{"line":546,"column":28}},"loc":{"start":{"line":546,"column":47},"end":{"line":581,"column":1}},"line":546},"14":{"name":"(anonymous_14)","decl":{"start":{"line":575,"column":6},"end":{"line":575,"column":7}},"loc":{"start":{"line":575,"column":16},"end":{"line":575,"column":20}},"line":575},"15":{"name":"(anonymous_15)","decl":{"start":{"line":583,"column":22},"end":{"line":583,"column":23}},"loc":{"start":{"line":583,"column":42},"end":{"line":619,"column":1}},"line":583},"16":{"name":"(anonymous_16)","decl":{"start":{"line":613,"column":6},"end":{"line":613,"column":7}},"loc":{"start":{"line":613,"column":16},"end":{"line":613,"column":20}},"line":613},"17":{"name":"(anonymous_17)","decl":{"start":{"line":621,"column":27},"end":{"line":621,"column":28}},"loc":{"start":{"line":621,"column":47},"end":{"line":677,"column":1}},"line":621},"18":{"name":"(anonymous_18)","decl":{"start":{"line":670,"column":6},"end":{"line":670,"column":7}},"loc":{"start":{"line":670,"column":16},"end":{"line":670,"column":20}},"line":670},"19":{"name":"(anonymous_19)","decl":{"start":{"line":679,"column":27},"end":{"line":679,"column":28}},"loc":{"start":{"line":679,"column":47},"end":{"line":726,"column":1}},"line":679},"20":{"name":"(anonymous_20)","decl":{"start":{"line":720,"column":6},"end":{"line":720,"column":7}},"loc":{"start":{"line":720,"column":16},"end":{"line":720,"column":20}},"line":720},"21":{"name":"(anonymous_21)","decl":{"start":{"line":728,"column":27},"end":{"line":728,"column":28}},"loc":{"start":{"line":728,"column":47},"end":{"line":761,"column":1}},"line":728},"22":{"name":"(anonymous_22)","decl":{"start":{"line":736,"column":6},"end":{"line":736,"column":7}},"loc":{"start":{"line":736,"column":18},"end":{"line":736,"column":53}},"line":736},"23":{"name":"(anonymous_23)","decl":{"start":{"line":738,"column":48},"end":{"line":738,"column":49}},"loc":{"start":{"line":738,"column":55},"end":{"line":738,"column":83}},"line":738},"24":{"name":"(anonymous_24)","decl":{"start":{"line":755,"column":6},"end":{"line":755,"column":7}},"loc":{"start":{"line":755,"column":16},"end":{"line":755,"column":20}},"line":755},"25":{"name":"(anonymous_25)","decl":{"start":{"line":763,"column":16},"end":{"line":763,"column":17}},"loc":{"start":{"line":763,"column":36},"end":{"line":799,"column":1}},"line":763},"26":{"name":"(anonymous_26)","decl":{"start":{"line":771,"column":36},"end":{"line":771,"column":37}},"loc":{"start":{"line":771,"column":52},"end":{"line":790,"column":7}},"line":771},"27":{"name":"(anonymous_27)","decl":{"start":{"line":801,"column":29},"end":{"line":801,"column":30}},"loc":{"start":{"line":801,"column":49},"end":{"line":805,"column":1}},"line":801},"28":{"name":"(anonymous_28)","decl":{"start":{"line":807,"column":16},"end":{"line":807,"column":17}},"loc":{"start":{"line":807,"column":36},"end":{"line":821,"column":1}},"line":807},"29":{"name":"(anonymous_29)","decl":{"start":{"line":823,"column":19},"end":{"line":823,"column":20}},"loc":{"start":{"line":823,"column":39},"end":{"line":875,"column":1}},"line":823},"30":{"name":"(anonymous_30)","decl":{"start":{"line":870,"column":22},"end":{"line":870,"column":23}},"loc":{"start":{"line":870,"column":32},"end":{"line":870,"column":36}},"line":870}},"branchMap":{"0":{"loc":{"start":{"line":26,"column":4},"end":{"line":28,"column":5}},"type":"if","locations":[{"start":{"line":26,"column":4},"end":{"line":28,"column":5}},{"start":{},"end":{}}],"line":26},"1":{"loc":{"start":{"line":30,"column":4},"end":{"line":41,"column":5}},"type":"if","locations":[{"start":{"line":30,"column":4},"end":{"line":41,"column":5}},{"start":{"line":32,"column":11},"end":{"line":41,"column":5}}],"line":30},"2":{"loc":{"start":{"line":32,"column":11},"end":{"line":41,"column":5}},"type":"if","locations":[{"start":{"line":32,"column":11},"end":{"line":41,"column":5}},{"start":{"line":39,"column":11},"end":{"line":41,"column":5}}],"line":32},"3":{"loc":{"start":{"line":45,"column":8},"end":{"line":63,"column":9}},"type":"if","locations":[{"start":{"line":45,"column":8},"end":{"line":63,"column":9}},{"start":{},"end":{}}],"line":45},"4":{"loc":{"start":{"line":76,"column":2},"end":{"line":79,"column":3}},"type":"if","locations":[{"start":{"line":76,"column":2},"end":{"line":79,"column":3}},{"start":{},"end":{}}],"line":76},"5":{"loc":{"start":{"line":80,"column":2},"end":{"line":83,"column":3}},"type":"if","locations":[{"start":{"line":80,"column":2},"end":{"line":83,"column":3}},{"start":{},"end":{}}],"line":80},"6":{"loc":{"start":{"line":93,"column":2},"end":{"line":99,"column":3}},"type":"if","locations":[{"start":{"line":93,"column":2},"end":{"line":99,"column":3}},{"start":{"line":95,"column":9},"end":{"line":99,"column":3}}],"line":93},"7":{"loc":{"start":{"line":95,"column":9},"end":{"line":99,"column":3}},"type":"if","locations":[{"start":{"line":95,"column":9},"end":{"line":99,"column":3}},{"start":{"line":97,"column":9},"end":{"line":99,"column":3}}],"line":95},"8":{"loc":{"start":{"line":112,"column":4},"end":{"line":169,"column":5}},"type":"if","locations":[{"start":{"line":112,"column":4},"end":{"line":169,"column":5}},{"start":{"line":143,"column":11},"end":{"line":169,"column":5}}],"line":112},"9":{"loc":{"start":{"line":112,"column":8},"end":{"line":112,"column":67}},"type":"binary-expr","locations":[{"start":{"line":112,"column":8},"end":{"line":112,"column":16}},{"start":{"line":112,"column":20},"end":{"line":112,"column":39}},{"start":{"line":112,"column":43},"end":{"line":112,"column":67}}],"line":112},"10":{"loc":{"start":{"line":113,"column":6},"end":{"line":137,"column":7}},"type":"if","locations":[{"start":{"line":113,"column":6},"end":{"line":137,"column":7}},{"start":{"line":126,"column":13},"end":{"line":137,"column":7}}],"line":113},"11":{"loc":{"start":{"line":113,"column":10},"end":{"line":113,"column":75}},"type":"binary-expr","locations":[{"start":{"line":113,"column":10},"end":{"line":113,"column":20}},{"start":{"line":113,"column":24},"end":{"line":113,"column":45}},{"start":{"line":113,"column":49},"end":{"line":113,"column":75}}],"line":113},"12":{"loc":{"start":{"line":143,"column":11},"end":{"line":169,"column":5}},"type":"if","locations":[{"start":{"line":143,"column":11},"end":{"line":169,"column":5}},{"start":{"line":159,"column":11},"end":{"line":169,"column":5}}],"line":143},"13":{"loc":{"start":{"line":144,"column":6},"end":{"line":146,"column":35}},"type":"binary-expr","locations":[{"start":{"line":144,"column":6},"end":{"line":144,"column":16}},{"start":{"line":145,"column":9},"end":{"line":145,"column":30}},{"start":{"line":146,"column":9},"end":{"line":146,"column":35}}],"line":144},"14":{"loc":{"start":{"line":188,"column":2},"end":{"line":194,"column":3}},"type":"if","locations":[{"start":{"line":188,"column":2},"end":{"line":194,"column":3}},{"start":{"line":190,"column":9},"end":{"line":194,"column":3}}],"line":188},"15":{"loc":{"start":{"line":190,"column":9},"end":{"line":194,"column":3}},"type":"if","locations":[{"start":{"line":190,"column":9},"end":{"line":194,"column":3}},{"start":{"line":192,"column":9},"end":{"line":194,"column":3}}],"line":190},"16":{"loc":{"start":{"line":217,"column":4},"end":{"line":274,"column":5}},"type":"if","locations":[{"start":{"line":217,"column":4},"end":{"line":274,"column":5}},{"start":{"line":248,"column":11},"end":{"line":274,"column":5}}],"line":217},"17":{"loc":{"start":{"line":217,"column":8},"end":{"line":217,"column":67}},"type":"binary-expr","locations":[{"start":{"line":217,"column":8},"end":{"line":217,"column":16}},{"start":{"line":217,"column":20},"end":{"line":217,"column":39}},{"start":{"line":217,"column":43},"end":{"line":217,"column":67}}],"line":217},"18":{"loc":{"start":{"line":218,"column":6},"end":{"line":242,"column":7}},"type":"if","locations":[{"start":{"line":218,"column":6},"end":{"line":242,"column":7}},{"start":{"line":231,"column":13},"end":{"line":242,"column":7}}],"line":218},"19":{"loc":{"start":{"line":218,"column":10},"end":{"line":218,"column":75}},"type":"binary-expr","locations":[{"start":{"line":218,"column":10},"end":{"line":218,"column":20}},{"start":{"line":218,"column":24},"end":{"line":218,"column":45}},{"start":{"line":218,"column":49},"end":{"line":218,"column":75}}],"line":218},"20":{"loc":{"start":{"line":248,"column":11},"end":{"line":274,"column":5}},"type":"if","locations":[{"start":{"line":248,"column":11},"end":{"line":274,"column":5}},{"start":{"line":264,"column":11},"end":{"line":274,"column":5}}],"line":248},"21":{"loc":{"start":{"line":249,"column":6},"end":{"line":251,"column":35}},"type":"binary-expr","locations":[{"start":{"line":249,"column":6},"end":{"line":249,"column":16}},{"start":{"line":250,"column":9},"end":{"line":250,"column":30}},{"start":{"line":251,"column":9},"end":{"line":251,"column":35}}],"line":249},"22":{"loc":{"start":{"line":279,"column":2},"end":{"line":295,"column":3}},"type":"if","locations":[{"start":{"line":279,"column":2},"end":{"line":295,"column":3}},{"start":{},"end":{}}],"line":279},"23":{"loc":{"start":{"line":279,"column":6},"end":{"line":279,"column":68}},"type":"binary-expr","locations":[{"start":{"line":279,"column":6},"end":{"line":279,"column":15}},{"start":{"line":279,"column":19},"end":{"line":279,"column":39}},{"start":{"line":279,"column":43},"end":{"line":279,"column":68}}],"line":279},"24":{"loc":{"start":{"line":311,"column":2},"end":{"line":317,"column":3}},"type":"if","locations":[{"start":{"line":311,"column":2},"end":{"line":317,"column":3}},{"start":{"line":313,"column":9},"end":{"line":317,"column":3}}],"line":311},"25":{"loc":{"start":{"line":313,"column":9},"end":{"line":317,"column":3}},"type":"if","locations":[{"start":{"line":313,"column":9},"end":{"line":317,"column":3}},{"start":{"line":315,"column":9},"end":{"line":317,"column":3}}],"line":313},"26":{"loc":{"start":{"line":329,"column":2},"end":{"line":355,"column":3}},"type":"if","locations":[{"start":{"line":329,"column":2},"end":{"line":355,"column":3}},{"start":{"line":345,"column":9},"end":{"line":355,"column":3}}],"line":329},"27":{"loc":{"start":{"line":329,"column":6},"end":{"line":329,"column":71}},"type":"binary-expr","locations":[{"start":{"line":329,"column":6},"end":{"line":329,"column":16}},{"start":{"line":329,"column":20},"end":{"line":329,"column":41}},{"start":{"line":329,"column":45},"end":{"line":329,"column":71}}],"line":329},"28":{"loc":{"start":{"line":357,"column":2},"end":{"line":373,"column":3}},"type":"if","locations":[{"start":{"line":357,"column":2},"end":{"line":373,"column":3}},{"start":{},"end":{}}],"line":357},"29":{"loc":{"start":{"line":357,"column":6},"end":{"line":357,"column":68}},"type":"binary-expr","locations":[{"start":{"line":357,"column":6},"end":{"line":357,"column":15}},{"start":{"line":357,"column":19},"end":{"line":357,"column":39}},{"start":{"line":357,"column":43},"end":{"line":357,"column":68}}],"line":357},"30":{"loc":{"start":{"line":405,"column":4},"end":{"line":407,"column":5}},"type":"if","locations":[{"start":{"line":405,"column":4},"end":{"line":407,"column":5}},{"start":{},"end":{}}],"line":405},"31":{"loc":{"start":{"line":412,"column":4},"end":{"line":414,"column":5}},"type":"if","locations":[{"start":{"line":412,"column":4},"end":{"line":414,"column":5}},{"start":{},"end":{}}],"line":412},"32":{"loc":{"start":{"line":428,"column":15},"end":{"line":428,"column":28}},"type":"binary-expr","locations":[{"start":{"line":428,"column":15},"end":{"line":428,"column":22}},{"start":{"line":428,"column":26},"end":{"line":428,"column":28}}],"line":428},"33":{"loc":{"start":{"line":442,"column":17},"end":{"line":442,"column":52}},"type":"cond-expr","locations":[{"start":{"line":442,"column":30},"end":{"line":442,"column":45}},{"start":{"line":442,"column":48},"end":{"line":442,"column":52}}],"line":442},"34":{"loc":{"start":{"line":471,"column":2},"end":{"line":473,"column":3}},"type":"if","locations":[{"start":{"line":471,"column":2},"end":{"line":473,"column":3}},{"start":{},"end":{}}],"line":471},"35":{"loc":{"start":{"line":480,"column":4},"end":{"line":482,"column":5}},"type":"if","locations":[{"start":{"line":480,"column":4},"end":{"line":482,"column":5}},{"start":{},"end":{}}],"line":480},"36":{"loc":{"start":{"line":553,"column":2},"end":{"line":555,"column":3}},"type":"if","locations":[{"start":{"line":553,"column":2},"end":{"line":555,"column":3}},{"start":{},"end":{}}],"line":553},"37":{"loc":{"start":{"line":590,"column":2},"end":{"line":592,"column":3}},"type":"if","locations":[{"start":{"line":590,"column":2},"end":{"line":592,"column":3}},{"start":{},"end":{}}],"line":590},"38":{"loc":{"start":{"line":642,"column":2},"end":{"line":644,"column":3}},"type":"if","locations":[{"start":{"line":642,"column":2},"end":{"line":644,"column":3}},{"start":{},"end":{}}],"line":642},"39":{"loc":{"start":{"line":699,"column":2},"end":{"line":701,"column":3}},"type":"if","locations":[{"start":{"line":699,"column":2},"end":{"line":701,"column":3}},{"start":{},"end":{}}],"line":699},"40":{"loc":{"start":{"line":739,"column":4},"end":{"line":747,"column":5}},"type":"if","locations":[{"start":{"line":739,"column":4},"end":{"line":747,"column":5}},{"start":{},"end":{}}],"line":739},"41":{"loc":{"start":{"line":743,"column":6},"end":{"line":745,"column":7}},"type":"if","locations":[{"start":{"line":743,"column":6},"end":{"line":745,"column":7}},{"start":{},"end":{}}],"line":743},"42":{"loc":{"start":{"line":774,"column":8},"end":{"line":777,"column":9}},"type":"if","locations":[{"start":{"line":774,"column":8},"end":{"line":777,"column":9}},{"start":{},"end":{}}],"line":774},"43":{"loc":{"start":{"line":792,"column":4},"end":{"line":794,"column":5}},"type":"if","locations":[{"start":{"line":792,"column":4},"end":{"line":794,"column":5}},{"start":{},"end":{}}],"line":792},"44":{"loc":{"start":{"line":812,"column":4},"end":{"line":814,"column":5}},"type":"if","locations":[{"start":{"line":812,"column":4},"end":{"line":814,"column":5}},{"start":{},"end":{}}],"line":812},"45":{"loc":{"start":{"line":850,"column":4},"end":{"line":852,"column":5}},"type":"if","locations":[{"start":{"line":850,"column":4},"end":{"line":852,"column":5}},{"start":{},"end":{}}],"line":850}},"s":{"0":1,"1":1,"2":1,"3":1,"4":1,"5":1,"6":1,"7":1,"8":1,"9":1,"10":1,"11":1,"12":1,"13":1,"14":1,"15":1,"16":1,"17":1,"18":0,"19":1,"20":0,"21":1,"22":0,"23":1,"24":1,"25":1,"26":10,"27":5,"28":5,"29":5,"30":5,"31":1,"32":1,"33":0,"34":1,"35":3,"36":3,"37":1,"38":1,"39":2,"40":1,"41":1,"42":1,"43":1,"44":1,"45":0,"46":0,"47":0,"48":0,"49":0,"50":0,"51":0,"52":0,"53":0,"54":0,"55":0,"56":0,"57":0,"58":0,"59":0,"60":0,"61":0,"62":0,"63":0,"64":0,"65":0,"66":0,"67":0,"68":0,"69":1,"70":3,"71":3,"72":0,"73":3,"74":0,"75":3,"76":3,"77":3,"78":3,"79":3,"80":1,"81":0,"82":0,"83":1,"84":1,"85":2,"86":1,"87":1,"88":1,"89":0,"90":3,"91":0,"92":0,"93":0,"94":0,"95":3,"96":3,"97":3,"98":0,"99":1,"100":2,"101":2,"102":0,"103":2,"104":0,"105":2,"106":2,"107":2,"108":2,"109":0,"110":0,"111":0,"112":0,"113":2,"114":2,"115":0,"116":0,"117":0,"118":0,"119":2,"120":2,"121":2,"122":2,"123":0,"124":1,"125":11,"126":11,"127":11,"128":11,"129":1,"130":10,"131":10,"132":10,"133":0,"134":10,"135":10,"136":10,"137":10,"138":10,"139":0,"140":0,"141":1,"142":7,"143":7,"144":7,"145":7,"146":6,"147":1,"148":1,"149":1,"150":1,"151":0,"152":1,"153":0,"154":0,"155":0,"156":1,"157":1,"158":3,"159":3,"160":3,"161":2,"162":2,"163":2,"164":2,"165":2,"166":1,"167":1,"168":2,"169":2,"170":2,"171":1,"172":1,"173":1,"174":2,"175":2,"176":2,"177":2,"178":1,"179":1,"180":1,"181":0,"182":0,"183":0,"184":0,"185":0,"186":1,"187":1,"188":2,"189":2,"190":2,"191":2,"192":1,"193":1,"194":1,"195":0,"196":0,"197":0,"198":0,"199":1,"200":1,"201":7,"202":7,"203":7,"204":7,"205":6,"206":1,"207":1,"208":0,"209":0,"210":0,"211":0,"212":1,"213":1,"214":7,"215":7,"216":7,"217":6,"218":1,"219":1,"220":1,"221":1,"222":0,"223":1,"224":1,"225":1,"226":1,"227":1,"228":0,"229":0,"230":0,"231":0,"232":0,"233":0,"234":0,"235":0,"236":0,"237":0,"238":0,"239":0,"240":0,"241":0,"242":1,"243":1,"244":2,"245":2,"246":2,"247":2,"248":2,"249":1,"250":1,"251":1,"252":0,"253":0,"254":1,"255":1,"256":0,"257":1,"258":1,"259":1,"260":1,"261":1,"262":1,"263":0,"264":0,"265":0,"266":0,"267":0,"268":0,"269":0,"270":0,"271":0,"272":0,"273":1,"274":0,"275":0,"276":0,"277":0,"278":0,"279":0,"280":0,"281":0,"282":0,"283":0,"284":0,"285":0,"286":0,"287":0,"288":0,"289":0,"290":1},"f":{"0":1,"1":1,"2":10,"3":3,"4":0,"5":3,"6":2,"7":11,"8":7,"9":0,"10":3,"11":2,"12":2,"13":2,"14":0,"15":2,"16":0,"17":7,"18":0,"19":7,"20":1,"21":1,"22":0,"23":0,"24":0,"25":2,"26":1,"27":1,"28":0,"29":0,"30":0},"b":{"0":[0,1],"1":[0,1],"2":[0,1],"3":[5,5],"4":[1,2],"5":[1,1],"6":[0,0],"7":[0,0],"8":[0,0],"9":[0,0,0],"10":[0,0],"11":[0,0,0],"12":[0,0],"13":[0,0,0],"14":[0,3],"15":[0,3],"16":[1,2],"17":[3,3,1],"18":[0,1],"19":[1,1,1],"20":[1,1],"21":[2,2,1],"22":[0,3],"23":[3,0,0],"24":[0,2],"25":[0,2],"26":[0,2],"27":[2,1,0],"28":[0,2],"29":[2,0,0],"30":[1,10],"31":[0,10],"32":[10,0],"33":[0,10],"34":[6,1],"35":[0,1],"36":[1,1],"37":[1,1],"38":[6,1],"39":[6,1],"40":[0,0],"41":[0,0],"42":[0,1],"43":[0,1],"44":[0,0],"45":[0,0]},"_coverageSchema":"1a1c01bbd47fc00a2c39e90264f33305004495a9","hash":"3a42ccebe25294f73142b6acda3f940c9bdb044b"},"/code/src/Models/DemandSchema.js":{"path":"/code/src/Models/DemandSchema.js","statementMap":{"0":{"start":{"line":1,"column":17},"end":{"line":1,"column":36}},"1":{"start":{"line":3,"column":21},"end":{"line":118,"column":2}},"2":{"start":{"line":120,"column":0},"end":{"line":120,"column":56}}},"fnMap":{},"branchMap
[...]
96}},"11":{"start":{"line":24,"column":25},"end":{"line":24,"column":72}},"12":{"start":{"line":25,"column":2},"end":{"line":38,"column":5}},"13":{"start":{"line":26,"column":19},"end":{"line":26,"column":37}},"14":{"start":{"line":27,"column":19},"end":{"line":27,"column":62}},"15":{"start":{"line":28,"column":4},"end":{"line":36,"column":5}},"16":{"start":{"line":29,"column":6},"end":{"line":35,"column":9}},"17":{"start":{"line":37,"column":4},"end":{"line":37,"column":16}},"18":{"start":{"line":41,"column":28},"end":{"line":51,"column":1}},"19":{"start":{"line":42,"column":2},"end":{"line":44,"column":3}},"20":{"start":{"line":43,"column":4},"end":{"line":43,"column":56}},"21":{"start":{"line":45,"column":2},"end":{"line":47,"column":3}},"22":{"start":{"line":46,"column":4},"end":{"line":46,"column":63}},"23":{"start":{"line":48,"column":2},"end":{"line":50,"column":3}},"24":{"start":{"line":49,"column":4},"end":{"line":49,"column":59}},"25":{"start":{"line":53,"column":22},"end":{"line":61,"column":1}},"26":{"start":{"line":54,"column":17},"end":{"line":54,"column":50}},"27":{"start":{"line":55,"column":21},"end":{"line":55,"column":23}},"28":{"start":{"line":57,"column":2},"end":{"line":57,"column":48}},"29":{"start":{"line":58,"column":2},"end":{"line":58,"column":56}},"30":{"start":{"line":60,"column":2},"end":{"line":60,"column":50}},"31":{"start":{"line":63,"column":0},"end":{"line":66,"column":2}}},"fnMap":{"0":{"name":"(anonymous_0)","decl":{"start":{"line":4,"column":21},"end":{"line":4,"column":22}},"loc":{"start":{"line":4,"column":46},"end":{"line":13,"column":1}},"line":4},"1":{"name":"(anonymous_1)","decl":{"start":{"line":15,"column":20},"end":{"line":15,"column":21}},"loc":{"start":{"line":15,"column":36},"end":{"line":20,"column":1}},"line":15},"2":{"name":"(anonymous_2)","decl":{"start":{"line":22,"column":36},"end":{"line":22,"column":37}},"loc":{"start":{"line":22,"column":66},"end":{"line":39,"column":1}},"line":22},"3":{"name":"(anonymous_3)","decl":{"start":{"line":25,"column":28},"end":{"line":25,"column":29}},"loc":{"start":{"line":25,"column":45},"end":{"line":38,"column":3}},"line":25},"4":{"name":"(anonymous_4)","decl":{"start":{"line":41,"column":28},"end":{"line":41,"column":29}},"loc":{"start":{"line":41,"column":58},"end":{"line":51,"column":1}},"line":41},"5":{"name":"(anonymous_5)","decl":{"start":{"line":53,"column":22},"end":{"line":53,"column":23}},"loc":{"start":{"line":53,"column":42},"end":{"line":61,"column":1}},"line":53}},"branchMap":{"0":{"loc":{"start":{"line":8,"column":12},"end":{"line":8,"column":82}},"type":"cond-expr","locations":[{"start":{"line":8,"column":34},"end":{"line":8,"column":66}},{"start":{"line":8,"column":69},"end":{"line":8,"column":82}}],"line":8},"1":{"loc":{"start":{"line":9,"column":11},"end":{"line":9,"column":77}},"type":"cond-expr","locations":[{"start":{"line":9,"column":33},"end":{"line":9,"column":63}},{"start":{"line":9,"column":66},"end":{"line":9,"column":77}}],"line":9},"2":{"loc":{"start":{"line":16,"column":2},"end":{"line":18,"column":3}},"type":"if","locations":[{"start":{"line":16,"column":2},"end":{"line":18,"column":3}},{"start":{},"end":{}}],"line":16},"3":{"loc":{"start":{"line":26,"column":26},"end":{"line":26,"column":36}},"type":"binary-expr","locations":[{"start":{"line":26,"column":26},"end":{"line":26,"column":30}},{"start":{"line":26,"column":34},"end":{"line":26,"column":36}}],"line":26},"4":{"loc":{"start":{"line":27,"column":26},"end":{"line":27,"column":61}},"type":"binary-expr","locations":[{"start":{"line":27,"column":26},"end":{"line":27,"column":55}},{"start":{"line":27,"column":59},"end":{"line":27,"column":61}}],"line":27},"5":{"loc":{"start":{"line":28,"column":4},"end":{"line":36,"column":5}},"type":"if","locations":[{"start":{"line":28,"column":4},"end":{"line":36,"column":5}},{"start":{},"end":{}}],"line":28},"6":{"loc":{"start":{"line":31,"column":16},"end":{"line":31,"column":53}},"type":"cond-expr","locations":[{"start":{"line":31,"column":38},"end":{"line":31,"column":44}},{"start":{"line":31,"column":47},"end":{"line":31,"column":53}}],"line":31},"7":{"loc":{"start":{"line":32,"column":15},"end":{"line":32,"column":52}},"type":"cond-expr","locations":[{"start":{"line":32,"column":37},"end":{"line":32,"column":43}},{"start":{"line":32,"column":46},"end":{"line":32,"column":52}}],"line":32},"8":{"loc":{"start":{"line":42,"column":2},"end":{"line":44,"column":3}},"type":"if","locations":[{"start":{"line":42,"column":2},"end":{"line":44,"column":3}},{"start":{},"end":{}}],"line":42},"9":{"loc":{"start":{"line":45,"column":2},"end":{"line":47,"column":3}},"type":"if","locations":[{"start":{"line":45,"column":2},"end":{"line":47,"column":3}},{"start":{},"end":{}}],"line":45},"10":{"loc":{"start":{"line":48,"column":2},"end":{"line":50,"column":3}},"type":"if","locations":[{"start":{"line":48,"column":2},"end":{"line":50,"column":3}},{"start":{},"end":{}}],"line":48}},"s":{"0":2,"1":2,"2":2,"3":1,"4":1,"5":2,"6":0,"7":0,"8":0,"9":2,"10":0,"11":0,"12":0,"13":0,"14":0,"15":0,"16":0,"17":0,"18":2,"19":0,"20":0,"21":0,"22":0,"23":0,"24":0,"25":2,"26":1,"27":0,"28":0,"29":0,"30":0,"31":2},"f":{"0":1,"1":0,"2":0,"3":0,"4":0,"5":1},"b":{"0":[0,1],"1":[0,1],"2":[0,0],"3":[0,0],"4":[0,0],"5":[0,0],"6":[0,0],"7":[0,0],"8":[0,0],"9":[0,0],"10":[0,0]},"_coverageSchema":"1a1c01bbd47fc00a2c39e90264f33305004495a9","hash":"1bafb98c983f337ba1146b8ca70a008d2c4bbce2"},"/code/src/Models/FileSchema.js":{"path":"/code/src/Models/FileSchema.js","statementMap":{"0":{"start":{"line":1,"column":17},"end":{"line":1,"column":36}},"1":{"start":{"line":3,"column":19},"end":{"line":28,"column":2}},"2":{"start":{"line":30,"column":0},"end":{"line":30,"column":52}}},"fnMap":{},"branchMap":{},"s":{"0":1,"1":1,"2":1},"f":{},"b":{},"_coverageSchema":"1a1c01bbd47fc00a2c39e90264f33305004495a9","hash":"da8058dfff8640a7a8da14aa63810f5241e80d85"},"/code/src/Utils/multer.js":{"path":"/code/src/Utils/multer.js","statementMap":{"0":{"start":{"line":1,"column":15},"end":{"line":1,"column":32}},"1":{"start":{"line":2,"column":13},"end":{"line":2,"column":28}},"2":{"start":{"line":3,"column":15},"end":{"line":3,"column":32}},"3":{"start":{"line":5,"column":0},"end":{"line":38,"column":2}},"4":{"start":{"line":9,"column":6},"end":{"line":9,"column":72}},"5":{"start":{"line":12,"column":6},"end":{"line":19,"column":9}},"6":{"start":{"line":13,"column":8},"end":{"line":18,"column":9}},"7":{"start":{"line":14,"column":10},"end":{"line":14,"column":18}},"8":{"start":{"line":16,"column":27},"end":{"line":16,"column":73}},"9":{"start":{"line":17,"column":10},"end":{"line":17,"column":29}},"10":{"start":{"line":27,"column":26},"end":{"line":29,"column":5}},"11":{"start":{"line":31,"column":4},"end":{"line":35,"column":5}},"12":{"start":{"line":32,"column":6},"end":{"line":32,"column":21}},"13":{"start":{"line":34,"column":6},"end":{"line":34,"column":39}}},"fnMap":{"0":{"name":"(anonymous_0)","decl":{"start":{"line":8,"column":17},"end":{"line":8,"column":18}},"loc":{"start":{"line":8,"column":36},"end":{"line":10,"column":5}},"line":8},"1":{"name":"(anonymous_1)","decl":{"start":{"line":11,"column":14},"end":{"line":11,"column":15}},"loc":{"start":{"line":11,"column":33},"end":{"line":20,"column":5}},"line":11},"2":{"name":"(anonymous_2)","decl":{"start":{"line":12,"column":29},"end":{"line":12,"column":30}},"loc":{"start":{"line":12,"column":44},"end":{"line":19,"column":7}},"line":12},"3":{"name":"(anonymous_3)","decl":{"start":{"line":26,"column":14},"end":{"line":26,"column":15}},"loc":{"start":{"line":26,"column":33},"end":{"line":36,"column":3}},"line":26}},"branchMap":{"0":{"loc":{"start":{"line":13,"column":8},"end":{"line":18,"column":9}},"type":"if","locations":[{"start":{"line":13,"column":8},"end":{"line":18,"column":9}},{"start":{"line":15,"column":15},"end":{"line":18,"column":9}}],"line":13},"1":{"loc":{"start":{"line":31,"column":4},"end":{"line":35,"column":5}},"type":"if","locations":[{"start":{"line":31,"column":4},"end":{"line":35,"column":5}},{"start":{"line":33,"column":11},"end":{"line":35,"column":5}}],"line":31}},"s":{"0":1,"1":1,"2":1,"3":1,"4":0,"5":0,"6":0,"7":0,"8":0,"9":0,"10":0,"11":0,"12":0,"13":0},"f":{"0":0,"1":0,"2":0,"3":0},"b":{"0":[0,0],"1":[0,0]},"_coverageSchema":"1a1c01bbd47fc00a2c39e90264f33305004495a9","hash":"0a66a9fbbdde95df70fd96fdba7721d6011930c1"},"/code/src/Routes/alerts.routes.js":{"path":"/code/src/Routes/alerts.routes.js","statementMap":{"0":{"start":{"line":1,"column":24},"end":{"line":1,"column":65}},"1":{"start":{"line":2,"column":22},"end":{"line":2,"column":54}},"2":{"start":{"line":4,"column":21},"end":{"line":11,"column":1}},"3":{"start":{"line":5,"column":2},"end":{"line":5,"column":71}},"4":{"start":{"line":6,"column":2},"end":{"line":6,"column":74}},"5":{"start":{"line":7,"column":2},"end":{"line":7,"column":77}},"6":{"start":{"line":8,"column":2},"end":{"line":8,"column":60}},"7":{"start":{"line":9,"column":2},"end":{"line":9,"column":87}},"8":{"start":{"line":10,"column":2},"end":{"line":10,"column":87}},"9":{"start":{"line":13,"column":0},"end":{"line":13,"column":34}}},"fnMap":{"0":{"name":"(anonymous_0)","decl":{"start":{"line":4,"column":21},"end":{"line":4,"column":22}},"loc":{"start":{"line":4,"column":33},"end":{"line":11,"column":1}},"line":4}},"branchMap":{},"s":{"0":1,"1":1,"2":1,"3":1,"4":1,"5":1,"6":1,"7":1,"8":1,"9":1},"f":{"0":1},"b":{},"_coverageSchema":"1a1c01bbd47fc00a2c39e90264f33305004495a9","hash":"47c12e610928b81e7f34b26d53d46afb5087dfea"},"/code/src/Controllers/AlertController.js":{"path":"/code/src/Controllers/AlertController.js","statementMap":{"0":{"start":{"line":1,"column":15},"end":{"line":1,"column":41}},"1":{"start":{"line":2,"column":14},"end":{"line":2,"column":46}},"2":{"start":{"line":3,"column":19},"end":{"line":3,"column":47}},"3":{"start":{"line":5,"column":17},"end":{"line":9,"column":1}},"4":{"start":{"line":6,"column":17},"end":{"line":6,"column":35}},"5":{"start":{"line":8,"column":2},"end":{"line":8,"column":26}},"6":{"start":{"line":11,"column":27},"end":{"line":31,"column":1}},"7":{"start":{"line":12,"column":23},"end":{"line":12,"column":33}},"8":{"start":{"line":14,"column":25},"end":{"line":14,"column":27}},"9":{"start":{"line":15,"column":18},"end":{"line":15,"column":90}},"10":{"start":{"line":16,"column":25},"end":{"line":16,"column":112}},"11":{"start":{"line":18,"column":2},"end":{"line":30,"column":3}},"12":{"start":{"line":19,"column":19},"end":{"line":19,"column":49}},"13":{"start":{"line":20,"column":4},"end":{"line":26,"column":7}},"14":{"start":{"line":21,"column":6},"end":{"line":25,"column":7}},"15":{"start":{"line":22,"column":8},"end":{"line":24,"column":9}},"16":{"start":{"line":23,"column":10},"end":{"line":23,"column":37}},"17":{"start":{"line":27,"column":4},"end":{"line":27,"column":48}},"18":{"start":{"line":29,"column":4},"end":{"line":29,"column":91}},"19":{"start":{"line":33,"column":27},"end":{"line":53,"column":1}},"20":{"start":{"line":34,"column":23},"end":{"line":34,"column":33}},"21":{"start":{"line":36,"column":25},"end":{"line":36,"column":27}},"22":{"start":{"line":37,"column":18},"end":{"line":37,"column":90}},"23":{"start":{"line":38,"column":25},"end":{"line":38,"column":112}},"24":{"start":{"line":40,"column":2},"end":{"line":52,"column":3}},"25":{"start":{"line":41,"column":19},"end":{"line":41,"column":49}},"26":{"start":{"line":42,"column":4},"end":{"line":48,"column":7}},"27":{"start":{"line":43,"column":6},"end":{"line":47,"column":7}},"28":{"start":{"line":44,"column":8},"end":{"line":46,"column":9}},"29":{"start":{"line":45,"column":10},"end":{"line":45,"column":37}},"30":{"start":{"line":49,"column":4},"end":{"line":49,"column":48}},"31":{"start":{"line":51,"column":4},"end":{"line":51,"column":91}},"32":{"start":{"line":55,"column":20},"end":{"line":81,"column":1}},"33":{"start":{"line":58,"column":6},"end":{"line":58,"column":14}},"34":{"start":{"line":60,"column":22},"end":{"line":60,"column":91}},"35":{"start":{"line":62,"column":2},"end":{"line":64,"column":3}},"36":{"start":{"line":63,"column":4},"end":{"line":63,"column":57}},"37":{"start":{"line":66,"column":2},"end":{"line":80,"column":3}},"38":{"start":{"line":67,"column":21},"end":{"line":76,"column":6}},"39":{"start":{"line":77,"column":4},"end":{"line":77,"column":30}},"40":{"start":{"line":79,"column":4},"end":{"line":79,"column":87}},"41":{"start":{"line":83,"column":20},"end":{"line":110,"column":1}},"42":{"start":{"line":84,"column":17},"end":{"line":84,"column":27}},"43":{"start":{"line":87,"column":6},"end":{"line":87,"column":14}},"44":{"start":{"line":89,"column":22},"end":{"line":89,"column":91}},"45":{"start":{"line":91,"column":2},"end":{"line":93,"column":3}},"46":{"start":{"line":92,"column":4},"end":{"line":92,"column":57}},"47":{"start":{"line":95,"column":2},"end":{"line":109,"column":3}},"48":{"start":{"line":96,"column":25},"end":{"line":105,"column":37}},"49":{"start":{"line":105,"column":32},"end":{"line":105,"column":36}},"50":{"start":{"line":106,"column":4},"end":{"line":106,"column":34}},"51":{"start":{"line":108,"column":4},"end":{"line":108,"column":55}},"52":{"start":{"line":112,"column":20},"end":{"line":122,"column":1}},"53":{"start":{"line":113,"column":17},"end":{"line":113,"column":27}},"54":{"start":{"line":115,"column":2},"end":{"line":121,"column":3}},"55":{"start":{"line":116,"column":4},"end":{"line":116,"column":39}},"56":{"start":{"line":118,"column":4},"end":{"line":118,"column":44}},"57":{"start":{"line":120,"column":4},"end":{"line":120,"column":56}},"58":{"start":{"line":124,"column":0},"end":{"line":126,"column":2}}},"fnMap":{"0":{"name":"(anonymous_0)","decl":{"start":{"line":5,"column":17},"end":{"line":5,"column":18}},"loc":{"start":{"line":5,"column":37},"end":{"line":9,"column":1}},"line":5},"1":{"name":"(anonymous_1)","decl":{"start":{"line":11,"column":27},"end":{"line":11,"column":28}},"loc":{"start":{"line":11,"column":47},"end":{"line":31,"column":1}},"line":11},"2":{"name":"(anonymous_2)","decl":{"start":{"line":20,"column":19},"end":{"line":20,"column":20}},"loc":{"start":{"line":20,"column":30},"end":{"line":26,"column":5}},"line":20},"3":{"name":"(anonymous_3)","decl":{"start":{"line":33,"column":27},"end":{"line":33,"column":28}},"loc":{"start":{"line":33,"column":47},"end":{"line":53,"column":1}},"line":33},"4":{"name":"(anonymous_4)","decl":{"start":{"line":42,"column":19},"end":{"line":42,"column":20}},"loc":{"start":{"line":42,"column":30},"end":{"line":48,"column":5}},"line":42},"5":{"name":"(anonymous_5)","decl":{"start":{"line":55,"column":20},"end":{"line":55,"column":21}},"loc":{"start":{"line":55,"column":40},"end":{"line":81,"column":1}},"line":55},"6":{"name":"(anonymous_6)","decl":{"start":{"line":83,"column":20},"end":{"line":83,"column":21}},"loc":{"start":{"line":83,"column":40},"end":{"line":110,"column":1}},"line":83},"7":{"name":"(anonymous_7)","decl":{"start":{"line":105,"column":22},"end":{"line":105,"column":23}},"loc":{"start":{"line":105,"column":32},"end":{"line":105,"column":36}},"line":105},"8":{"name":"(anonymous_8)","decl":{"start":{"line":112,"column":20},"end":{"line":112,"column":21}},"loc":{"start":{"line":112,"column":40},"end":{"line":122,"column":1}},"line":112}},"branchMap":{"0":{"loc":{"start":{"line":21,"column":6},"end":{"line":25,"column":7}},"type":"if","locations":[{"start":{"line":21,"column":6},"end":{"line":25,"column":7}},{"start":{},"end":{}}],"line":21},"1":{"loc":{"start":{"line":22,"column":8},"end":{"line":24,"column":9}},"type":"if","locations":[{"start":{"line":22,"column":8},"end":{"line":24,"column":9}},{"start":{},"end":{}}],"line":22},"2":{"loc":{"start":{"line":43,"column":6},"end":{"line":47,"column":7}},"type":"if","locations":[{"start":{"line":43,"column":6},"end":{"line":47,"column":7}},{"start":{},"end":{}}],"line":43},"3":{"loc":{"start":{"line":43,"column":10},"end":{"line":43,"column":87}},"type":"binary-expr","locations":[{"start":{"line":43,"column":10},"end":{"line":43,"column":59}},{"start":{"line":43,"column":63},"end":{"line":43,"column":87}}],"line":43},"4":{"loc":{"start":{"line":44,"column":8},"end":{"line":46,"column":9}},"type":"if","locations":[{"start":{"line":44,"column":8},"end":{"line":46,"column":9}},{"start":{},"end":{}}],"line":44},"5":{"loc":{"start":{"line":44,"column":12},"end":{"line":44,"column":81}},"type":"binary-expr","locations":[{"start":{"line":44,"column":12},"end":{"line":44,"column":53}},{"start":{"line":44,"column":57},"end":{"line":44,"column":81}}],"line":44},"6":{"loc":{"start":{"line":62,"column":2},"end":{"line":64,"column":3}},"type":"if","locations":[{"start":{"line":62,"column":2},"end":{"line":64,"column":3}},{"start":{},"end":{}}],"line":62},"7":{"loc":{"start":{"line":91,"column":2},"end":{"line":93,"column":3}},"type":"if","locations":[{"start":{"line":91,"column":2},"end":{"line":93,"column":3}},{"start":{},"end":{}}],"line":91}},"s":{"0":1,"1":1,"2":1,"3":1,"4":1,"5":1,"6":1,"7":1,"8":1,"9":1,"10":1,"11":1,"12":1,"13":1,"14":1,"15":1,"16":1,"17":1,"18":0,"19":1,"20":1,"21":1,"22":1,"23":1,"24":1,"25":1,"26":1,"27":1,"28":1,"29":1,"30":1,"31":0,"32":1,"33":2,"34":2,"35":2,"36":1,"37":1,"38":1,"39":1,"40":0,"41":1,"42":3,"43":3,"44":3,"45":3,"46":1,"47":2,"48":2,"49":2,"50":1,"51":1,"52":1,"53":2,"54":2,"55":2,"56":1,"57":1,"58":1},"f":{"0":1,"1":1,"2":1,"3":1,"4":1,"5":2,"6":3,"7":2,"8":2},"b":{"0":[1,0],"1":[1,0],"2":[1,0],"3":[1,0],"4":[1,0],"5":[1,0],"6":[1,1],"7":[1,2]},"_coverageSchema":"1a1c01bbd47fc00a2c39e90264f33305004495a9","hash":"571e466d33e209b925975f22c072f67c84d4ce67"},"/code/src/Models/AlertSchema.js":{"path":"/code/src/Models/AlertSchema.js","statementMap":{"0":{"start":{"line":1,"column":17},"end":{"line":1,"column":36}},"1":{"start":{"line":3,"column":20},"end":{"line":42,"column":2}},"2":{"start":{"line":44,"column":0},"end":{"line":44,"column":54}}},"fnMap":{},"branchMap":{},"s":{"0":1,"1":1,"2":1},"f":{},"b":{},"_coverageSchema":"1a1c01bbd47fc00a2c39e90264f33305004495a9","hash":"62372c19abc9eefcaec04e25382f89c454a99b86"},"/code/src/Utils/mailer.js":{"path":"/code/src/Utils/mailer.js","statementMap":{"0":{"start":{"line":24,"column":32},"end":{"line":32,"column":1}},"1":{"start":{"line":25,"column":18},"end":{"line":25,"column":33}},"2":{"start":{"line":26,"column":13},"end":{"line":26,"column":15}},"3":{"start":{"line":27,"column":2},"end":{"line":27,"column":56}},"4":{"start":{"line":28,"column":2},"end":{"line":28,"column":15}},"5":{"start":{"line":29,"column":2},"end":{"line":29,"column":35}},"6":{"start":{"line":30,"column":2},"end":{"line":30,"column":47}},"7":{"start":{"line":31,"column":2},"end":{"line":31,"column":27}},"8":{"start":{"line":34,"column":31},"end":{"line":42,"column":1}},"9":{"start":{"line":35,"column":18},"end":{"line":35,"column":45}},"10":{"start":{"line":36,"column":13},"end":{"line":36,"column":15}},"11":{"start":{"line":37,"column":2},"end":{"line":37,"column":79}},"12":{"start":{"line":38,"column":2},"end":{"line":38,"column":15}},"13":{"start":{"line":39,"column":2},"end":{"line":39,"column":35}},"14":{"start":{"line":40,"column":2},"end":{"line":40,"column":47}},"15":{"start":{"line":41,"column":2},"end":{"line":41,"column":27}},"16":{"start":{"line":44,"column":0},"end":{"line":47,"column":2}}},"fnMap":{"0":{"name":"(anonymous_0)","decl":{"start":{"line":24,"column":32},"end":{"line":24,"column":33}},"loc":{"start":{"line":24,"column":44},"end":{"line":32,"column":1}},"line":24},"1":{"name":"(anonymous_1)","decl":{"start":{"line":34,"column":31},"end":{"line":34,"column":32}},"loc":{"start":{"line":34,"column":61},"end":{"line":42,"column":1}},"line":34}},"branchMap":{},"s":{"0":1,"1":1,"2":1,"3":1,"4":1,"5":1,"6":1,"7":1,"8":1,"9":1,"10":1,"11":1,"12":1,"13":1,"14":1,"15":1,"16":1},"f":{"0":1,"1":1},"b":{},"_coverageSchema":"1a1c01bbd47fc00a2c39e90264f33305004495a9","hash":"a6cc0205fa477c976f4bee616003fcadb66352dc"}}}