{"numFailedTestSuites":0,"numFailedTests":0,"numPassedTestSuites":2,"numPassedTests":76,"numPendingTestSuites":0,"numPendingTests":0,"numRuntimeErrorTestSuites":0,"numTodoTests":0,"numTotalTestSuites":2,"numTotalTests":76,"openHandles":[],"snapshot":{"added":0,"didUpdate":false,"failure":false,"filesAdded":0,"filesRemoved":0,"filesRemovedList":[],"filesUnmatched":0,"filesUpdated":0,"matched":0,"total":0,"unchecked":0,"uncheckedKeysByFile":[],"unmatched":0,"updated":0},"startTime":1646252006522,"success":true,"testResults":[{"assertionResults":[{"ancestorTitles":["Sample Test"],"failureMessages":[],"fullName":"Sample Test App is defined","location":null,"status":"passed","title":"App is defined"},{"ancestorTitles":["Sample Test"],"failureMessages":[],"fullName":"Sample Test Get newest four demands","location":null,"status":"passed","title":"Get newest four demands"},{"ancestorTitles":["Sample Test"],"failureMessages":[],"fullName":"Sample Test Post category","location":null,"status":"passed","title":"Post category"},{"ancestorTitles":["Sample Test"],"failureMessages":[],"fullName":"Sample Test Post category 2","location":null,"status":"passed","title":"Post category 2"},{"ancestorTitles":["Sample Test"],"failureMessages":[],"fullName":"Sample Test Post category error","location":null,"status":"passed","title":"Post category error"},{"ancestorTitles":["Sample Test"],"failureMessages":[],"fullName":"Sample Test Get category","location":null,"status":"passed","title":"Get category"},{"ancestorTitles":["Sample Test"],"failureMessages":[],"fullName":"Sample Test Get id category","location":null,"status":"passed","title":"Get id category"},{"ancestorTitles":["Sample Test"],"failureMessages":[],"fullName":"Sample Test Get id category error","location":null,"status":"passed","title":"Get id category error"},{"ancestorTitles":["Sample Test"],"failureMessages":[],"fullName":"Sample Test Update category","location":null,"status":"passed","title":"Update category"},{"ancestorTitles":["Sample Test"],"failureMessages":[],"fullName":"Sample Test Update category error","location":null,"status":"passed","title":"Update category error"},{"ancestorTitles":["Sample Test"],"failureMessages":[],"fullName":"Sample Test Update with invalid id","location":null,"status":"passed","title":"Update with invalid id"},{"ancestorTitles":["Sample Test"],"failureMessages":[],"fullName":"Sample Test Update category without token","location":null,"status":"passed","title":"Update category without token"},{"ancestorTitles":["Sample Test"],"failureMessages":[],"fullName":"Sample Test Update category with invalid token","location":null,"status":"passed","title":"Update category with invalid token"},{"ancestorTitles":["Sample Test"],"failureMessages":[],"fullName":"Sample Test Post demand","location":null,"status":"passed","title":"Post demand"},{"ancestorTitles":["Sample Test"],"failureMessages":[],"fullName":"Sample Test Post closed demand","location":null,"status":"passed","title":"Post closed demand"},{"ancestorTitles":["Sample Test"],"failureMessages":[],"fullName":"Sample Test Post demand error","location":null,"status":"passed","title":"Post demand error"},{"ancestorTitles":["Sample Test"],"failureMessages":[],"fullName":"Sample Test Get demand","location":null,"status":"passed","title":"Get demand"},{"ancestorTitles":["Sample Test"],"failureMessages":[],"fullName":"Sample Test Get demand","location":null,"status":"passed","title":"Get demand"},{"ancestorTitles":["Sample Test"],"failureMessages":[],"fullName":"Sample Test Get id demand","location":null,"status":"passed","title":"Get id demand"},{"ancestorTitles":["Sample Test"],"failureMessages":[],"fullName":"Sample Test Get id demand error","location":null,"status":"passed","title":"Get id demand error"},{"ancestorTitles":["Sample Test"],"failureMessages":[],"fullName":"Sample Test Close/Open demand","location":null,"status":"passed","title":"Close/Open demand"},{"ancestorTitles":["Sample Test"],"failureMessages":[],"fullName":"Sample Test Get closed demand","location":null,"status":"passed","title":"Get closed demand"},{"ancestorTitles":["Sample Test"],"failureMessages":[],"fullName":"Sample Test Close/Open demand","location":null,"status":"passed","title":"Close/Open demand"},{"ancestorTitles":["Sample Test"],"failureMessages":[],"fullName":"Sample Test toggle demand error","location":null,"status":"passed","title":"toggle demand error"},{"ancestorTitles":["Sample Test"],"failureMessages":[],"fullName":"Sample Test Get category statistics","location":null,"status":"passed","title":"Get category statistics"},{"ancestorTitles":["Sample Test"],"failureMessages":[],"fullName":"Sample Test Get sector statistics","location":null,"status":"passed","title":"Get sector statistics"},{"ancestorTitles":["Sample Test"],"failureMessages":[],"fullName":"Sample Test Get category statistics filtered by category","location":null,"status":"passed","title":"Get category statistics filtered by category"},{"ancestorTitles":["Sample Test"],"failureMessages":[],"fullName":"Sample Test Get category statistics filtered by category and sector","location":null,"status":"passed","title":"Get category statistics filtered by category and sector"},{"ancestorTitles":["Sample Test"],"failureMessages":[],"fullName":"Sample Test Get sector statistics filtered by category","location":null,"status":"passed","title":"Get sector statistics filtered by category"},{"ancestorTitles":["Sample Test"],"failureMessages":[],"fullName":"Sample Test Update demand error name","location":null,"status":"passed","title":"Update demand error name"},{"ancestorTitles":["Sample Test"],"failureMessages":[],"fullName":"Sample Test Update demand error description","location":null,"status":"passed","title":"Update demand error description"},{"ancestorTitles":["Sample Test"],"failureMessages":[],"fullName":"Sample Test Update demand error category","location":null,"status":"passed","title":"Update demand error category"},{"ancestorTitles":["Sample Test"],"failureMessages":[],"fullName":"Sample Test Update demand error sector","location":null,"status":"passed","title":"Update demand error sector"},{"ancestorTitles":["Sample Test"],"failureMessages":[],"fullName":"Sample Test Update demand error client","location":null,"status":"passed","title":"Update demand error client"},{"ancestorTitles":["Sample Test"],"failureMessages":[],"fullName":"Sample Test Update demand error user","location":null,"status":"passed","title":"Update demand error user"},{"ancestorTitles":["Sample Test"],"failureMessages":[],"fullName":"Sample Test Update with invalid id","location":null,"status":"passed","title":"Update with invalid id"},{"ancestorTitles":["Sample Test"],"failureMessages":[],"fullName":"Sample Test Update demand without token","location":null,"status":"passed","title":"Update demand without token"},{"ancestorTitles":["Sample Test"],"failureMessages":[],"fullName":"Sample Test Update demand with invalid token","location":null,"status":"passed","title":"Update demand with invalid token"},{"ancestorTitles":["Sample Test"],"failureMessages":[],"fullName":"Sample Test Update Demand Sector error","location":null,"status":"passed","title":"Update Demand Sector error"},{"ancestorTitles":["Sample Test"],"failureMessages":[],"fullName":"Sample Test Update Demand Sector ID error","location":null,"status":"passed","title":"Update Demand Sector ID error"},{"ancestorTitles":["Sample Test"],"failureMessages":[],"fullName":"Sample Test Forward Demand error","location":null,"status":"passed","title":"Forward Demand error"},{"ancestorTitles":["Sample Test"],"failureMessages":[],"fullName":"Sample Test Forward Demand ID error","location":null,"status":"passed","title":"Forward Demand ID error"},{"ancestorTitles":["Sample Test"],"failureMessages":[],"fullName":"Sample Test Create Demand Update userName error","location":null,"status":"passed","title":"Create Demand Update userName error"},{"ancestorTitles":["Sample Test"],"failureMessages":[],"fullName":"Sample Test Create Demand Update description error","location":null,"status":"passed","title":"Create Demand Update description error"},{"ancestorTitles":["Sample Test"],"failureMessages":[],"fullName":"Sample Test Create Demand Update visibilityRestriction error","location":null,"status":"passed","title":"Create Demand Update visibilityRestriction error"},{"ancestorTitles":["Sample Test"],"failureMessages":[],"fullName":"Sample Test Create Demand Update sectorID error","location":null,"status":"passed","title":"Create Demand Update sectorID error"},{"ancestorTitles":["Sample Test"],"failureMessages":[],"fullName":"Sample Test Create Demand Update ID error","location":null,"status":"passed","title":"Create Demand Update ID error"},{"ancestorTitles":["Sample Test"],"failureMessages":[],"fullName":"Sample Test Create Demand Update userID error","location":null,"status":"passed","title":"Create Demand Update userID error"},{"ancestorTitles":["Sample Test"],"failureMessages":[],"fullName":"Sample Test Create Demand Update important error","location":null,"status":"passed","title":"Create Demand Update important error"},{"ancestorTitles":["Sample Test"],"failureMessages":[],"fullName":"Sample Test Update Demand Update userName error","location":null,"status":"passed","title":"Update Demand Update userName error"},{"ancestorTitles":["Sample Test"],"failureMessages":[],"fullName":"Sample Test Update Demand Update description error","location":null,"status":"passed","title":"Update Demand Update description error"},{"ancestorTitles":["Sample Test"],"failureMessages":[],"fullName":"Sample Test Update Demand Update visibilityRestriction error","location":null,"status":"passed","title":"Update Demand Update visibilityRestriction error"},{"ancestorTitles":["Sample Test"],"failureMessages":[],"fullName":"Sample Test Update Demand Update sectorID error","location":null,"status":"passed","title":"Update Demand Update sectorID error"},{"ancestorTitles":["Sample Test"],"failureMessages":[],"fullName":"Sample Test Update Demand Update ID error","location":null,"status":"passed","title":"Update Demand Update ID error"},{"ancestorTitles":["Sample Test"],"failureMessages":[],"fullName":"Sample Test Update Demand Update userID error","location":null,"status":"passed","title":"Update Demand Update userID error"},{"ancestorTitles":["Sample Test"],"failureMessages":[],"fullName":"Sample Test Update Demand Update important error","location":null,"status":"passed","title":"Update Demand Update important error"},{"ancestorTitles":["Sample Test"],"failureMessages":[],"fullName":"Sample Test Delete Demand Update Error","location":null,"status":"passed","title":"Delete Demand Update Error"},{"ancestorTitles":["Sample Test"],"failureMessages":[],"fullName":"Sample Test Delete category","location":null,"status":"passed","title":"Delete category"},{"ancestorTitles":["Sample Test"],"failureMessages":[],"fullName":"Sample Test Delete category error","location":null,"status":"passed","title":"Delete category error"},{"ancestorTitles":["Sample Test"],"failureMessages":[],"fullName":"Sample Test Return demands with clients names","location":null,"status":"passed","title":"Return demands with clients names"},{"ancestorTitles":["Sample Test"],"failureMessages":[],"fullName":"Sample Test Get demand history","location":null,"status":"passed","title":"Get demand history"},{"ancestorTitles":["Sample Test"],"failureMessages":[],"fullName":"Sample Test Get demand history error","location":null,"status":"passed","title":"Get demand history error"},{"ancestorTitles":["Sample Test"],"failureMessages":[],"fullName":"Sample Test Post alert","location":null,"status":"passed","title":"Post alert"},{"ancestorTitles":["Sample Test"],"failureMessages":[],"fullName":"Sample Test Post alert validation error","location":null,"status":"passed","title":"Post alert validation error"},{"ancestorTitles":["Sample Test"],"failureMessages":[],"fullName":"Sample Test Get alerts","location":null,"status":"passed","title":"Get alerts"},{"ancestorTitles":["Sample Test"],"failureMessages":[],"fullName":"Sample Test Get alerts by demand","location":null,"status":"passed","title":"Get alerts by demand"},{"ancestorTitles":["Sample Test"],"failureMessages":[],"fullName":"Sample Test Get alerts by sector","location":null,"status":"passed","title":"Get alerts by sector"},{"ancestorTitles":["Sample Test"],"failureMessages":[],"fullName":"Sample Test Update alert","location":null,"status":"passed","title":"Update alert"},{"ancestorTitles":["Sample Test"],"failureMessages":[],"fullName":"Sample Test Update alert error","location":null,"status":"passed","title":"Update alert error"},{"ancestorTitles":["Sample Test"],"failureMessages":[],"fullName":"Sample Test Update alert with invalid id","location":null,"status":"passed","title":"Update alert with invalid id"},{"ancestorTitles":["Sample Test"],"failureMessages":[],"fullName":"Sample Test Update alert without token","location":null,"status":"passed","title":"Update alert without token"},{"ancestorTitles":["Sample Test"],"failureMessages":[],"fullName":"Sample Test Update alert with invalid token","location":null,"status":"passed","title":"Update alert with invalid token"},{"ancestorTitles":["Sample Test"],"failureMessages":[],"fullName":"Sample Test Delete alert","location":null,"status":"passed","title":"Delete alert"},{"ancestorTitles":["Sample Test"],"failureMessages":[],"fullName":"Sample Test Delete alert error","location":null,"status":"passed","title":"Delete alert error"}],"endTime":1646252010143,"message":"","name":"/code/tests/api.test.js","startTime":1646252006975,"status":"passed","summary":""},{"assertionResults":[{"ancestorTitles":[],"failureMessages":[],"fullName":"Should get clients","location":null,"status":"passed","title":"Should get clients"},{"ancestorTitles":[],"failureMessages":[],"fullName":"Should get user","location":null,"status":"passed","title":"Should get user"}],"endTime":1646252010274,"message":"","name":"/code/tests/services.test.js","startTime":1646252010191,"status":"passed","summary":""}],"wasInterrupted":false,"coverageMap":{"/code/src/index.js":{"path":"/code/src/index.js","statementMap":{"0":{"start":{"line":1,"column":16},"end":{"line":1,"column":34}},"1":{"start":{"line":2,"column":17},"end":{"line":2,"column":36}},"2":{"start":{"line":3,"column":13},"end":{"line":3,"column":28}},"3":{"start":{"line":4,"column":15},"end":{"line":4,"column":46}},"4":{"start":{"line":5,"column":0},"end":{"line":5,"column":27}},"5":{"start":{"line":13,"column":4},"end":{"line":13,"column":15}},"6":{"start":{"line":15,"column":12},"end":{"line":15,"column":67}},"7":{"start":{"line":17,"column":0},"end":{"line":23,"column":5}},"8":{"start":{"line":19,"column":4},"end":{"line":19,"column":40}},"9":{"start":{"line":22,"column":4},"end":{"line":22,"column":55}},"10":{"start":{"line":25,"column":12},"end":{"line":25,"column":21}},"11":{"start":{"line":26,"column":0},"end":{"line":26,"column":16}},"12":{"start":{"line":27,"column":0},"end":{"line":27,"column":24}},"13":{"start":{"line":28,"column":0},"end":{"line":28,"column":16}},"14":{"start":{"line":30,"column":0},"end":{"line":32,"column":3}},"15":{"start":{"line":31,"column":2},"end":{"line":31,"column":48}},"16":{"start":{"line":34,"column":0},"end":{"line":34,"column":21}}},"fnMap":{"0":{"name":"(anonymous_0)","decl":{"start":{"line":18,"column":8},"end":{"line":18,"column":9}},"loc":{"start":{"line":18,"column":14},"end":{"line":20,"column":3}},"line":18},"1":{"name":"(anonymous_1)","decl":{"start":{"line":21,"column":9},"end":{"line":21,"column":10}},"loc":{"start":{"line":21,"column":18},"end":{"line":23,"column":3}},"line":21},"2":{"name":"(anonymous_2)","decl":{"start":{"line":30,"column":17},"end":{"line":30,"column":18}},"loc":{"start":{"line":30,"column":23},"end":{"line":32,"column":1}},"line":30}},"branchMap":{},"s":{"0":1,"1":1,"2":1,"3":1,"4":1,"5":1,"6":1,"7":1,"8":1,"9":0,"10":1,"11":1,"12":1,"13":1,"14":1,"15":1,"16":1},"f":{"0":1,"1":0,"2":1},"b":{},"_coverageSchema":"1a1c01bbd47fc00a2c39e90264f33305004495a9","hash":"aacca96a70a8985919e6379205efb478fd454dbd"},"/code/src/Routes/routes.js":{"path":"/code/src/Routes/routes.js","statementMap":{"0":{"start":{"line":1,"column":16},"end":{"line":1,"column":34}},"1":{"start":{"line":2,"column":29},"end":{"line":2,"column":59}},"2":{"start":{"line":3,"column":26},"end":{"line":3,"column":53}},"3":{"start":{"line":4,"column":25},"end":{"line":4,"column":51}},"4":{"start":{"line":6,"column":15},"end":{"line":6,"column":31}},"5":{"start":{"line":8,"column":0},"end":{"line":8,"column":25}},"6":{"start":{"line":9,"column":0},"end":{"line":9,"column":22}},"7":{"start":{"line":10,"column":0},"end":{"line":10,"column":21}},"8":{"start":{"line":12,"column":0},"end":{"line":12,"column":24}}},"fnMap":{},"branchMap":{},"s":{"0":1,"1":1,"2":1,"3":1,"4":1,"5":1,"6":1,"7":1,"8":1},"f":{},"b":{},"_coverageSchema":"1a1c01bbd47fc00a2c39e90264f33305004495a9","hash":"73a078d8cc6c8748e763545a73a0ff6ebbd4c944"},"/code/src/Routes/categories.routes.js":{"path":"/code/src/Routes/categories.routes.js","statementMap":{"0":{"start":{"line":1,"column":27},"end":{"line":1,"column":71}},"1":{"start":{"line":2,"column":22},"end":{"line":2,"column":54}},"2":{"start":{"line":4,"column":25},"end":{"line":10,"column":1}},"3":{"start":{"line":5,"column":2},"end":{"line":5,"column":69}},"4":{"start":{"line":6,"column":2},"end":{"line":6,"column":72}},"5":{"start":{"line":7,"column":2},"end":{"line":7,"column":80}},"6":{"start":{"line":8,"column":2},"end":{"line":8,"column":83}},"7":{"start":{"line":9,"column":2},"end":{"line":9,"column":86}},"8":{"start":{"line":12,"column":0},"end":{"line":12,"column":38}}},"fnMap":{"0":{"name":"(anonymous_0)","decl":{"start":{"line":4,"column":25},"end":{"line":4,"column":26}},"loc":{"start":{"line":4,"column":37},"end":{"line":10,"column":1}},"line":4}},"branchMap":{},"s":{"0":1,"1":1,"2":1,"3":1,"4":1,"5":1,"6":1,"7":1,"8":1},"f":{"0":1},"b":{},"_coverageSchema":"1a1c01bbd47fc00a2c39e90264f33305004495a9","hash":"9829bc31c885b65115f142f9eee27d587cbc8dcb"},"/code/src/Controllers/CategoryController.js":{"path":"/code/src/Controllers/CategoryController.js","statementMap":{"0":{"start":{"line":1,"column":15},"end":{"line":1,"column":41}},"1":{"start":{"line":2,"column":17},"end":{"line":2,"column":52}},"2":{"start":{"line":3,"column":19},"end":{"line":3,"column":47}},"3":{"start":{"line":5,"column":20},"end":{"line":9,"column":1}},"4":{"start":{"line":6,"column":21},"end":{"line":6,"column":42}},"5":{"start":{"line":8,"column":2},"end":{"line":8,"column":30}},"6":{"start":{"line":11,"column":23},"end":{"line":29,"column":1}},"7":{"start":{"line":12,"column":39},"end":{"line":12,"column":47}},"8":{"start":{"line":14,"column":22},"end":{"line":14,"column":75}},"9":{"start":{"line":16,"column":2},"end":{"line":18,"column":3}},"10":{"start":{"line":17,"column":4},"end":{"line":17,"column":57}},"11":{"start":{"line":20,"column":22},"end":{"line":26,"column":4}},"12":{"start":{"line":28,"column":2},"end":{"line":28,"column":31}},"13":{"start":{"line":31,"column":23},"end":{"line":52,"column":1}},"14":{"start":{"line":32,"column":17},"end":{"line":32,"column":27}},"15":{"start":{"line":33,"column":39},"end":{"line":33,"column":47}},"16":{"start":{"line":35,"column":22},"end":{"line":35,"column":75}},"17":{"start":{"line":37,"column":2},"end":{"line":39,"column":3}},"18":{"start":{"line":38,"column":4},"end":{"line":38,"column":57}},"19":{"start":{"line":41,"column":2},"end":{"line":51,"column":3}},"20":{"start":{"line":42,"column":25},"end":{"line":47,"column":37}},"21":{"start":{"line":47,"column":32},"end":{"line":47,"column":36}},"22":{"start":{"line":48,"column":4},"end":{"line":48,"column":34}},"23":{"start":{"line":50,"column":4},"end":{"line":50,"column":55}},"24":{"start":{"line":54,"column":23},"end":{"line":64,"column":1}},"25":{"start":{"line":55,"column":17},"end":{"line":55,"column":27}},"26":{"start":{"line":57,"column":2},"end":{"line":63,"column":3}},"27":{"start":{"line":58,"column":4},"end":{"line":58,"column":42}},"28":{"start":{"line":60,"column":4},"end":{"line":60,"column":44}},"29":{"start":{"line":62,"column":4},"end":{"line":62,"column":56}},"30":{"start":{"line":66,"column":19},"end":{"line":75,"column":1}},"31":{"start":{"line":67,"column":17},"end":{"line":67,"column":27}},"32":{"start":{"line":69,"column":2},"end":{"line":74,"column":3}},"33":{"start":{"line":70,"column":21},"end":{"line":70,"column":56}},"34":{"start":{"line":71,"column":4},"end":{"line":71,"column":42}},"35":{"start":{"line":73,"column":4},"end":{"line":73,"column":55}},"36":{"start":{"line":77,"column":0},"end":{"line":79,"column":2}}},"fnMap":{"0":{"name":"(anonymous_0)","decl":{"start":{"line":5,"column":20},"end":{"line":5,"column":21}},"loc":{"start":{"line":5,"column":40},"end":{"line":9,"column":1}},"line":5},"1":{"name":"(anonymous_1)","decl":{"start":{"line":11,"column":23},"end":{"line":11,"column":24}},"loc":{"start":{"line":11,"column":43},"end":{"line":29,"column":1}},"line":11},"2":{"name":"(anonymous_2)","decl":{"start":{"line":31,"column":23},"end":{"line":31,"column":24}},"loc":{"start":{"line":31,"column":43},"end":{"line":52,"column":1}},"line":31},"3":{"name":"(anonymous_3)","decl":{"start":{"line":47,"column":22},"end":{"line":47,"column":23}},"loc":{"start":{"line":47,"column":32},"end":{"line":47,"column":36}},"line":47},"4":{"name":"(anonymous_4)","decl":{"start":{"line":54,"column":23},"end":{"line":54,"column":24}},"loc":{"start":{"line":54,"column":43},"end":{"line":64,"column":1}},"line":54},"5":{"name":"(anonymous_5)","decl":{"start":{"line":66,"column":19},"end":{"line":66,"column":20}},"loc":{"start":{"line":66,"column":39},"end":{"line":75,"column":1}},"line":66}},"branchMap":{"0":{"loc":{"start":{"line":16,"column":2},"end":{"line":18,"column":3}},"type":"if","locations":[{"start":{"line":16,"column":2},"end":{"line":18,"column":3}},{"start":{},"end":{}}],"line":16},"1":{"loc":{"start":{"line":37,"column":2},"end":{"line":39,"column":3}},"type":"if","locations":[{"start":{"line":37,"column":2},"end":{"line":39,"column":3}},{"start":{},"end":{}}],"line":37}},"s":{"0":1,"1":1,"2":1,"3":1,"4":1,"5":1,"6":1,"7":6,"8":6,"9":6,"10":1,"11":5,"12":5,"13":1,"14":3,"15":3,"16":3,"17":3,"18":1,"19":2,"20":2,"21":2,"22":1,"23":1,"24":1,"25":2,"26":2,"27":2,"28":1,"29":1,"30":1,"31":2,"32":2,"33":2,"34":1,"35":1,"36":1},"f":{"0":1,"1":6,"2":3,"3":2,"4":2,"5":2},"b":{"0":[1,5],"1":[1,2]},"_coverageSchema":"1a1c01bbd47fc00a2c39e90264f33305004495a9","hash":"1e75c88edd48b5a54207f71f37b17c4bdbea1af4"},"/code/src/Models/CategorySchema.js":{"path":"/code/src/Models/CategorySchema.js","statementMap":{"0":{"start":{"line":1,"column":17},"end":{"line":1,"column":36}},"1":{"start":{"line":3,"column":23},"end":{"line":24,"column":2}},"2":{"start":{"line":26,"column":0},"end":{"line":26,"column":60}}},"fnMap":{},"branchMap":{},"s":{"0":1,"1":1,"2":1},"f":{},"b":{},"_coverageSchema":"1a1c01bbd47fc00a2c39e90264f33305004495a9","hash":"12ffdea0f4cf109be8d2dbeafb14aec82aa96c8c"},"/code/src/Utils/validate.js":{"path":"/code/src/Utils/validate.js","statementMap":{"0":{"start":{"line":1,"column":21},"end":{"line":4,"column":1}},"1":{"start":{"line":2,"column":16},"end":{"line":2,"column":32}},"2":{"start":{"line":3,"column":2},"end":{"line":3,"column":26}},"3":{"start":{"line":6,"column":26},"end":{"line":9,"column":1}},"4":{"start":{"line":7,"column":16},"end":{"line":7,"column":32}},"5":{"start":{"line":8,"column":2},"end":{"line":8,"column":31}},"6":{"start":{"line":11,"column":25},"end":{"line":17,"column":1}},"7":{"start":{"line":12,"column":17},"end":{"line":12,"column":19}},"8":{"start":{"line":13,"column":2},"end":{"line":15,"column":3}},"9":{"start":{"line":14,"column":4},"end":{"line":14,"column":36}},"10":{"start":{"line":16,"column":2},"end":{"line":16,"column":16}},"11":{"start":{"line":19,"column":25},"end":{"line":31,"column":1}},"12":{"start":{"line":20,"column":17},"end":{"line":20,"column":19}},"13":{"start":{"line":22,"column":2},"end":{"line":24,"column":3}},"14":{"start":{"line":23,"column":4},"end":{"line":23,"column":32}},"15":{"start":{"line":24,"column":4},"end":{"line":26,"column":3}},"16":{"start":{"line":25,"column":4},"end":{"line":25,"column":39}},"17":{"start":{"line":26,"column":4},"end":{"line":28,"column":3}},"18":{"start":{"line":27,"column":4},"end":{"line":27,"column":33}},"19":{"start":{"line":30,"column":2},"end":{"line":30,"column":16}},"20":{"start":{"line":33,"column":22},"end":{"line":49,"column":1}},"21":{"start":{"line":34,"column":17},"end":{"line":34,"column":19}},"22":{"start":{"line":36,"column":2},"end":{"line":38,"column":3}},"23":{"start":{"line":37,"column":4},"end":{"line":37,"column":32}},"24":{"start":{"line":38,"column":4},"end":{"line":40,"column":3}},"25":{"start":{"line":39,"column":4},"end":{"line":39,"column":39}},"26":{"start":{"line":40,"column":4},"end":{"line":42,"column":3}},"27":{"start":{"line":41,"column":4},"end":{"line":41,"column":32}},"28":{"start":{"line":42,"column":4},"end":{"line":44,"column":3}},"29":{"start":{"line":43,"column":4},"end":{"line":43,"column":36}},"30":{"start":{"line":44,"column":4},"end":{"line":46,"column":3}},"31":{"start":{"line":45,"column":4},"end":{"line":45,"column":36}},"32":{"start":{"line":48,"column":2},"end":{"line":48,"column":16}},"33":{"start":{"line":51,"column":23},"end":{"line":71,"column":1}},"34":{"start":{"line":54,"column":17},"end":{"line":54,"column":19}},"35":{"start":{"line":56,"column":2},"end":{"line":58,"column":3}},"36":{"start":{"line":57,"column":4},"end":{"line":57,"column":32}},"37":{"start":{"line":58,"column":4},"end":{"line":60,"column":3}},"38":{"start":{"line":59,"column":4},"end":{"line":59,"column":39}},"39":{"start":{"line":60,"column":4},"end":{"line":62,"column":3}},"40":{"start":{"line":61,"column":4},"end":{"line":61,"column":39}},"41":{"start":{"line":62,"column":4},"end":{"line":64,"column":3}},"42":{"start":{"line":63,"column":4},"end":{"line":63,"column":37}},"43":{"start":{"line":64,"column":4},"end":{"line":66,"column":3}},"44":{"start":{"line":65,"column":4},"end":{"line":65,"column":37}},"45":{"start":{"line":66,"column":4},"end":{"line":68,"column":3}},"46":{"start":{"line":67,"column":4},"end":{"line":67,"column":35}},"47":{"start":{"line":70,"column":2},"end":{"line":70,"column":16}},"48":{"start":{"line":73,"column":29},"end":{"line":93,"column":1}},"49":{"start":{"line":76,"column":17},"end":{"line":76,"column":19}},"50":{"start":{"line":78,"column":2},"end":{"line":80,"column":3}},"51":{"start":{"line":79,"column":4},"end":{"line":79,"column":36}},"52":{"start":{"line":80,"column":4},"end":{"line":82,"column":3}},"53":{"start":{"line":81,"column":4},"end":{"line":81,"column":39}},"54":{"start":{"line":82,"column":4},"end":{"line":84,"column":3}},"55":{"start":{"line":83,"column":4},"end":{"line":83,"column":49}},"56":{"start":{"line":84,"column":4},"end":{"line":86,"column":3}},"57":{"start":{"line":85,"column":4},"end":{"line":85,"column":34}},"58":{"start":{"line":86,"column":4},"end":{"line":88,"column":3}},"59":{"start":{"line":87,"column":4},"end":{"line":87,"column":32}},"60":{"start":{"line":88,"column":4},"end":{"line":90,"column":3}},"61":{"start":{"line":89,"column":4},"end":{"line":89,"column":37}},"62":{"start":{"line":92,"column":2},"end":{"line":92,"column":16}},"63":{"start":{"line":95,"column":0},"end":{"line":102,"column":2}}},"fnMap":{"0":{"name":"(anonymous_0)","decl":{"start":{"line":1,"column":21},"end":{"line":1,"column":22}},"loc":{"start":{"line":1,"column":31},"end":{"line":4,"column":1}},"line":1},"1":{"name":"(anonymous_1)","decl":{"start":{"line":6,"column":26},"end":{"line":6,"column":27}},"loc":{"start":{"line":6,"column":41},"end":{"line":9,"column":1}},"line":6},"2":{"name":"(anonymous_2)","decl":{"start":{"line":11,"column":25},"end":{"line":11,"column":26}},"loc":{"start":{"line":11,"column":39},"end":{"line":17,"column":1}},"line":11},"3":{"name":"(anonymous_3)","decl":{"start":{"line":19,"column":25},"end":{"line":19,"column":26}},"loc":{"start":{"line":19,"column":55},"end":{"line":31,"column":1}},"line":19},"4":{"name":"(anonymous_4)","decl":{"start":{"line":33,"column":22},"end":{"line":33,"column":23}},"loc":{"start":{"line":33,"column":71},"end":{"line":49,"column":1}},"line":33},"5":{"name":"(anonymous_5)","decl":{"start":{"line":51,"column":23},"end":{"line":51,"column":24}},"loc":{"start":{"line":53,"column":5},"end":{"line":71,"column":1}},"line":53},"6":{"name":"(anonymous_6)","decl":{"start":{"line":73,"column":29},"end":{"line":73,"column":30}},"loc":{"start":{"line":75,"column":5},"end":{"line":93,"column":1}},"line":75}},"branchMap":{"0":{"loc":{"start":{"line":13,"column":2},"end":{"line":15,"column":3}},"type":"if","locations":[{"start":{"line":13,"column":2},"end":{"line":15,"column":3}},{"start":{},"end":{}}],"line":13},"1":{"loc":{"start":{"line":22,"column":2},"end":{"line":24,"column":3}},"type":"if","locations":[{"start":{"line":22,"column":2},"end":{"line":24,"column":3}},{"start":{},"end":{}}],"line":22},"2":{"loc":{"start":{"line":24,"column":4},"end":{"line":26,"column":3}},"type":"if","locations":[{"start":{"line":24,"column":4},"end":{"line":26,"column":3}},{"start":{},"end":{}}],"line":24},"3":{"loc":{"start":{"line":26,"column":4},"end":{"line":28,"column":3}},"type":"if","locations":[{"start":{"line":26,"column":4},"end":{"line":28,"column":3}},{"start":{},"end":{}}],"line":26},"4":{"loc":{"start":{"line":36,"column":2},"end":{"line":38,"column":3}},"type":"if","locations":[{"start":{"line":36,"column":2},"end":{"line":38,"column":3}},{"start":{},"end":{}}],"line":36},"5":{"loc":{"start":{"line":38,"column":4},"end":{"line":40,"column":3}},"type":"if","locations":[{"start":{"line":38,"column":4},"end":{"line":40,"column":3}},{"start":{},"end":{}}],"line":38},"6":{"loc":{"start":{"line":40,"column":4},"end":{"line":42,"column":3}},"type":"if","locations":[{"start":{"line":40,"column":4},"end":{"line":42,"column":3}},{"start":{},"end":{}}],"line":40},"7":{"loc":{"start":{"line":42,"column":4},"end":{"line":44,"column":3}},"type":"if","locations":[{"start":{"line":42,"column":4},"end":{"line":44,"column":3}},{"start":{},"end":{}}],"line":42},"8":{"loc":{"start":{"line":44,"column":4},"end":{"line":46,"column":3}},"type":"if","locations":[{"start":{"line":44,"column":4},"end":{"line":46,"column":3}},{"start":{},"end":{}}],"line":44},"9":{"loc":{"start":{"line":56,"column":2},"end":{"line":58,"column":3}},"type":"if","locations":[{"start":{"line":56,"column":2},"end":{"line":58,"column":3}},{"start":{},"end":{}}],"line":56},"10":{"loc":{"start":{"line":58,"column":4},"end":{"line":60,"column":3}},"type":"if","locations":[{"start":{"line":58,"column":4},"end":{"line":60,"column":3}},{"start":{},"end":{}}],"line":58},"11":{"loc":{"start":{"line":60,"column":4},"end":{"line":62,"column":3}},"type":"if","locations":[{"start":{"line":60,"column":4},"end":{"line":62,"column":3}},{"start":{},"end":{}}],"line":60},"12":{"loc":{"start":{"line":62,"column":4},"end":{"line":64,"column":3}},"type":"if","locations":[{"start":{"line":62,"column":4},"end":{"line":64,"column":3}},{"start":{},"end":{}}],"line":62},"13":{"loc":{"start":{"line":64,"column":4},"end":{"line":66,"column":3}},"type":"if","locations":[{"start":{"line":64,"column":4},"end":{"line":66,"column":3}},{"start":{},"end":{}}],"line":64},"14":{"loc":{"start":{"line":66,"column":4},"end":{"line":68,"column":3}},"type":"if","locations":[{"start":{"line":66,"column":4},"end":{"line":68,"column":3}},{"start":{},"end":{}}],"line":66},"15":{"loc":{"start":{"line":78,"column":2},"end":{"line":80,"column":3}},"type":"if","locations":[{"start":{"line":78,"column":2},"end":{"line":80,"column":3}},{"start":{},"end":{}}],"line":78},"16":{"loc":{"start":{"line":80,"column":4},"end":{"line":82,"column":3}},"type":"if","locations":[{"start":{"line":80,"column":4},"end":{"line":82,"column":3}},{"start":{},"end":{}}],"line":80},"17":{"loc":{"start":{"line":82,"column":4},"end":{"line":84,"column":3}},"type":"if","locations":[{"start":{"line":82,"column":4},"end":{"line":84,"column":3}},{"start":{},"end":{}}],"line":82},"18":{"loc":{"start":{"line":84,"column":4},"end":{"line":86,"column":3}},"type":"if","locations":[{"start":{"line":84,"column":4},"end":{"line":86,"column":3}},{"start":{},"end":{}}],"line":84},"19":{"loc":{"start":{"line":86,"column":4},"end":{"line":88,"column":3}},"type":"if","locations":[{"start":{"line":86,"column":4},"end":{"line":88,"column":3}},{"start":{},"end":{}}],"line":86},"20":{"loc":{"start":{"line":88,"column":4},"end":{"line":90,"column":3}},"type":"if","locations":[{"start":{"line":88,"column":4},"end":{"line":90,"column":3}},{"start":{},"end":{}}],"line":88}},"s":{"0":1,"1":14,"2":14,"3":1,"4":14,"5":14,"6":1,"7":4,"8":4,"9":2,"10":4,"11":1,"12":9,"13":9,"14":2,"15":9,"16":1,"17":9,"18":1,"19":9,"20":1,"21":5,"22":5,"23":2,"24":5,"25":1,"26":5,"27":1,"28":5,"29":1,"30":5,"31":1,"32":5,"33":1,"34":18,"35":18,"36":2,"37":18,"38":2,"39":18,"40":2,"41":18,"42":2,"43":18,"44":2,"45":18,"46":2,"47":18,"48":1,"49":14,"50":14,"51":2,"52":14,"53":2,"54":14,"55":2,"56":14,"57":2,"58":14,"59":2,"60":14,"61":2,"62":14,"63":1},"f":{"0":14,"1":14,"2":4,"3":9,"4":5,"5":18,"6":14},"b":{"0":[2,2],"1":[2,7],"2":[1,8],"3":[1,8],"4":[2,3],"5":[1,4],"6":[1,4],"7":[1,4],"8":[1,4],"9":[2,16],"10":[2,16],"11":[2,16],"12":[2,16],"13":[2,16],"14":[2,16],"15":[2,12],"16":[2,12],"17":[2,12],"18":[2,12],"19":[2,12],"20":[2,12]},"_coverageSchema":"1a1c01bbd47fc00a2c39e90264f33305004495a9","hash":"12f01e3f8513f29ff2b1e209e970d3ab62f07c37"},"/code/src/Utils/functionsJWT.js":{"path":"/code/src/Utils/functionsJWT.js","statementMap":{"0":{"start":{"line":1,"column":12},"end":{"line":1,"column":35}},"1":{"start":{"line":4,"column":14},"end":{"line":4,"column":43}},"2":{"start":{"line":6,"column":21},"end":{"line":6,"column":39}},"3":{"start":{"line":8,"column":2},"end":{"line":10,"column":3}},"4":{"start":{"line":9,"column":4},"end":{"line":9,"column":23}},"5":{"start":{"line":12,"column":2},"end":{"line":14,"column":3}},"6":{"start":{"line":13,"column":4},"end":{"line":13,"column":99}},"7":{"start":{"line":16,"column":2},"end":{"line":23,"column":5}},"8":{"start":{"line":17,"column":4},"end":{"line":19,"column":5}},"9":{"start":{"line":18,"column":6},"end":{"line":18,"column":110}},"10":{"start":{"line":20,"column":4},"end":{"line":20,"column":28}},"11":{"start":{"line":21,"column":4},"end":{"line":21,"column":11}},"12":{"start":{"line":22,"column":4},"end":{"line":22,"column":21}},"13":{"start":{"line":26,"column":0},"end":{"line":26,"column":31}}},"fnMap":{"0":{"name":"verifyJWT","decl":{"start":{"line":3,"column":9},"end":{"line":3,"column":18}},"loc":{"start":{"line":3,"column":35},"end":{"line":24,"column":1}},"line":3},"1":{"name":"(anonymous_1)","decl":{"start":{"line":16,"column":47},"end":{"line":16,"column":48}},"loc":{"start":{"line":16,"column":65},"end":{"line":23,"column":3}},"line":16}},"branchMap":{"0":{"loc":{"start":{"line":8,"column":2},"end":{"line":10,"column":3}},"type":"if","locations":[{"start":{"line":8,"column":2},"end":{"line":10,"column":3}},{"start":{},"end":{}}],"line":8},"1":{"loc":{"start":{"line":12,"column":2},"end":{"line":14,"column":3}},"type":"if","locations":[{"start":{"line":12,"column":2},"end":{"line":14,"column":3}},{"start":{},"end":{}}],"line":12},"2":{"loc":{"start":{"line":17,"column":4},"end":{"line":19,"column":5}},"type":"if","locations":[{"start":{"line":17,"column":4},"end":{"line":19,"column":5}},{"start":{},"end":{}}],"line":17}},"s":{"0":1,"1":84,"2":84,"3":84,"4":0,"5":84,"6":3,"7":81,"8":81,"9":3,"10":78,"11":78,"12":78,"13":1},"f":{"0":84,"1":81},"b":{"0":[0,84],"1":[3,81],"2":[3,78]},"_coverageSchema":"1a1c01bbd47fc00a2c39e90264f33305004495a9","hash":"69a1a386cc12a5e037b942585f8b403d55381d1e"},"/code/src/Routes/demands.routes.js":{"path":"/code/src/Routes/demands.routes.js","statementMap":{"0":{"start":{"line":1,"column":15},"end":{"line":1,"column":32}},"1":{"start":{"line":2,"column":25},"end":{"line":2,"column":67}},"2":{"start":{"line":3,"column":22},"end":{"line":3,"column":54}},"3":{"start":{"line":4,"column":21},"end":{"line":4,"column":47}},"4":{"start":{"line":6,"column":22},"end":{"line":24,"column":1}},"5":{"start":{"line":7,"column":2},"end":{"line":7,"column":63}},"6":{"start":{"line":8,"column":2},"end":{"line":8,"column":86}},"7":{"start":{"line":9,"column":2},"end":{"line":9,"column":66}},"8":{"start":{"line":10,"column":2},"end":{"line":10,"column":74}},"9":{"start":{"line":11,"column":2},"end":{"line":11,"column":77}},"10":{"start":{"line":12,"column":2},"end":{"line":12,"column":89}},"11":{"start":{"line":13,"column":2},"end":{"line":13,"column":79}},"12":{"start":{"line":14,"column":2},"end":{"line":14,"column":77}},"13":{"start":{"line":15,"column":2},"end":{"line":15,"column":85}},"14":{"start":{"line":16,"column":2},"end":{"line":16,"column":97}},"15":{"start":{"line":17,"column":2},"end":{"line":17,"column":97}},"16":{"start":{"line":18,"column":2},"end":{"line":18,"column":97}},"17":{"start":{"line":19,"column":2},"end":{"line":19,"column":73}},"18":{"start":{"line":20,"column":2},"end":{"line":20,"column":92}},"19":{"start":{"line":21,"column":2},"end":{"line":21,"column":87}},"20":{"start":{"line":22,"column":2},"end":{"line":22,"column":118}},"21":{"start":{"line":23,"column":2},"end":{"line":23,"column":74}},"22":{"start":{"line":26,"column":0},"end":{"line":26,"column":35}}},"fnMap":{"0":{"name":"(anonymous_0)","decl":{"start":{"line":6,"column":22},"end":{"line":6,"column":23}},"loc":{"start":{"line":6,"column":34},"end":{"line":24,"column":1}},"line":6}},"branchMap":{},"s":{"0":1,"1":1,"2":1,"3":1,"4":1,"5":1,"6":1,"7":1,"8":1,"9":1,"10":1,"11":1,"12":1,"13":1,"14":1,"15":1,"16":1,"17":1,"18":1,"19":1,"20":1,"21":1,"22":1},"f":{"0":1},"b":{},"_coverageSchema":"1a1c01bbd47fc00a2c39e90264f33305004495a9","hash":"ee8ffa06f0fdfc1be9655d9875d1938e0fd02b65"},"/code/src/Controllers/DemandController.js":{"path":"/code/src/Controllers/DemandController.js","statementMap":{"0":{"start":{"line":1,"column":17},"end":{"line":1,"column":36}},"1":{"start":{"line":2,"column":15},"end":{"line":2,"column":41}},"2":{"start":{"line":3,"column":11},"end":{"line":3,"column":24}},"3":{"start":{"line":4,"column":14},"end":{"line":4,"column":29}},"4":{"start":{"line":5,"column":15},"end":{"line":5,"column":48}},"5":{"start":{"line":6,"column":17},"end":{"line":6,"column":52}},"6":{"start":{"line":7,"column":19},"end":{"line":7,"column":47}},"7":{"start":{"line":8,"column":23},"end":{"line":8,"column":65}},"8":{"start":{"line":9,"column":20},"end":{"line":9,"column":60}},"9":{"start":{"line":10,"column":22},"end":{"line":10,"column":55}},"10":{"start":{"line":11,"column":13},"end":{"line":11,"column":44}},"11":{"start":{"line":16,"column":4},"end":{"line":16,"column":30}},"12":{"start":{"line":18,"column":34},"end":{"line":65,"column":1}},"13":{"start":{"line":19,"column":2},"end":{"line":64,"column":3}},"14":{"start":{"line":20,"column":18},"end":{"line":20,"column":47}},"15":{"start":{"line":21,"column":21},"end":{"line":21,"column":30}},"16":{"start":{"line":22,"column":31},"end":{"line":22,"column":33}},"17":{"start":{"line":24,"column":20},"end":{"line":24,"column":43}},"18":{"start":{"line":26,"column":4},"end":{"line":28,"column":5}},"19":{"start":{"line":27,"column":6},"end":{"line":27,"column":58}},"20":{"start":{"line":30,"column":4},"end":{"line":34,"column":5}},"21":{"start":{"line":31,"column":6},"end":{"line":31,"column":67}},"22":{"start":{"line":33,"column":6},"end":{"line":33,"column":73}},"23":{"start":{"line":36,"column":4},"end":{"line":60,"column":7}},"24":{"start":{"line":37,"column":6},"end":{"line":58,"column":9}},"25":{"start":{"line":38,"column":8},"end":{"line":56,"column":9}},"26":{"start":{"line":39,"column":35},"end":{"line":53,"column":11}},"27":{"start":{"line":54,"column":10},"end":{"line":54,"column":52}},"28":{"start":{"line":55,"column":10},"end":{"line":55,"column":22}},"29":{"start":{"line":57,"column":8},"end":{"line":57,"column":21}},"30":{"start":{"line":59,"column":6},"end":{"line":59,"column":19}},"31":{"start":{"line":61,"column":4},"end":{"line":61,"column":40}},"32":{"start":{"line":63,"column":4},"end":{"line":63,"column":66}},"33":{"start":{"line":67,"column":18},"end":{"line":79,"column":1}},"34":{"start":{"line":68,"column":19},"end":{"line":68,"column":28}},"35":{"start":{"line":69,"column":2},"end":{"line":72,"column":3}},"36":{"start":{"line":70,"column":20},"end":{"line":70,"column":70}},"37":{"start":{"line":71,"column":4},"end":{"line":71,"column":29}},"38":{"start":{"line":73,"column":2},"end":{"line":76,"column":3}},"39":{"start":{"line":74,"column":20},"end":{"line":74,"column":76}},"40":{"start":{"line":75,"column":4},"end":{"line":75,"column":29}},"41":{"start":{"line":77,"column":18},"end":{"line":77,"column":60}},"42":{"start":{"line":78,"column":2},"end":{"line":78,"column":27}},"43":{"start":{"line":81,"column":35},"end":{"line":184,"column":1}},"44":{"start":{"line":84,"column":6},"end":{"line":84,"column":15}},"45":{"start":{"line":87,"column":2},"end":{"line":93,"column":3}},"46":{"start":{"line":88,"column":4},"end":{"line":88,"column":20}},"47":{"start":{"line":89,"column":9},"end":{"line":93,"column":3}},"48":{"start":{"line":90,"column":4},"end":{"line":90,"column":21}},"49":{"start":{"line":92,"column":4},"end":{"line":92,"column":33}},"50":{"start":{"line":94,"column":28},"end":{"line":94,"column":51}},"51":{"start":{"line":96,"column":25},"end":{"line":113,"column":3}},"52":{"start":{"line":115,"column":2},"end":{"line":176,"column":3}},"53":{"start":{"line":116,"column":4},"end":{"line":173,"column":5}},"54":{"start":{"line":117,"column":6},"end":{"line":141,"column":7}},"55":{"start":{"line":118,"column":27},"end":{"line":118,"column":62}},"56":{"start":{"line":119,"column":8},"end":{"line":129,"column":11}},"57":{"start":{"line":131,"column":8},"end":{"line":140,"column":11}},"58":{"start":{"line":142,"column":6},"end":{"line":146,"column":9}},"59":{"start":{"line":147,"column":11},"end":{"line":173,"column":5}},"60":{"start":{"line":152,"column":25},"end":{"line":152,"column":60}},"61":{"start":{"line":153,"column":6},"end":{"line":162,"column":9}},"62":{"start":{"line":164,"column":6},"end":{"line":172,"column":9}},"63":{"start":{"line":175,"column":4},"end":{"line":175,"column":23}},"64":{"start":{"line":178,"column":2},"end":{"line":183,"column":3}},"65":{"start":{"line":179,"column":23},"end":{"line":179,"column":68}},"66":{"start":{"line":180,"column":4},"end":{"line":180,"column":32}},"67":{"start":{"line":182,"column":4},"end":{"line":182,"column":74}},"68":{"start":{"line":186,"column":32},"end":{"line":245,"column":1}},"69":{"start":{"line":189,"column":6},"end":{"line":189,"column":15}},"70":{"start":{"line":192,"column":2},"end":{"line":198,"column":3}},"71":{"start":{"line":193,"column":4},"end":{"line":193,"column":20}},"72":{"start":{"line":194,"column":9},"end":{"line":198,"column":3}},"73":{"start":{"line":195,"column":4},"end":{"line":195,"column":21}},"74":{"start":{"line":197,"column":4},"end":{"line":197,"column":33}},"75":{"start":{"line":199,"column":28},"end":{"line":199,"column":51}},"76":{"start":{"line":201,"column":25},"end":{"line":208,"column":3}},"77":{"start":{"line":210,"column":2},"end":{"line":236,"column":3}},"78":{"start":{"line":211,"column":4},"end":{"line":225,"column":5}},"79":{"start":{"line":212,"column":23},"end":{"line":212,"column":58}},"80":{"start":{"line":213,"column":6},"end":{"line":222,"column":9}},"81":{"start":{"line":224,"column":6},"end":{"line":224,"column":33}},"82":{"start":{"line":227,"column":4},"end":{"line":235,"column":7}},"83":{"start":{"line":238,"column":2},"end":{"line":244,"column":3}},"84":{"start":{"line":239,"column":23},"end":{"line":239,"column":68}},"85":{"start":{"line":240,"column":4},"end":{"line":240,"column":28}},"86":{"start":{"line":241,"column":4},"end":{"line":241,"column":32}},"87":{"start":{"line":243,"column":4},"end":{"line":243,"column":74}},"88":{"start":{"line":247,"column":21},"end":{"line":317,"column":1}},"89":{"start":{"line":248,"column":2},"end":{"line":316,"column":3}},"90":{"start":{"line":258,"column":8},"end":{"line":258,"column":16}},"91":{"start":{"line":260,"column":24},"end":{"line":267,"column":5}},"92":{"start":{"line":268,"column":4},"end":{"line":270,"column":5}},"93":{"start":{"line":269,"column":6},"end":{"line":269,"column":59}},"94":{"start":{"line":271,"column":18},"end":{"line":271,"column":47}},"95":{"start":{"line":273,"column":17},"end":{"line":273,"column":45}},"96":{"start":{"line":275,"column":4},"end":{"line":277,"column":5}},"97":{"start":{"line":276,"column":6},"end":{"line":276,"column":59}},"98":{"start":{"line":278,"column":17},"end":{"line":280,"column":15}},"99":{"start":{"line":281,"column":28},"end":{"line":281,"column":55}},"100":{"start":{"line":282,"column":4},"end":{"line":286,"column":6}},"101":{"start":{"line":288,"column":22},"end":{"line":307,"column":6}},"102":{"start":{"line":312,"column":4},"end":{"line":312,"column":31}},"103":{"start":{"line":314,"column":4},"end":{"line":314,"column":21}},"104":{"start":{"line":315,"column":4},"end":{"line":315,"column":72}},"105":{"start":{"line":319,"column":21},"end":{"line":370,"column":1}},"106":{"start":{"line":320,"column":17},"end":{"line":320,"column":27}},"107":{"start":{"line":323,"column":6},"end":{"line":323,"column":14}},"108":{"start":{"line":325,"column":22},"end":{"line":332,"column":3}},"109":{"start":{"line":334,"column":2},"end":{"line":336,"column":3}},"110":{"start":{"line":335,"column":4},"end":{"line":335,"column":57}},"111":{"start":{"line":338,"column":2},"end":{"line":369,"column":3}},"112":{"start":{"line":339,"column":18},"end":{"line":339,"column":47}},"113":{"start":{"line":341,"column":17},"end":{"line":341,"column":45}},"114":{"start":{"line":343,"column":4},"end":{"line":345,"column":5}},"115":{"start":{"line":344,"column":6},"end":{"line":344,"column":59}},"116":{"start":{"line":347,"column":26},"end":{"line":347,"column":59}},"117":{"start":{"line":348,"column":25},"end":{"line":365,"column":5}},"118":{"start":{"line":364,"column":15},"end":{"line":364,"column":18}},"119":{"start":{"line":366,"column":4},"end":{"line":366,"column":34}},"120":{"start":{"line":368,"column":4},"end":{"line":368,"column":55}},"121":{"start":{"line":372,"column":21},"end":{"line":397,"column":1}},"122":{"start":{"line":373,"column":17},"end":{"line":373,"column":27}},"123":{"start":{"line":375,"column":2},"end":{"line":396,"column":3}},"124":{"start":{"line":376,"column":24},"end":{"line":376,"column":57}},"125":{"start":{"line":378,"column":19},"end":{"line":378,"column":30}},"126":{"start":{"line":380,"column":4},"end":{"line":380,"column":29}},"127":{"start":{"line":382,"column":25},"end":{"line":392,"column":5}},"128":{"start":{"line":391,"column":18},"end":{"line":391,"column":24}},"129":{"start":{"line":393,"column":4},"end":{"line":393,"column":34}},"130":{"start":{"line":395,"column":4},"end":{"line":395,"column":55}},"131":{"start":{"line":399,"column":17},"end":{"line":407,"column":1}},"132":{"start":{"line":400,"column":17},"end":{"line":400,"column":27}},"133":{"start":{"line":401,"column":2},"end":{"line":406,"column":3}},"134":{"start":{"line":402,"column":19},"end":{"line":402,"column":75}},"135":{"start":{"line":403,"column":4},"end":{"line":403,"column":40}},"136":{"start":{"line":405,"column":4},"end":{"line":405,"column":55}},"137":{"start":{"line":409,"column":27},"end":{"line":444,"column":1}},"138":{"start":{"line":410,"column":17},"end":{"line":410,"column":27}},"139":{"start":{"line":412,"column":23},"end":{"line":412,"column":31}},"140":{"start":{"line":414,"column":22},"end":{"line":414,"column":59}},"141":{"start":{"line":416,"column":2},"end":{"line":418,"column":3}},"142":{"start":{"line":417,"column":4},"end":{"line":417,"column":57}},"143":{"start":{"line":420,"column":2},"end":{"line":443,"column":3}},"144":{"start":{"line":421,"column":24},"end":{"line":421,"column":57}},"145":{"start":{"line":423,"column":4},"end":{"line":423,"column":88}},"146":{"start":{"line":425,"column":4},"end":{"line":427,"column":16}},"147":{"start":{"line":429,"column":25},"end":{"line":439,"column":5}},"148":{"start":{"line":438,"column":16},"end":{"line":438,"column":20}},"149":{"start":{"line":440,"column":4},"end":{"line":440,"column":34}},"150":{"start":{"line":442,"column":4},"end":{"line":442,"column":55}},"151":{"start":{"line":446,"column":22},"end":{"line":482,"column":1}},"152":{"start":{"line":447,"column":17},"end":{"line":447,"column":27}},"153":{"start":{"line":449,"column":23},"end":{"line":449,"column":31}},"154":{"start":{"line":451,"column":21},"end":{"line":451,"column":58}},"155":{"start":{"line":453,"column":2},"end":{"line":455,"column":3}},"156":{"start":{"line":454,"column":4},"end":{"line":454,"column":56}},"157":{"start":{"line":457,"column":2},"end":{"line":481,"column":3}},"158":{"start":{"line":458,"column":24},"end":{"line":458,"column":57}},"159":{"start":{"line":460,"column":4},"end":{"line":468,"column":7}},"160":{"start":{"line":470,"column":25},"end":{"line":477,"column":5}},"161":{"start":{"line":476,"column":16},"end":{"line":476,"column":20}},"162":{"start":{"line":478,"column":4},"end":{"line":478,"column":34}},"163":{"start":{"line":480,"column":4},"end":{"line":480,"column":55}},"164":{"start":{"line":484,"column":27},"end":{"line":540,"column":1}},"165":{"start":{"line":485,"column":17},"end":{"line":485,"column":27}},"166":{"start":{"line":494,"column":6},"end":{"line":494,"column":14}},"167":{"start":{"line":496,"column":22},"end":{"line":503,"column":3}},"168":{"start":{"line":505,"column":2},"end":{"line":507,"column":3}},"169":{"start":{"line":506,"column":4},"end":{"line":506,"column":57}},"170":{"start":{"line":509,"column":2},"end":{"line":539,"column":3}},"171":{"start":{"line":510,"column":24},"end":{"line":510,"column":57}},"172":{"start":{"line":512,"column":4},"end":{"line":525,"column":7}},"173":{"start":{"line":527,"column":25},"end":{"line":534,"column":5}},"174":{"start":{"line":533,"column":16},"end":{"line":533,"column":20}},"175":{"start":{"line":536,"column":4},"end":{"line":536,"column":34}},"176":{"start":{"line":538,"column":4},"end":{"line":538,"column":55}},"177":{"start":{"line":542,"column":27},"end":{"line":589,"column":1}},"178":{"start":{"line":551,"column":6},"end":{"line":551,"column":14}},"179":{"start":{"line":553,"column":22},"end":{"line":560,"column":3}},"180":{"start":{"line":562,"column":2},"end":{"line":564,"column":3}},"181":{"start":{"line":563,"column":4},"end":{"line":563,"column":57}},"182":{"start":{"line":566,"column":2},"end":{"line":588,"column":3}},"183":{"start":{"line":567,"column":18},"end":{"line":584,"column":5}},"184":{"start":{"line":583,"column":16},"end":{"line":583,"column":20}},"185":{"start":{"line":585,"column":4},"end":{"line":585,"column":27}},"186":{"start":{"line":587,"column":4},"end":{"line":587,"column":55}},"187":{"start":{"line":591,"column":27},"end":{"line":624,"column":1}},"188":{"start":{"line":592,"column":17},"end":{"line":592,"column":27}},"189":{"start":{"line":594,"column":27},"end":{"line":594,"column":35}},"190":{"start":{"line":596,"column":2},"end":{"line":623,"column":3}},"191":{"start":{"line":597,"column":19},"end":{"line":597,"column":52}},"192":{"start":{"line":598,"column":23},"end":{"line":600,"column":5}},"193":{"start":{"line":599,"column":18},"end":{"line":599,"column":53}},"194":{"start":{"line":601,"column":23},"end":{"line":601,"column":84}},"195":{"start":{"line":601,"column":55},"end":{"line":601,"column":83}},"196":{"start":{"line":602,"column":4},"end":{"line":610,"column":5}},"197":{"start":{"line":603,"column":21},"end":{"line":603,"column":44}},"198":{"start":{"line":604,"column":25},"end":{"line":604,"column":60}},"199":{"start":{"line":605,"column":23},"end":{"line":605,"column":101}},"200":{"start":{"line":606,"column":6},"end":{"line":608,"column":7}},"201":{"start":{"line":607,"column":8},"end":{"line":607,"column":32}},"202":{"start":{"line":609,"column":6},"end":{"line":609,"column":44}},"203":{"start":{"line":612,"column":25},"end":{"line":619,"column":5}},"204":{"start":{"line":618,"column":16},"end":{"line":618,"column":20}},"205":{"start":{"line":620,"column":4},"end":{"line":620,"column":34}},"206":{"start":{"line":622,"column":4},"end":{"line":622,"column":52}},"207":{"start":{"line":626,"column":16},"end":{"line":662,"column":1}},"208":{"start":{"line":627,"column":17},"end":{"line":627,"column":27}},"209":{"start":{"line":629,"column":2},"end":{"line":661,"column":3}},"210":{"start":{"line":630,"column":16},"end":{"line":630,"column":18}},"211":{"start":{"line":631,"column":18},"end":{"line":631,"column":47}},"212":{"start":{"line":632,"column":24},"end":{"line":632,"column":57}},"213":{"start":{"line":633,"column":24},"end":{"line":654,"column":5}},"214":{"start":{"line":635,"column":21},"end":{"line":635,"column":54}},"215":{"start":{"line":637,"column":8},"end":{"line":640,"column":9}},"216":{"start":{"line":638,"column":10},"end":{"line":638,"column":29}},"217":{"start":{"line":639,"column":10},"end":{"line":639,"column":17}},"218":{"start":{"line":641,"column":8},"end":{"line":652,"column":10}},"219":{"start":{"line":655,"column":4},"end":{"line":657,"column":5}},"220":{"start":{"line":656,"column":6},"end":{"line":656,"column":54}},"221":{"start":{"line":658,"column":4},"end":{"line":658,"column":33}},"222":{"start":{"line":660,"column":4},"end":{"line":660,"column":65}},"223":{"start":{"line":664,"column":29},"end":{"line":668,"column":1}},"224":{"start":{"line":665,"column":18},"end":{"line":665,"column":70}},"225":{"start":{"line":667,"column":2},"end":{"line":667,"column":39}},"226":{"start":{"line":670,"column":16},"end":{"line":684,"column":1}},"227":{"start":{"line":671,"column":21},"end":{"line":671,"column":31}},"228":{"start":{"line":672,"column":2},"end":{"line":683,"column":3}},"229":{"start":{"line":673,"column":23},"end":{"line":673,"column":58}},"230":{"start":{"line":674,"column":19},"end":{"line":674,"column":97}},"231":{"start":{"line":675,"column":4},"end":{"line":677,"column":5}},"232":{"start":{"line":676,"column":6},"end":{"line":676,"column":93}},"233":{"start":{"line":678,"column":17},"end":{"line":678,"column":46}},"234":{"start":{"line":679,"column":4},"end":{"line":679,"column":39}},"235":{"start":{"line":680,"column":4},"end":{"line":680,"column":26}},"236":{"start":{"line":682,"column":4},"end":{"line":682,"column":64}},"237":{"start":{"line":686,"column":19},"end":{"line":738,"column":1}},"238":{"start":{"line":687,"column":2},"end":{"line":737,"column":3}},"239":{"start":{"line":688,"column":19},"end":{"line":688,"column":29}},"240":{"start":{"line":696,"column":8},"end":{"line":696,"column":16}},"241":{"start":{"line":697,"column":17},"end":{"line":697,"column":38}},"242":{"start":{"line":698,"column":21},"end":{"line":698,"column":29}},"243":{"start":{"line":699,"column":17},"end":{"line":699,"column":34}},"244":{"start":{"line":700,"column":20},"end":{"line":707,"column":6}},"245":{"start":{"line":709,"column":24},"end":{"line":711,"column":5}},"246":{"start":{"line":713,"column":4},"end":{"line":715,"column":5}},"247":{"start":{"line":714,"column":6},"end":{"line":714,"column":59}},"248":{"start":{"line":717,"column":24},"end":{"line":717,"column":57}},"249":{"start":{"line":719,"column":4},"end":{"line":729,"column":7}},"250":{"start":{"line":731,"column":4},"end":{"line":733,"column":38}},"251":{"start":{"line":733,"column":32},"end":{"line":733,"column":36}},"252":{"start":{"line":734,"column":4},"end":{"line":734,"column":29}},"253":{"start":{"line":736,"column":4},"end":{"line":736,"column":65}},"254":{"start":{"line":740,"column":0},"end":{"line":758,"column":2}}},"fnMap":{"0":{"name":"(anonymous_0)","decl":{"start":{"line":18,"column":34},"end":{"line":18,"column":35}},"loc":{"start":{"line":18,"column":54},"end":{"line":65,"column":1}},"line":18},"1":{"name":"(anonymous_1)","decl":{"start":{"line":36,"column":16},"end":{"line":36,"column":17}},"loc":{"start":{"line":36,"column":28},"end":{"line":60,"column":5}},"line":36},"2":{"name":"(anonymous_2)","decl":{"start":{"line":37,"column":18},"end":{"line":37,"column":19}},"loc":{"start":{"line":37,"column":30},"end":{"line":58,"column":7}},"line":37},"3":{"name":"(anonymous_3)","decl":{"start":{"line":67,"column":18},"end":{"line":67,"column":19}},"loc":{"start":{"line":67,"column":38},"end":{"line":79,"column":1}},"line":67},"4":{"name":"(anonymous_4)","decl":{"start":{"line":81,"column":35},"end":{"line":81,"column":36}},"loc":{"start":{"line":81,"column":55},"end":{"line":184,"column":1}},"line":81},"5":{"name":"(anonymous_5)","decl":{"start":{"line":186,"column":32},"end":{"line":186,"column":33}},"loc":{"start":{"line":186,"column":52},"end":{"line":245,"column":1}},"line":186},"6":{"name":"(anonymous_6)","decl":{"start":{"line":247,"column":21},"end":{"line":247,"column":22}},"loc":{"start":{"line":247,"column":41},"end":{"line":317,"column":1}},"line":247},"7":{"name":"(anonymous_7)","decl":{"start":{"line":319,"column":21},"end":{"line":319,"column":22}},"loc":{"start":{"line":319,"column":41},"end":{"line":370,"column":1}},"line":319},"8":{"name":"(anonymous_8)","decl":{"start":{"line":364,"column":6},"end":{"line":364,"column":7}},"loc":{"start":{"line":364,"column":15},"end":{"line":364,"column":18}},"line":364},"9":{"name":"(anonymous_9)","decl":{"start":{"line":372,"column":21},"end":{"line":372,"column":22}},"loc":{"start":{"line":372,"column":41},"end":{"line":397,"column":1}},"line":372},"10":{"name":"(anonymous_10)","decl":{"start":{"line":391,"column":6},"end":{"line":391,"column":7}},"loc":{"start":{"line":391,"column":18},"end":{"line":391,"column":24}},"line":391},"11":{"name":"(anonymous_11)","decl":{"start":{"line":399,"column":17},"end":{"line":399,"column":18}},"loc":{"start":{"line":399,"column":37},"end":{"line":407,"column":1}},"line":399},"12":{"name":"(anonymous_12)","decl":{"start":{"line":409,"column":27},"end":{"line":409,"column":28}},"loc":{"start":{"line":409,"column":47},"end":{"line":444,"column":1}},"line":409},"13":{"name":"(anonymous_13)","decl":{"start":{"line":438,"column":6},"end":{"line":438,"column":7}},"loc":{"start":{"line":438,"column":16},"end":{"line":438,"column":20}},"line":438},"14":{"name":"(anonymous_14)","decl":{"start":{"line":446,"column":22},"end":{"line":446,"column":23}},"loc":{"start":{"line":446,"column":42},"end":{"line":482,"column":1}},"line":446},"15":{"name":"(anonymous_15)","decl":{"start":{"line":476,"column":6},"end":{"line":476,"column":7}},"loc":{"start":{"line":476,"column":16},"end":{"line":476,"column":20}},"line":476},"16":{"name":"(anonymous_16)","decl":{"start":{"line":484,"column":27},"end":{"line":484,"column":28}},"loc":{"start":{"line":484,"column":47},"end":{"line":540,"column":1}},"line":484},"17":{"name":"(anonymous_17)","decl":{"start":{"line":533,"column":6},"end":{"line":533,"column":7}},"loc":{"start":{"line":533,"column":16},"end":{"line":533,"column":20}},"line":533},"18":{"name":"(anonymous_18)","decl":{"start":{"line":542,"column":27},"end":{"line":542,"column":28}},"loc":{"start":{"line":542,"column":47},"end":{"line":589,"column":1}},"line":542},"19":{"name":"(anonymous_19)","decl":{"start":{"line":583,"column":6},"end":{"line":583,"column":7}},"loc":{"start":{"line":583,"column":16},"end":{"line":583,"column":20}},"line":583},"20":{"name":"(anonymous_20)","decl":{"start":{"line":591,"column":27},"end":{"line":591,"column":28}},"loc":{"start":{"line":591,"column":47},"end":{"line":624,"column":1}},"line":591},"21":{"name":"(anonymous_21)","decl":{"start":{"line":599,"column":6},"end":{"line":599,"column":7}},"loc":{"start":{"line":599,"column":18},"end":{"line":599,"column":53}},"line":599},"22":{"name":"(anonymous_22)","decl":{"start":{"line":601,"column":48},"end":{"line":601,"column":49}},"loc":{"start":{"line":601,"column":55},"end":{"line":601,"column":83}},"line":601},"23":{"name":"(anonymous_23)","decl":{"start":{"line":618,"column":6},"end":{"line":618,"column":7}},"loc":{"start":{"line":618,"column":16},"end":{"line":618,"column":20}},"line":618},"24":{"name":"(anonymous_24)","decl":{"start":{"line":626,"column":16},"end":{"line":626,"column":17}},"loc":{"start":{"line":626,"column":36},"end":{"line":662,"column":1}},"line":626},"25":{"name":"(anonymous_25)","decl":{"start":{"line":634,"column":36},"end":{"line":634,"column":37}},"loc":{"start":{"line":634,"column":52},"end":{"line":653,"column":7}},"line":634},"26":{"name":"(anonymous_26)","decl":{"start":{"line":664,"column":29},"end":{"line":664,"column":30}},"loc":{"start":{"line":664,"column":49},"end":{"line":668,"column":1}},"line":664},"27":{"name":"(anonymous_27)","decl":{"start":{"line":670,"column":16},"end":{"line":670,"column":17}},"loc":{"start":{"line":670,"column":36},"end":{"line":684,"column":1}},"line":670},"28":{"name":"(anonymous_28)","decl":{"start":{"line":686,"column":19},"end":{"line":686,"column":20}},"loc":{"start":{"line":686,"column":39},"end":{"line":738,"column":1}},"line":686},"29":{"name":"(anonymous_29)","decl":{"start":{"line":733,"column":22},"end":{"line":733,"column":23}},"loc":{"start":{"line":733,"column":32},"end":{"line":733,"column":36}},"line":733}},"branchMap":{"0":{"loc":{"start":{"line":26,"column":4},"end":{"line":28,"column":5}},"type":"if","locations":[{"start":{"line":26,"column":4},"end":{"line":28,"column":5}},{"start":{},"end":{}}],"line":26},"1":{"loc":{"start":{"line":30,"column":4},"end":{"line":34,"column":5}},"type":"if","locations":[{"start":{"line":30,"column":4},"end":{"line":34,"column":5}},{"start":{"line":32,"column":11},"end":{"line":34,"column":5}}],"line":30},"2":{"loc":{"start":{"line":38,"column":8},"end":{"line":56,"column":9}},"type":"if","locations":[{"start":{"line":38,"column":8},"end":{"line":56,"column":9}},{"start":{},"end":{}}],"line":38},"3":{"loc":{"start":{"line":69,"column":2},"end":{"line":72,"column":3}},"type":"if","locations":[{"start":{"line":69,"column":2},"end":{"line":72,"column":3}},{"start":{},"end":{}}],"line":69},"4":{"loc":{"start":{"line":73,"column":2},"end":{"line":76,"column":3}},"type":"if","locations":[{"start":{"line":73,"column":2},"end":{"line":76,"column":3}},{"start":{},"end":{}}],"line":73},"5":{"loc":{"start":{"line":87,"column":2},"end":{"line":93,"column":3}},"type":"if","locations":[{"start":{"line":87,"column":2},"end":{"line":93,"column":3}},{"start":{"line":89,"column":9},"end":{"line":93,"column":3}}],"line":87},"6":{"loc":{"start":{"line":89,"column":9},"end":{"line":93,"column":3}},"type":"if","locations":[{"start":{"line":89,"column":9},"end":{"line":93,"column":3}},{"start":{"line":91,"column":9},"end":{"line":93,"column":3}}],"line":89},"7":{"loc":{"start":{"line":116,"column":4},"end":{"line":173,"column":5}},"type":"if","locations":[{"start":{"line":116,"column":4},"end":{"line":173,"column":5}},{"start":{"line":147,"column":11},"end":{"line":173,"column":5}}],"line":116},"8":{"loc":{"start":{"line":116,"column":8},"end":{"line":116,"column":67}},"type":"binary-expr","locations":[{"start":{"line":116,"column":8},"end":{"line":116,"column":16}},{"start":{"line":116,"column":20},"end":{"line":116,"column":39}},{"start":{"line":116,"column":43},"end":{"line":116,"column":67}}],"line":116},"9":{"loc":{"start":{"line":117,"column":6},"end":{"line":141,"column":7}},"type":"if","locations":[{"start":{"line":117,"column":6},"end":{"line":141,"column":7}},{"start":{"line":130,"column":13},"end":{"line":141,"column":7}}],"line":117},"10":{"loc":{"start":{"line":117,"column":10},"end":{"line":117,"column":75}},"type":"binary-expr","locations":[{"start":{"line":117,"column":10},"end":{"line":117,"column":20}},{"start":{"line":117,"column":24},"end":{"line":117,"column":45}},{"start":{"line":117,"column":49},"end":{"line":117,"column":75}}],"line":117},"11":{"loc":{"start":{"line":147,"column":11},"end":{"line":173,"column":5}},"type":"if","locations":[{"start":{"line":147,"column":11},"end":{"line":173,"column":5}},{"start":{"line":163,"column":11},"end":{"line":173,"column":5}}],"line":147},"12":{"loc":{"start":{"line":148,"column":6},"end":{"line":150,"column":35}},"type":"binary-expr","locations":[{"start":{"line":148,"column":6},"end":{"line":148,"column":16}},{"start":{"line":149,"column":9},"end":{"line":149,"column":30}},{"start":{"line":150,"column":9},"end":{"line":150,"column":35}}],"line":148},"13":{"loc":{"start":{"line":192,"column":2},"end":{"line":198,"column":3}},"type":"if","locations":[{"start":{"line":192,"column":2},"end":{"line":198,"column":3}},{"start":{"line":194,"column":9},"end":{"line":198,"column":3}}],"line":192},"14":{"loc":{"start":{"line":194,"column":9},"end":{"line":198,"column":3}},"type":"if","locations":[{"start":{"line":194,"column":9},"end":{"line":198,"column":3}},{"start":{"line":196,"column":9},"end":{"line":198,"column":3}}],"line":194},"15":{"loc":{"start":{"line":210,"column":2},"end":{"line":236,"column":3}},"type":"if","locations":[{"start":{"line":210,"column":2},"end":{"line":236,"column":3}},{"start":{"line":226,"column":9},"end":{"line":236,"column":3}}],"line":210},"16":{"loc":{"start":{"line":210,"column":6},"end":{"line":210,"column":71}},"type":"binary-expr","locations":[{"start":{"line":210,"column":6},"end":{"line":210,"column":16}},{"start":{"line":210,"column":20},"end":{"line":210,"column":41}},{"start":{"line":210,"column":45},"end":{"line":210,"column":71}}],"line":210},"17":{"loc":{"start":{"line":268,"column":4},"end":{"line":270,"column":5}},"type":"if","locations":[{"start":{"line":268,"column":4},"end":{"line":270,"column":5}},{"start":{},"end":{}}],"line":268},"18":{"loc":{"start":{"line":275,"column":4},"end":{"line":277,"column":5}},"type":"if","locations":[{"start":{"line":275,"column":4},"end":{"line":277,"column":5}},{"start":{},"end":{}}],"line":275},"19":{"loc":{"start":{"line":291,"column":15},"end":{"line":291,"column":28}},"type":"binary-expr","locations":[{"start":{"line":291,"column":15},"end":{"line":291,"column":22}},{"start":{"line":291,"column":26},"end":{"line":291,"column":28}}],"line":291},"20":{"loc":{"start":{"line":305,"column":17},"end":{"line":305,"column":52}},"type":"cond-expr","locations":[{"start":{"line":305,"column":30},"end":{"line":305,"column":45}},{"start":{"line":305,"column":48},"end":{"line":305,"column":52}}],"line":305},"21":{"loc":{"start":{"line":334,"column":2},"end":{"line":336,"column":3}},"type":"if","locations":[{"start":{"line":334,"column":2},"end":{"line":336,"column":3}},{"start":{},"end":{}}],"line":334},"22":{"loc":{"start":{"line":343,"column":4},"end":{"line":345,"column":5}},"type":"if","locations":[{"start":{"line":343,"column":4},"end":{"line":345,"column":5}},{"start":{},"end":{}}],"line":343},"23":{"loc":{"start":{"line":416,"column":2},"end":{"line":418,"column":3}},"type":"if","locations":[{"start":{"line":416,"column":2},"end":{"line":418,"column":3}},{"start":{},"end":{}}],"line":416},"24":{"loc":{"start":{"line":453,"column":2},"end":{"line":455,"column":3}},"type":"if","locations":[{"start":{"line":453,"column":2},"end":{"line":455,"column":3}},{"start":{},"end":{}}],"line":453},"25":{"loc":{"start":{"line":505,"column":2},"end":{"line":507,"column":3}},"type":"if","locations":[{"start":{"line":505,"column":2},"end":{"line":507,"column":3}},{"start":{},"end":{}}],"line":505},"26":{"loc":{"start":{"line":562,"column":2},"end":{"line":564,"column":3}},"type":"if","locations":[{"start":{"line":562,"column":2},"end":{"line":564,"column":3}},{"start":{},"end":{}}],"line":562},"27":{"loc":{"start":{"line":602,"column":4},"end":{"line":610,"column":5}},"type":"if","locations":[{"start":{"line":602,"column":4},"end":{"line":610,"column":5}},{"start":{},"end":{}}],"line":602},"28":{"loc":{"start":{"line":606,"column":6},"end":{"line":608,"column":7}},"type":"if","locations":[{"start":{"line":606,"column":6},"end":{"line":608,"column":7}},{"start":{},"end":{}}],"line":606},"29":{"loc":{"start":{"line":637,"column":8},"end":{"line":640,"column":9}},"type":"if","locations":[{"start":{"line":637,"column":8},"end":{"line":640,"column":9}},{"start":{},"end":{}}],"line":637},"30":{"loc":{"start":{"line":655,"column":4},"end":{"line":657,"column":5}},"type":"if","locations":[{"start":{"line":655,"column":4},"end":{"line":657,"column":5}},{"start":{},"end":{}}],"line":655},"31":{"loc":{"start":{"line":675,"column":4},"end":{"line":677,"column":5}},"type":"if","locations":[{"start":{"line":675,"column":4},"end":{"line":677,"column":5}},{"start":{},"end":{}}],"line":675},"32":{"loc":{"start":{"line":713,"column":4},"end":{"line":715,"column":5}},"type":"if","locations":[{"start":{"line":713,"column":4},"end":{"line":715,"column":5}},{"start":{},"end":{}}],"line":713}},"s":{"0":1,"1":1,"2":1,"3":1,"4":1,"5":1,"6":1,"7":1,"8":1,"9":1,"10":1,"11":1,"12":1,"13":1,"14":1,"15":1,"16":1,"17":1,"18":1,"19":0,"20":1,"21":0,"22":1,"23":1,"24":1,"25":10,"26":5,"27":5,"28":5,"29":5,"30":1,"31":1,"32":0,"33":1,"34":3,"35":3,"36":1,"37":1,"38":2,"39":1,"40":1,"41":1,"42":1,"43":1,"44":3,"45":3,"46":0,"47":3,"48":0,"49":3,"50":3,"51":3,"52":3,"53":3,"54":1,"55":1,"56":1,"57":0,"58":1,"59":2,"60":1,"61":1,"62":1,"63":0,"64":3,"65":3,"66":3,"67":0,"68":1,"69":2,"70":2,"71":0,"72":2,"73":0,"74":2,"75":2,"76":2,"77":2,"78":0,"79":0,"80":0,"81":0,"82":2,"83":2,"84":2,"85":2,"86":2,"87":0,"88":1,"89":11,"90":11,"91":11,"92":11,"93":1,"94":10,"95":10,"96":10,"97":0,"98":10,"99":10,"100":10,"101":10,"102":10,"103":0,"104":0,"105":1,"106":7,"107":7,"108":7,"109":7,"110":6,"111":1,"112":1,"113":1,"114":1,"115":0,"116":1,"117":0,"118":0,"119":0,"120":1,"121":1,"122":3,"123":3,"124":3,"125":2,"126":2,"127":2,"128":2,"129":2,"130":1,"131":1,"132":2,"133":2,"134":2,"135":1,"136":1,"137":1,"138":2,"139":2,"140":2,"141":2,"142":1,"143":1,"144":1,"145":0,"146":0,"147":0,"148":0,"149":0,"150":1,"151":1,"152":2,"153":2,"154":2,"155":2,"156":1,"157":1,"158":1,"159":0,"160":0,"161":0,"162":0,"163":1,"164":1,"165":7,"166":7,"167":7,"168":7,"169":6,"170":1,"171":1,"172":0,"173":0,"174":0,"175":0,"176":1,"177":1,"178":7,"179":7,"180":7,"181":6,"182":1,"183":1,"184":1,"185":1,"186":0,"187":1,"188":1,"189":1,"190":1,"191":1,"192":0,"193":0,"194":0,"195":0,"196":0,"197":0,"198":0,"199":0,"200":0,"201":0,"202":0,"203":0,"204":0,"205":0,"206":1,"207":1,"208":2,"209":2,"210":2,"211":2,"212":2,"213":1,"214":1,"215":1,"216":0,"217":0,"218":1,"219":1,"220":0,"221":1,"222":1,"223":1,"224":1,"225":1,"226":1,"227":0,"228":0,"229":0,"230":0,"231":0,"232":0,"233":0,"234":0,"235":0,"236":0,"237":1,"238":0,"239":0,"240":0,"241":0,"242":0,"243":0,"244":0,"245":0,"246":0,"247":0,"248":0,"249":0,"250":0,"251":0,"252":0,"253":0,"254":1},"f":{"0":1,"1":1,"2":10,"3":3,"4":3,"5":2,"6":11,"7":7,"8":0,"9":3,"10":2,"11":2,"12":2,"13":0,"14":2,"15":0,"16":7,"17":0,"18":7,"19":1,"20":1,"21":0,"22":0,"23":0,"24":2,"25":1,"26":1,"27":0,"28":0,"29":0},"b":{"0":[0,1],"1":[0,1],"2":[5,5],"3":[1,2],"4":[1,1],"5":[0,3],"6":[0,3],"7":[1,2],"8":[3,3,1],"9":[1,0],"10":[1,1,1],"11":[1,1],"12":[2,2,1],"13":[0,2],"14":[0,2],"15":[0,2],"16":[2,1,0],"17":[1,10],"18":[0,10],"19":[10,0],"20":[0,10],"21":[6,1],"22":[0,1],"23":[1,1],"24":[1,1],"25":[6,1],"26":[6,1],"27":[0,0],"28":[0,0],"29":[0,1],"30":[0,1],"31":[0,0],"32":[0,0]},"_coverageSchema":"1a1c01bbd47fc00a2c39e90264f33305004495a9","hash":"bdcde6753ad371ea11486d722b812aef0db39a61"},"/code/src/Models/DemandSchema.js":{"path":"/code/src/Models/DemandSchema.js","statementMap":{"0":{"start":{"line":1,"column":17},"end":{"line":1,"column":36}},"1":{"start":{"line":3,"column":21},"end":{"line":118,"column":2}},"2":{"start":{"line":120,"column":0},"end":{"line":120,"column":56}}},"fnMap":{},"branchMap":{},"s":{"0":1,"1":1,"2":1},"f":{},"b":{},"_coverageSchema":"1a1c01bbd47fc00a2c39e90264f33305004495a9","hash":"482ac67b3b2972495ea663ad7050a1c0d078e8d6"},"/code/src/Services/Axios/clientService.js":{"path":"/code/src/Services/Axios/clientService.js","statementMap":{"0":{"start":{"line":1,"column":23},"end":{"line":1,"column":47}},"1":{"start":{"line":3,"column":19},"end":{"line":13,"column":1}},"2":{"start":{"line":4,"column":2},"end":{"line":12,"column":3}},"3":{"start":{"line":5,"column":20},"end":{"line":7,"column":40}},"4":{"start":{"line":7,"column":26},"end":{"line":7,"column":39}},"5":{"start":{"line":8,"column":4},"end":{"line":8,"column":19}},"6":{"start":{"line":10,"column":4},"end":{"line":10,"column":21}},"7":{"start":{"line":11,"column":4},"end":{"line":11,"column":57}},"8":{"start":{"line":15,"column":26},"end":{"line":31,"column":1}},"9":{"start":{"line":22,"column":15},"end":{"line":22,"column":44}},"10":{"start":{"line":23,"column":19},"end":{"line":29,"column":3}},"11":{"start":{"line":30,"column":2},"end":{"line":30,"column":18}},"12":{"start":{"line":33,"column":0},"end":{"line":36,"column":2}}},"fnMap":{"0":{"name":"(anonymous_0)","decl":{"start":{"line":3,"column":19},"end":{"line":3,"column":20}},"loc":{"start":{"line":3,"column":36},"end":{"line":13,"column":1}},"line":3},"1":{"name":"(anonymous_1)","decl":{"start":{"line":7,"column":12},"end":{"line":7,"column":13}},"loc":{"start":{"line":7,"column":26},"end":{"line":7,"column":39}},"line":7},"2":{"name":"(anonymous_2)","decl":{"start":{"line":15,"column":26},"end":{"line":15,"column":27}},"loc":{"start":{"line":21,"column":5},"end":{"line":31,"column":1}},"line":21}},"branchMap":{"0":{"loc":{"start":{"line":20,"column":2},"end":{"line":20,"column":17}},"type":"default-arg","locations":[{"start":{"line":20,"column":15},"end":{"line":20,"column":17}}],"line":20}},"s":{"0":2,"1":2,"2":2,"3":2,"4":2,"5":2,"6":0,"7":0,"8":2,"9":0,"10":0,"11":0,"12":2},"f":{"0":2,"1":2,"2":0},"b":{"0":[0]},"_coverageSchema":"1a1c01bbd47fc00a2c39e90264f33305004495a9","hash":"e8b2dd65590b8bcc5399379345406436d21feda6"},"/code/src/Services/Axios/baseService.js":{"path":"/code/src/Services/Axios/baseService.js","statementMap":{"0":{"start":{"line":1,"column":14},"end":{"line":1,"column":30}},"1":{"start":{"line":3,"column":35},"end":{"line":3,"column":46}},"2":{"start":{"line":5,"column":19},"end":{"line":7,"column":2}},"3":{"start":{"line":9,"column":17},"end":{"line":11,"column":2}},"4":{"start":{"line":13,"column":0},"end":{"line":16,"column":2}}},"fnMap":{},"branchMap":{},"s":{"0":2,"1":2,"2":2,"3":2,"4":2},"f":{},"b":{},"_coverageSchema":"1a1c01bbd47fc00a2c39e90264f33305004495a9","hash":"47754173545adcaee6b01841150387f871114df4"},"/code/src/Services/Axios/userService.js":{"path":"/code/src/Services/Axios/userService.js","statementMap":{"0":{"start":{"line":1,"column":21},"end":{"line":1,"column":45}},"1":{"start":{"line":3,"column":16},"end":{"line":14,"column":1}},"2":{"start":{"line":4,"column":2},"end":{"line":13,"column":3}},"3":{"start":{"line":5,"column":17},"end":{"line":6,"column":40}},"4":{"start":{"line":6,"column":26},"end":{"line":6,"column":39}},"5":{"start":{"line":7,"column":4},"end":{"line":9,"column":5}},"6":{"start":{"line":8,"column":6},"end":{"line":8,"column":41}},"7":{"start":{"line":10,"column":4},"end":{"line":10,"column":16}},"8":{"start":{"line":12,"column":4},"end":{"line":12,"column":54}},"9":{"start":{"line":16,"column":0},"end":{"line":16,"column":29}}},"fnMap":{"0":{"name":"(anonymous_0)","decl":{"start":{"line":3,"column":16},"end":{"line":3,"column":17}},"loc":{"start":{"line":3,"column":41},"end":{"line":14,"column":1}},"line":3},"1":{"name":"(anonymous_1)","decl":{"start":{"line":6,"column":12},"end":{"line":6,"column":13}},"loc":{"start":{"line":6,"column":26},"end":{"line":6,"column":39}},"line":6}},"branchMap":{"0":{"loc":{"start":{"line":7,"column":4},"end":{"line":9,"column":5}},"type":"if","locations":[{"start":{"line":7,"column":4},"end":{"line":9,"column":5}},{"start":{},"end":{}}],"line":7}},"s":{"0":2,"1":2,"2":13,"3":13,"4":13,"5":13,"6":0,"7":13,"8":0,"9":2},"f":{"0":13,"1":13},"b":{"0":[0,13]},"_coverageSchema":"1a1c01bbd47fc00a2c39e90264f33305004495a9","hash":"3d73f3f3511382cdbc8fe4b5f75a8b4d7fccdaa1"},"/code/src/Utils/verifyChanges.js":{"path":"/code/src/Utils/verifyChanges.js","statementMap":{"0":{"start":{"line":1,"column":15},"end":{"line":1,"column":41}},"1":{"start":{"line":2,"column":15},"end":{"line":2,"column":48}},"2":{"start":{"line":4,"column":21},"end":{"line":13,"column":1}},"3":{"start":{"line":5,"column":15},"end":{"line":5,"column":96}},"4":{"start":{"line":6,"column":2},"end":{"line":12,"column":4}},"5":{"start":{"line":15,"column":20},"end":{"line":20,"column":1}},"6":{"start":{"line":16,"column":2},"end":{"line":18,"column":3}},"7":{"start":{"line":17,"column":4},"end":{"line":17,"column":55}},"8":{"start":{"line":19,"column":2},"end":{"line":19,"column":54}},"9":{"start":{"line":22,"column":36},"end":{"line":39,"column":1}},"10":{"start":{"line":23,"column":15},"end":{"line":23,"column":96}},"11":{"start":{"line":24,"column":25},"end":{"line":24,"column":72}},"12":{"start":{"line":25,"column":2},"end":{"line":38,"column":5}},"13":{"start":{"line":26,"column":19},"end":{"line":26,"column":37}},"14":{"start":{"line":27,"column":19},"end":{"line":27,"column":62}},"15":{"start":{"line":28,"column":4},"end":{"line":36,"column":5}},"16":{"start":{"line":29,"column":6},"end":{"line":35,"column":9}},"17":{"start":{"line":37,"column":4},"end":{"line":37,"column":16}},"18":{"start":{"line":41,"column":28},"end":{"line":51,"column":1}},"19":{"start":{"line":42,"column":2},"end":{"line":44,"column":3}},"20":{"start":{"line":43,"column":4},"end":{"line":43,"column":56}},"21":{"start":{"line":45,"column":2},"end":{"line":47,"column":3}},"22":{"start":{"line":46,"column":4},"end":{"line":46,"column":63}},"23":{"start":{"line":48,"column":2},"end":{"line":50,"column":3}},"24":{"start":{"line":49,"column":4},"end":{"line":49,"column":59}},"25":{"start":{"line":53,"column":22},"end":{"line":61,"column":1}},"26":{"start":{"line":54,"column":17},"end":{"line":54,"column":50}},"27":{"start":{"line":55,"column":21},"end":{"line":55,"column":23}},"28":{"start":{"line":57,"column":2},"end":{"line":57,"column":48}},"29":{"start":{"line":58,"column":2},"end":{"line":58,"column":56}},"30":{"start":{"line":60,"column":2},"end":{"line":60,"column":50}},"31":{"start":{"line":63,"column":0},"end":{"line":63,"column":31}}},"fnMap":{"0":{"name":"(anonymous_0)","decl":{"start":{"line":4,"column":21},"end":{"line":4,"column":22}},"loc":{"start":{"line":4,"column":46},"end":{"line":13,"column":1}},"line":4},"1":{"name":"(anonymous_1)","decl":{"start":{"line":15,"column":20},"end":{"line":15,"column":21}},"loc":{"start":{"line":15,"column":36},"end":{"line":20,"column":1}},"line":15},"2":{"name":"(anonymous_2)","decl":{"start":{"line":22,"column":36},"end":{"line":22,"column":37}},"loc":{"start":{"line":22,"column":66},"end":{"line":39,"column":1}},"line":22},"3":{"name":"(anonymous_3)","decl":{"start":{"line":25,"column":28},"end":{"line":25,"column":29}},"loc":{"start":{"line":25,"column":45},"end":{"line":38,"column":3}},"line":25},"4":{"name":"(anonymous_4)","decl":{"start":{"line":41,"column":28},"end":{"line":41,"column":29}},"loc":{"start":{"line":41,"column":58},"end":{"line":51,"column":1}},"line":41},"5":{"name":"(anonymous_5)","decl":{"start":{"line":53,"column":22},"end":{"line":53,"column":23}},"loc":{"start":{"line":53,"column":42},"end":{"line":61,"column":1}},"line":53}},"branchMap":{"0":{"loc":{"start":{"line":8,"column":12},"end":{"line":8,"column":97}},"type":"cond-expr","locations":[{"start":{"line":8,"column":33},"end":{"line":8,"column":82}},{"start":{"line":8,"column":84},"end":{"line":8,"column":97}}],"line":8},"1":{"loc":{"start":{"line":9,"column":11},"end":{"line":9,"column":92}},"type":"cond-expr","locations":[{"start":{"line":9,"column":32},"end":{"line":9,"column":79}},{"start":{"line":9,"column":81},"end":{"line":9,"column":92}}],"line":9},"2":{"loc":{"start":{"line":16,"column":2},"end":{"line":18,"column":3}},"type":"if","locations":[{"start":{"line":16,"column":2},"end":{"line":18,"column":3}},{"start":{},"end":{}}],"line":16},"3":{"loc":{"start":{"line":26,"column":26},"end":{"line":26,"column":36}},"type":"binary-expr","locations":[{"start":{"line":26,"column":26},"end":{"line":26,"column":30}},{"start":{"line":26,"column":34},"end":{"line":26,"column":36}}],"line":26},"4":{"loc":{"start":{"line":27,"column":26},"end":{"line":27,"column":61}},"type":"binary-expr","locations":[{"start":{"line":27,"column":26},"end":{"line":27,"column":55}},{"start":{"line":27,"column":59},"end":{"line":27,"column":61}}],"line":27},"5":{"loc":{"start":{"line":28,"column":4},"end":{"line":36,"column":5}},"type":"if","locations":[{"start":{"line":28,"column":4},"end":{"line":36,"column":5}},{"start":{},"end":{}}],"line":28},"6":{"loc":{"start":{"line":31,"column":16},"end":{"line":31,"column":53}},"type":"cond-expr","locations":[{"start":{"line":31,"column":38},"end":{"line":31,"column":44}},{"start":{"line":31,"column":47},"end":{"line":31,"column":53}}],"line":31},"7":{"loc":{"start":{"line":32,"column":15},"end":{"line":32,"column":52}},"type":"cond-expr","locations":[{"start":{"line":32,"column":37},"end":{"line":32,"column":43}},{"start":{"line":32,"column":46},"end":{"line":32,"column":52}}],"line":32},"8":{"loc":{"start":{"line":42,"column":2},"end":{"line":44,"column":3}},"type":"if","locations":[{"start":{"line":42,"column":2},"end":{"line":44,"column":3}},{"start":{},"end":{}}],"line":42},"9":{"loc":{"start":{"line":45,"column":2},"end":{"line":47,"column":3}},"type":"if","locations":[{"start":{"line":45,"column":2},"end":{"line":47,"column":3}},{"start":{},"end":{}}],"line":45},"10":{"loc":{"start":{"line":48,"column":2},"end":{"line":50,"column":3}},"type":"if","locations":[{"start":{"line":48,"column":2},"end":{"line":50,"column":3}},{"start":{},"end":{}}],"line":48}},"s":{"0":1,"1":1,"2":1,"3":0,"4":0,"5":1,"6":0,"7":0,"8":0,"9":1,"10":0,"11":0,"12":0,"13":0,"14":0,"15":0,"16":0,"17":0,"18":1,"19":0,"20":0,"21":0,"22":0,"23":0,"24":0,"25":1,"26":1,"27":0,"28":0,"29":0,"30":0,"31":1},"f":{"0":0,"1":0,"2":0,"3":0,"4":0,"5":1},"b":{"0":[0,0],"1":[0,0],"2":[0,0],"3":[0,0],"4":[0,0],"5":[0,0],"6":[0,0],"7":[0,0],"8":[0,0],"9":[0,0],"10":[0,0]},"_coverageSchema":"1a1c01bbd47fc00a2c39e90264f33305004495a9","hash":"21fbc7369870233c79521ddd52b1fcd277ecb51e"},"/code/src/Models/FileSchema.js":{"path":"/code/src/Models/FileSchema.js","statementMap":{"0":{"start":{"line":1,"column":17},"end":{"line":1,"column":36}},"1":{"start":{"line":3,"column":19},"end":{"line":28,"column":2}},"2":{"start":{"line":30,"column":0},"end":{"line":30,"column":52}}},"fnMap":{},"branchMap":{},"s":{"0":1,"1":1,"2":1},"f":{},"b":{},"_coverageSchema":"1a1c01bbd47fc00a2c39e90264f33305004495a9","hash":"da8058dfff8640a7a8da14aa63810f5241e80d85"},"/code/src/Utils/mailer.js":{"path":"/code/src/Utils/mailer.js","statementMap":{"0":{"start":{"line":1,"column":30},"end":{"line":1,"column":72}},"1":{"start":{"line":3,"column":28},"end":{"line":9,"column":1}},"2":{"start":{"line":4,"column":28},"end":{"line":4,"column":59}},"3":{"start":{"line":5,"column":17},"end":{"line":5,"column":72}},"4":{"start":{"line":6,"column":2},"end":{"line":7,"column":54}},"5":{"start":{"line":7,"column":4},"end":{"line":7,"column":54}},"6":{"start":{"line":8,"column":2},"end":{"line":8,"column":18}},"7":{"start":{"line":11,"column":34},"end":{"line":24,"column":1}},"8":{"start":{"line":17,"column":15},"end":{"line":17,"column":31}},"9":{"start":{"line":18,"column":2},"end":{"line":18,"column":56}},"10":{"start":{"line":19,"column":28},"end":{"line":19,"column":76}},"11":{"start":{"line":20,"column":17},"end":{"line":20,"column":89}},"12":{"start":{"line":21,"column":2},"end":{"line":22,"column":54}},"13":{"start":{"line":22,"column":4},"end":{"line":22,"column":54}},"14":{"start":{"line":23,"column":2},"end":{"line":23,"column":18}},"15":{"start":{"line":26,"column":32},"end":{"line":34,"column":1}},"16":{"start":{"line":27,"column":18},"end":{"line":27,"column":33}},"17":{"start":{"line":28,"column":13},"end":{"line":28,"column":15}},"18":{"start":{"line":29,"column":2},"end":{"line":29,"column":56}},"19":{"start":{"line":30,"column":2},"end":{"line":30,"column":15}},"20":{"start":{"line":31,"column":2},"end":{"line":31,"column":35}},"21":{"start":{"line":32,"column":2},"end":{"line":32,"column":47}},"22":{"start":{"line":33,"column":2},"end":{"line":33,"column":27}},"23":{"start":{"line":36,"column":31},"end":{"line":44,"column":1}},"24":{"start":{"line":37,"column":18},"end":{"line":37,"column":45}},"25":{"start":{"line":38,"column":13},"end":{"line":38,"column":15}},"26":{"start":{"line":39,"column":2},"end":{"line":39,"column":79}},"27":{"start":{"line":40,"column":2},"end":{"line":40,"column":15}},"28":{"start":{"line":41,"column":2},"end":{"line":41,"column":35}},"29":{"start":{"line":42,"column":2},"end":{"line":42,"column":47}},"30":{"start":{"line":43,"column":2},"end":{"line":43,"column":27}},"31":{"start":{"line":46,"column":0},"end":{"line":49,"column":2}}},"fnMap":{"0":{"name":"(anonymous_0)","decl":{"start":{"line":3,"column":28},"end":{"line":3,"column":29}},"loc":{"start":{"line":3,"column":63},"end":{"line":9,"column":1}},"line":3},"1":{"name":"(anonymous_1)","decl":{"start":{"line":11,"column":34},"end":{"line":11,"column":35}},"loc":{"start":{"line":16,"column":5},"end":{"line":24,"column":1}},"line":16},"2":{"name":"(anonymous_2)","decl":{"start":{"line":26,"column":32},"end":{"line":26,"column":33}},"loc":{"start":{"line":26,"column":44},"end":{"line":34,"column":1}},"line":26},"3":{"name":"(anonymous_3)","decl":{"start":{"line":36,"column":31},"end":{"line":36,"column":32}},"loc":{"start":{"line":36,"column":61},"end":{"line":44,"column":1}},"line":36}},"branchMap":{"0":{"loc":{"start":{"line":6,"column":2},"end":{"line":7,"column":54}},"type":"if","locations":[{"start":{"line":6,"column":2},"end":{"line":7,"column":54}},{"start":{},"end":{}}],"line":6},"1":{"loc":{"start":{"line":15,"column":2},"end":{"line":15,"column":22}},"type":"default-arg","locations":[{"start":{"line":15,"column":21},"end":{"line":15,"column":22}}],"line":15},"2":{"loc":{"start":{"line":21,"column":2},"end":{"line":22,"column":54}},"type":"if","locations":[{"start":{"line":21,"column":2},"end":{"line":22,"column":54}},{"start":{},"end":{}}],"line":21}},"s":{"0":1,"1":1,"2":0,"3":0,"4":0,"5":0,"6":0,"7":1,"8":0,"9":0,"10":0,"11":0,"12":0,"13":0,"14":0,"15":1,"16":0,"17":0,"18":0,"19":0,"20":0,"21":0,"22":0,"23":1,"24":0,"25":0,"26":0,"27":0,"28":0,"29":0,"30":0,"31":1},"f":{"0":0,"1":0,"2":0,"3":0},"b":{"0":[0,0],"1":[0],"2":[0,0]},"_coverageSchema":"1a1c01bbd47fc00a2c39e90264f33305004495a9","hash":"272361fdafb28c7166fce5ed810fce915ea7e64d"},"/code/src/Utils/multer.js":{"path":"/code/src/Utils/multer.js","statementMap":{"0":{"start":{"line":1,"column":15},"end":{"line":1,"column":32}},"1":{"start":{"line":2,"column":13},"end":{"line":2,"column":28}},"2":{"start":{"line":3,"column":15},"end":{"line":3,"column":32}},"3":{"start":{"line":6,"column":0},"end":{"line":40,"column":2}},"4":{"start":{"line":10,"column":12},"end":{"line":10,"column":77}},"5":{"start":{"line":13,"column":12},"end":{"line":21,"column":15}},"6":{"start":{"line":14,"column":16},"end":{"line":19,"column":17}},"7":{"start":{"line":15,"column":20},"end":{"line":15,"column":28}},"8":{"start":{"line":17,"column":37},"end":{"line":17,"column":83}},"9":{"start":{"line":18,"column":20},"end":{"line":18,"column":39}},"10":{"start":{"line":29,"column":30},"end":{"line":31,"column":9}},"11":{"start":{"line":33,"column":8},"end":{"line":37,"column":9}},"12":{"start":{"line":34,"column":12},"end":{"line":34,"column":27}},"13":{"start":{"line":36,"column":12},"end":{"line":36,"column":44}}},"fnMap":{"0":{"name":"(anonymous_0)","decl":{"start":{"line":9,"column":21},"end":{"line":9,"column":22}},"loc":{"start":{"line":9,"column":39},"end":{"line":11,"column":9}},"line":9},"1":{"name":"(anonymous_1)","decl":{"start":{"line":12,"column":18},"end":{"line":12,"column":19}},"loc":{"start":{"line":12,"column":36},"end":{"line":22,"column":9}},"line":12},"2":{"name":"(anonymous_2)","decl":{"start":{"line":13,"column":34},"end":{"line":13,"column":35}},"loc":{"start":{"line":13,"column":48},"end":{"line":21,"column":13}},"line":13},"3":{"name":"(anonymous_3)","decl":{"start":{"line":28,"column":16},"end":{"line":28,"column":17}},"loc":{"start":{"line":28,"column":35},"end":{"line":38,"column":5}},"line":28}},"branchMap":{"0":{"loc":{"start":{"line":14,"column":16},"end":{"line":19,"column":17}},"type":"if","locations":[{"start":{"line":14,"column":16},"end":{"line":19,"column":17}},{"start":{"line":16,"column":21},"end":{"line":19,"column":17}}],"line":14},"1":{"loc":{"start":{"line":33,"column":8},"end":{"line":37,"column":9}},"type":"if","locations":[{"start":{"line":33,"column":8},"end":{"line":37,"column":9}},{"start":{"line":35,"column":13},"end":{"line":37,"column":9}}],"line":33}},"s":{"0":1,"1":1,"2":1,"3":1,"4":0,"5":0,"6":0,"7":0,"8":0,"9":0,"10":0,"11":0,"12":0,"13":0},"f":{"0":0,"1":0,"2":0,"3":0},"b":{"0":[0,0],"1":[0,0]},"_coverageSchema":"1a1c01bbd47fc00a2c39e90264f33305004495a9","hash":"a105ba6e50245daa8b14c14b5fc8e2dc519e0aaa"},"/code/src/Routes/alerts.routes.js":{"path":"/code/src/Routes/alerts.routes.js","statementMap":{"0":{"start":{"line":1,"column":24},"end":{"line":1,"column":65}},"1":{"start":{"line":2,"column":22},"end":{"line":2,"column":54}},"2":{"start":{"line":4,"column":21},"end":{"line":11,"column":1}},"3":{"start":{"line":5,"column":2},"end":{"line":5,"column":71}},"4":{"start":{"line":6,"column":2},"end":{"line":6,"column":74}},"5":{"start":{"line":7,"column":2},"end":{"line":7,"column":77}},"6":{"start":{"line":8,"column":2},"end":{"line":8,"column":60}},"7":{"start":{"line":9,"column":2},"end":{"line":9,"column":87}},"8":{"start":{"line":10,"column":2},"end":{"line":10,"column":87}},"9":{"start":{"line":13,"column":0},"end":{"line":13,"column":34}}},"fnMap":{"0":{"name":"(anonymous_0)","decl":{"start":{"line":4,"column":21},"end":{"line":4,"column":22}},"loc":{"start":{"line":4,"column":33},"end":{"line":11,"column":1}},"line":4}},"branchMap":{},"s":{"0":1,"1":1,"2":1,"3":1,"4":1,"5":1,"6":1,"7":1,"8":1,"9":1},"f":{"0":1},"b":{},"_coverageSchema":"1a1c01bbd47fc00a2c39e90264f33305004495a9","hash":"47c12e610928b81e7f34b26d53d46afb5087dfea"},"/code/src/Controllers/AlertController.js":{"path":"/code/src/Controllers/AlertController.js","statementMap":{"0":{"start":{"line":1,"column":15},"end":{"line":1,"column":41}},"1":{"start":{"line":2,"column":14},"end":{"line":2,"column":46}},"2":{"start":{"line":3,"column":19},"end":{"line":3,"column":47}},"3":{"start":{"line":5,"column":17},"end":{"line":9,"column":1}},"4":{"start":{"line":6,"column":17},"end":{"line":6,"column":35}},"5":{"start":{"line":8,"column":2},"end":{"line":8,"column":26}},"6":{"start":{"line":11,"column":27},"end":{"line":31,"column":1}},"7":{"start":{"line":12,"column":23},"end":{"line":12,"column":33}},"8":{"start":{"line":14,"column":25},"end":{"line":14,"column":27}},"9":{"start":{"line":15,"column":18},"end":{"line":15,"column":90}},"10":{"start":{"line":16,"column":25},"end":{"line":16,"column":112}},"11":{"start":{"line":18,"column":2},"end":{"line":30,"column":3}},"12":{"start":{"line":19,"column":19},"end":{"line":19,"column":49}},"13":{"start":{"line":20,"column":4},"end":{"line":26,"column":7}},"14":{"start":{"line":21,"column":6},"end":{"line":25,"column":7}},"15":{"start":{"line":22,"column":8},"end":{"line":24,"column":9}},"16":{"start":{"line":23,"column":10},"end":{"line":23,"column":37}},"17":{"start":{"line":27,"column":4},"end":{"line":27,"column":48}},"18":{"start":{"line":29,"column":4},"end":{"line":29,"column":91}},"19":{"start":{"line":33,"column":27},"end":{"line":53,"column":1}},"20":{"start":{"line":34,"column":23},"end":{"line":34,"column":33}},"21":{"start":{"line":36,"column":25},"end":{"line":36,"column":27}},"22":{"start":{"line":37,"column":18},"end":{"line":37,"column":90}},"23":{"start":{"line":38,"column":25},"end":{"line":38,"column":112}},"24":{"start":{"line":40,"column":2},"end":{"line":52,"column":3}},"25":{"start":{"line":41,"column":19},"end":{"line":41,"column":49}},"26":{"start":{"line":42,"column":4},"end":{"line":48,"column":7}},"27":{"start":{"line":43,"column":6},"end":{"line":47,"column":7}},"28":{"start":{"line":44,"column":8},"end":{"line":46,"column":9}},"29":{"start":{"line":45,"column":10},"end":{"line":45,"column":37}},"30":{"start":{"line":49,"column":4},"end":{"line":49,"column":48}},"31":{"start":{"line":51,"column":4},"end":{"line":51,"column":91}},"32":{"start":{"line":55,"column":20},"end":{"line":81,"column":1}},"33":{"start":{"line":58,"column":6},"end":{"line":58,"column":14}},"34":{"start":{"line":60,"column":22},"end":{"line":60,"column":91}},"35":{"start":{"line":62,"column":2},"end":{"line":64,"column":3}},"36":{"start":{"line":63,"column":4},"end":{"line":63,"column":57}},"37":{"start":{"line":66,"column":2},"end":{"line":80,"column":3}},"38":{"start":{"line":67,"column":21},"end":{"line":76,"column":6}},"39":{"start":{"line":77,"column":4},"end":{"line":77,"column":30}},"40":{"start":{"line":79,"column":4},"end":{"line":79,"column":87}},"41":{"start":{"line":83,"column":20},"end":{"line":110,"column":1}},"42":{"start":{"line":84,"column":17},"end":{"line":84,"column":27}},"43":{"start":{"line":87,"column":6},"end":{"line":87,"column":14}},"44":{"start":{"line":89,"column":22},"end":{"line":89,"column":91}},"45":{"start":{"line":91,"column":2},"end":{"line":93,"column":3}},"46":{"start":{"line":92,"column":4},"end":{"line":92,"column":57}},"47":{"start":{"line":95,"column":2},"end":{"line":109,"column":3}},"48":{"start":{"line":96,"column":25},"end":{"line":105,"column":37}},"49":{"start":{"line":105,"column":32},"end":{"line":105,"column":36}},"50":{"start":{"line":106,"column":4},"end":{"line":106,"column":34}},"51":{"start":{"line":108,"column":4},"end":{"line":108,"column":55}},"52":{"start":{"line":112,"column":20},"end":{"line":122,"column":1}},"53":{"start":{"line":113,"column":17},"end":{"line":113,"column":27}},"54":{"start":{"line":115,"column":2},"end":{"line":121,"column":3}},"55":{"start":{"line":116,"column":4},"end":{"line":116,"column":39}},"56":{"start":{"line":118,"column":4},"end":{"line":118,"column":44}},"57":{"start":{"line":120,"column":4},"end":{"line":120,"column":56}},"58":{"start":{"line":124,"column":0},"end":{"line":126,"column":2}}},"fnMap":{"0":{"name":"(anonymous_0)","decl":{"start":{"line":5,"column":17},"end":{"line":5,"column":18}},"loc":{"start":{"line":5,"column":37},"end":{"line":9,"column":1}},"line":5},"1":{"name":"(anonymous_1)","decl":{"start":{"line":11,"column":27},"end":{"line":11,"column":28}},"loc":{"start":{"line":11,"column":47},"end":{"line":31,"column":1}},"line":11},"2":{"name":"(anonymous_2)","decl":{"start":{"line":20,"column":19},"end":{"line":20,"column":20}},"loc":{"start":{"line":20,"column":30},"end":{"line":26,"column":5}},"line":20},"3":{"name":"(anonymous_3)","decl":{"start":{"line":33,"column":27},"end":{"line":33,"column":28}},"loc":{"start":{"line":33,"column":47},"end":{"line":53,"column":1}},"line":33},"4":{"name":"(anonymous_4)","decl":{"start":{"line":42,"column":19},"end":{"line":42,"column":20}},"loc":{"start":{"line":42,"column":30},"end":{"line":48,"column":5}},"line":42},"5":{"name":"(anonymous_5)","decl":{"start":{"line":55,"column":20},"end":{"line":55,"column":21}},"loc":{"start":{"line":55,"column":40},"end":{"line":81,"column":1}},"line":55},"6":{"name":"(anonymous_6)","decl":{"start":{"line":83,"column":20},"end":{"line":83,"column":21}},"loc":{"start":{"line":83,"column":40},"end":{"line":110,"column":1}},"line":83},"7":{"name":"(anonymous_7)","decl":{"start":{"line":105,"column":22},"end":{"line":105,"column":23}},"loc":{"start":{"line":105,"column":32},"end":{"line":105,"column":36}},"line":105},"8":{"name":"(anonymous_8)","decl":{"start":{"line":112,"column":20},"end":{"line":112,"column":21}},"loc":{"start":{"line":112,"column":40},"end":{"line":122,"column":1}},"line":112}},"branchMap":{"0":{"loc":{"start":{"line":21,"column":6},"end":{"line":25,"column":7}},"type":"if","locations":[{"start":{"line":21,"column":6},"end":{"line":25,"column":7}},{"start":{},"end":{}}],"line":21},"1":{"loc":{"start":{"line":22,"column":8},"end":{"line":24,"column":9}},"type":"if","locations":[{"start":{"line":22,"column":8},"end":{"line":24,"column":9}},{"start":{},"end":{}}],"line":22},"2":{"loc":{"start":{"line":43,"column":6},"end":{"line":47,"column":7}},"type":"if","locations":[{"start":{"line":43,"column":6},"end":{"line":47,"column":7}},{"start":{},"end":{}}],"line":43},"3":{"loc":{"start":{"line":43,"column":10},"end":{"line":43,"column":87}},"type":"binary-expr","locations":[{"start":{"line":43,"column":10},"end":{"line":43,"column":59}},{"start":{"line":43,"column":63},"end":{"line":43,"column":87}}],"line":43},"4":{"loc":{"start":{"line":44,"column":8},"end":{"line":46,"column":9}},"type":"if","locations":[{"start":{"line":44,"column":8},"end":{"line":46,"column":9}},{"start":{},"end":{}}],"line":44},"5":{"loc":{"start":{"line":44,"column":12},"end":{"line":44,"column":81}},"type":"binary-expr","locations":[{"start":{"line":44,"column":12},"end":{"line":44,"column":53}},{"start":{"line":44,"column":57},"end":{"line":44,"column":81}}],"line":44},"6":{"loc":{"start":{"line":62,"column":2},"end":{"line":64,"column":3}},"type":"if","locations":[{"start":{"line":62,"column":2},"end":{"line":64,"column":3}},{"start":{},"end":{}}],"line":62},"7":{"loc":{"start":{"line":91,"column":2},"end":{"line":93,"column":3}},"type":"if","locations":[{"start":{"line":91,"column":2},"end":{"line":93,"column":3}},{"start":{},"end":{}}],"line":91}},"s":{"0":1,"1":1,"2":1,"3":1,"4":1,"5":1,"6":1,"7":1,"8":1,"9":1,"10":1,"11":1,"12":1,"13":1,"14":1,"15":1,"16":1,"17":1,"18":0,"19":1,"20":1,"21":1,"22":1,"23":1,"24":1,"25":1,"26":1,"27":1,"28":1,"29":1,"30":1,"31":0,"32":1,"33":2,"34":2,"35":2,"36":1,"37":1,"38":1,"39":1,"40":0,"41":1,"42":3,"43":3,"44":3,"45":3,"46":1,"47":2,"48":2,"49":2,"50":1,"51":1,"52":1,"53":2,"54":2,"55":2,"56":1,"57":1,"58":1},"f":{"0":1,"1":1,"2":1,"3":1,"4":1,"5":2,"6":3,"7":2,"8":2},"b":{"0":[1,0],"1":[1,0],"2":[1,0],"3":[1,0],"4":[1,0],"5":[1,0],"6":[1,1],"7":[1,2]},"_coverageSchema":"1a1c01bbd47fc00a2c39e90264f33305004495a9","hash":"571e466d33e209b925975f22c072f67c84d4ce67"},"/code/src/Models/AlertSchema.js":{"path":"/code/src/Models/AlertSchema.js","statementMap":{"0":{"start":{"line":1,"column":17},"end":{"line":1,"column":36}},"1":{"start":{"line":3,"column":20},"end":{"line":42,"column":2}},"2":{"start":{"line":44,"column":0},"end":{"line":44,"column":54}}},"fnMap":{},"branchMap":{},"s":{"0":1,"1":1,"2":1},"f":{},"b":{},"_coverageSchema":"1a1c01bbd47fc00a2c39e90264f33305004495a9","hash":"62372c19abc9eefcaec04e25382f89c454a99b86"}}}